[0.012s] Invoking command in '/home/jashwanth/arduinobot_ws/build/arduinobot_remote': AMENT_PREFIX_PATH=/home/jashwanth/arduinobot_ws/install/arduinobot_moveit:/home/jashwanth/arduinobot_ws/install/arduinobot_msgs:/home/jashwanth/arduinobot_ws/install/arduinobot_description:${AMENT_PREFIX_PATH} CMAKE_PREFIX_PATH=/home/jashwanth/arduinobot_ws/install/arduinobot_moveit:/home/jashwanth/arduinobot_ws/install/arduinobot_msgs:/home/jashwanth/arduinobot_ws/install/arduinobot_description:/opt/ros/jazzy/opt/gz_launch_vendor:/opt/ros/jazzy/opt/gz_sim_vendor:/opt/ros/jazzy/opt/gz_sensors_vendor:/opt/ros/jazzy/opt/gz_physics_vendor:/opt/ros/jazzy/opt/sdformat_vendor:/opt/ros/jazzy/opt/gz_gui_vendor:/opt/ros/jazzy/opt/gz_transport_vendor:/opt/ros/jazzy/opt/gz_rendering_vendor:/opt/ros/jazzy/opt/gz_plugin_vendor:/opt/ros/jazzy/opt/gz_fuel_tools_vendor:/opt/ros/jazzy/opt/gz_msgs_vendor:/opt/ros/jazzy/opt/gz_common_vendor:/opt/ros/jazzy/opt/gz_math_vendor:/opt/ros/jazzy/opt/gz_utils_vendor:/opt/ros/jazzy/opt/gz_tools_vendor:/opt/ros/jazzy/opt/gz_ogre_next_vendor:/opt/ros/jazzy/opt/gz_dartsim_vendor:/opt/ros/jazzy/opt/gz_cmake_vendor:/opt/ros/jazzy DEBUGINFOD_URLS=https://debuginfod.ubuntu.com LD_LIBRARY_PATH=/home/jashwanth/arduinobot_ws/install/arduinobot_msgs/lib:${LD_LIBRARY_PATH} PYTHONPATH=/home/jashwanth/arduinobot_ws/install/arduinobot_msgs/lib/python3.12/site-packages:${PYTHONPATH} /usr/bin/cmake --build /home/jashwanth/arduinobot_ws/build/arduinobot_remote -- -j20 -l20
[0.073s] [ 50%] Built target task_server_node
[0.074s] [ 75%] [32mBuilding CXX object CMakeFiles/task_server.dir/src/task_server.cpp.o[0m
[0.698s] [ 75%] Built target ament_cmake_python_copy_arduinobot_remote
[0.837s] running egg_info
[0.849s] writing arduinobot_remote.egg-info/PKG-INFO
[0.849s] writing dependency_links to arduinobot_remote.egg-info/dependency_links.txt
[0.849s] writing top-level names to arduinobot_remote.egg-info/top_level.txt
[0.883s] reading manifest file 'arduinobot_remote.egg-info/SOURCES.txt'
[0.883s] writing manifest file 'arduinobot_remote.egg-info/SOURCES.txt'
[0.904s] [ 75%] Built target ament_cmake_python_build_arduinobot_remote_egg
[2.795s] [01m[K/home/jashwanth/arduinobot_ws/src/arduinobot_remote/src/task_server.cpp:[m[K In member function â€˜[01m[Kvoid arduinobot_remote::TaskServer::[01;32m[KperformScanningSequence[m[K()[m[Kâ€™:
[2.795s] [01m[K/home/jashwanth/arduinobot_ws/src/arduinobot_remote/src/task_server.cpp:557:29:[m[K [01;31m[Kerror: [m[Kâ€˜[01m[Kclass moveit::core::MoveItErrorCode[m[Kâ€™ has no member named â€˜[01m[Kwait_for[m[Kâ€™
[2.795s]   557 |             if (move_result.[01;31m[Kwait_for[m[K(std::chrono::milliseconds(0)) == std::future_status::ready) {
[2.795s]       |                             [01;31m[K^~~~~~~~[m[K
[2.795s] [01m[K/home/jashwanth/arduinobot_ws/src/arduinobot_remote/src/task_server.cpp:558:43:[m[K [01;31m[Kerror: [m[Kâ€˜[01m[Kclass moveit::core::MoveItErrorCode[m[Kâ€™ has no member named â€˜[01m[Kget[m[Kâ€™
[2.795s]   558 |               move_success = (move_result.[01;31m[Kget[m[K() == moveit::core::MoveItErrorCode::SUCCESS);
[2.795s]       |                                           [01;31m[K^~~[m[K
[2.795s] [01m[K/home/jashwanth/arduinobot_ws/src/arduinobot_remote/src/task_server.cpp:574:41:[m[K [01;31m[Kerror: [m[Kâ€˜[01m[Kclass moveit::core::MoveItErrorCode[m[Kâ€™ has no member named â€˜[01m[Kget[m[Kâ€™
[2.795s]   574 |             move_success = (move_result.[01;31m[Kget[m[K() == moveit::core::MoveItErrorCode::SUCCESS);
[2.795s]       |                                         [01;31m[K^~~[m[K
[5.665s] gmake[2]: *** [CMakeFiles/task_server.dir/build.make:76: CMakeFiles/task_server.dir/src/task_server.cpp.o] Error 1
[5.665s] gmake[1]: *** [CMakeFiles/Makefile2:142: CMakeFiles/task_server.dir/all] Error 2
[5.665s] gmake: *** [Makefile:146: all] Error 2
[5.667s] Invoked command in '/home/jashwanth/arduinobot_ws/build/arduinobot_remote' returned '2': AMENT_PREFIX_PATH=/home/jashwanth/arduinobot_ws/install/arduinobot_moveit:/home/jashwanth/arduinobot_ws/install/arduinobot_msgs:/home/jashwanth/arduinobot_ws/install/arduinobot_description:${AMENT_PREFIX_PATH} CMAKE_PREFIX_PATH=/home/jashwanth/arduinobot_ws/install/arduinobot_moveit:/home/jashwanth/arduinobot_ws/install/arduinobot_msgs:/home/jashwanth/arduinobot_ws/install/arduinobot_description:/opt/ros/jazzy/opt/gz_launch_vendor:/opt/ros/jazzy/opt/gz_sim_vendor:/opt/ros/jazzy/opt/gz_sensors_vendor:/opt/ros/jazzy/opt/gz_physics_vendor:/opt/ros/jazzy/opt/sdformat_vendor:/opt/ros/jazzy/opt/gz_gui_vendor:/opt/ros/jazzy/opt/gz_transport_vendor:/opt/ros/jazzy/opt/gz_rendering_vendor:/opt/ros/jazzy/opt/gz_plugin_vendor:/opt/ros/jazzy/opt/gz_fuel_tools_vendor:/opt/ros/jazzy/opt/gz_msgs_vendor:/opt/ros/jazzy/opt/gz_common_vendor:/opt/ros/jazzy/opt/gz_math_vendor:/opt/ros/jazzy/opt/gz_utils_vendor:/opt/ros/jazzy/opt/gz_tools_vendor:/opt/ros/jazzy/opt/gz_ogre_next_vendor:/opt/ros/jazzy/opt/gz_dartsim_vendor:/opt/ros/jazzy/opt/gz_cmake_vendor:/opt/ros/jazzy DEBUGINFOD_URLS=https://debuginfod.ubuntu.com LD_LIBRARY_PATH=/home/jashwanth/arduinobot_ws/install/arduinobot_msgs/lib:${LD_LIBRARY_PATH} PYTHONPATH=/home/jashwanth/arduinobot_ws/install/arduinobot_msgs/lib/python3.12/site-packages:${PYTHONPATH} /usr/bin/cmake --build /home/jashwanth/arduinobot_ws/build/arduinobot_remote -- -j20 -l20
