[ 50%] Built target task_server_node
[ 75%] [32mBuilding CXX object CMakeFiles/task_server.dir/src/task_server.cpp.o[0m
[ 75%] Built target ament_cmake_python_copy_arduinobot_remote
running egg_info
writing arduinobot_remote.egg-info/PKG-INFO
writing dependency_links to arduinobot_remote.egg-info/dependency_links.txt
writing top-level names to arduinobot_remote.egg-info/top_level.txt
reading manifest file 'arduinobot_remote.egg-info/SOURCES.txt'
writing manifest file 'arduinobot_remote.egg-info/SOURCES.txt'
[ 75%] Built target ament_cmake_python_build_arduinobot_remote_egg
[01m[K/home/jashwanth/arduinobot_ws/src/arduinobot_remote/src/task_server.cpp:254:6:[m[K [01;31m[Kerror: [m[Kexpected â€˜[01m[K;[m[Kâ€™ after class definition
  254 |     }
      |      [01;31m[K^[m[K
      |      [32m[K;[m[K
[01m[K/home/jashwanth/arduinobot_ws/src/arduinobot_remote/src/task_server.cpp:[m[K In constructor â€˜[01m[Karduinobot_remote::TaskServer::[01;32m[KTaskServer[m[K(const rclcpp::NodeOptions&)[m[Kâ€™:
[01m[K/home/jashwanth/arduinobot_ws/src/arduinobot_remote/src/task_server.cpp:33:53:[m[K [01;31m[Kerror: [m[Kâ€˜[01m[KgoalCallback[m[Kâ€™ is not a member of â€˜[01m[Karduinobot_remote::TaskServer[m[Kâ€™
   33 |         this, "task_server", std::bind(&TaskServer::[01;31m[KgoalCallback[m[K, this, _1, _2),
      |                                                     [01;31m[K^~~~~~~~~~~~[m[K
[01m[K/home/jashwanth/arduinobot_ws/src/arduinobot_remote/src/task_server.cpp:34:32:[m[K [01;31m[Kerror: [m[Kâ€˜[01m[KcancelCallback[m[Kâ€™ is not a member of â€˜[01m[Karduinobot_remote::TaskServer[m[Kâ€™
   34 |         std::bind(&TaskServer::[01;31m[KcancelCallback[m[K, this, _1),
      |                                [01;31m[K^~~~~~~~~~~~~~[m[K
[01m[K/home/jashwanth/arduinobot_ws/src/arduinobot_remote/src/task_server.cpp:35:32:[m[K [01;31m[Kerror: [m[Kâ€˜[01m[KacceptedCallback[m[Kâ€™ is not a member of â€˜[01m[Karduinobot_remote::TaskServer[m[Kâ€™
   35 |         std::bind(&TaskServer::[01;31m[KacceptedCallback[m[K, this, _1));
      |                                [01;31m[K^~~~~~~~~~~~~~~~[m[K
In file included from [01m[K/opt/ros/jazzy/include/rclcpp/rclcpp/copy_all_parameter_values.hpp:27[m[K,
                 from [01m[K/opt/ros/jazzy/include/rclcpp/rclcpp/rclcpp.hpp:171[m[K,
                 from [01m[K/home/jashwanth/arduinobot_ws/src/arduinobot_remote/src/task_server.cpp:1[m[K:
[01m[K/home/jashwanth/arduinobot_ws/src/arduinobot_remote/src/task_server.cpp:[m[K In function â€˜[01m[Kvoid[01;32m[K performScanningSequence[m[K()[m[Kâ€™:
[01m[K/home/jashwanth/arduinobot_ws/src/arduinobot_remote/src/task_server.cpp:259:17:[m[K [01;31m[Kerror: [m[Kâ€˜[01m[Kget_logger[m[Kâ€™ was not declared in this scope; did you mean â€˜[01m[Krclcpp::get_logger[m[Kâ€™?
  259 |     RCLCPP_INFO([01;31m[Kget_logger[m[K(), "Starting 360-degree scanning sequence");
      |                 [01;31m[K^~~~~~~~~~[m[K
In file included from [01m[K/opt/ros/jazzy/include/rclcpp/rclcpp/copy_all_parameter_values.hpp:26[m[K:
[01m[K/opt/ros/jazzy/include/rclcpp/rclcpp/logger.hpp:107:17:[m[K [01;36m[Knote: [m[Kâ€˜[01m[Krclcpp::get_logger[m[Kâ€™ declared here
  107 |   friend Logger [01;36m[Krclcpp[m[K::get_logger(const std::string & name);
      |                 [01;36m[K^~~~~~[m[K
[01m[K/home/jashwanth/arduinobot_ws/src/arduinobot_remote/src/task_server.cpp:259:5:[m[K [01;31m[Kerror: [m[Ktemplate argument 1 is invalid
  259 |     [01;31m[KRCLCPP_INFO[m[K(get_logger(), "Starting 360-degree scanning sequence");
      |     [01;31m[K^~~~~~~~~~~[m[K
[01m[K/home/jashwanth/arduinobot_ws/src/arduinobot_remote/src/task_server.cpp:262:5:[m[K [01;31m[Kerror: [m[Kâ€˜[01m[Kobject_detected_[m[Kâ€™ was not declared in this scope
  262 |     [01;31m[Kobject_detected_[m[K = false;
      |     [01;31m[K^~~~~~~~~~~~~~~~[m[K
[01m[K/home/jashwanth/arduinobot_ws/src/arduinobot_remote/src/task_server.cpp:263:5:[m[K [01;31m[Kerror: [m[Kâ€˜[01m[Kdetected_object_color_[m[Kâ€™ was not declared in this scope
  263 |     [01;31m[Kdetected_object_color_[m[K = "";
      |     [01;31m[K^~~~~~~~~~~~~~~~~~~~~~[m[K
[01m[K/home/jashwanth/arduinobot_ws/src/arduinobot_remote/src/task_server.cpp:266:9:[m[K [01;31m[Kerror: [m[Kâ€˜[01m[Karm_move_group_[m[Kâ€™ was not declared in this scope
  266 |     if(![01;31m[Karm_move_group_[m[K){
      |         [01;31m[K^~~~~~~~~~~~~~~[m[K
[01m[K/home/jashwanth/arduinobot_ws/src/arduinobot_remote/src/task_server.cpp:267:90:[m[K [01;31m[Kerror: [m[Kâ€˜[01m[Kshared_from_this[m[Kâ€™ was not declared in this scope
  267 |       arm_move_group_ = std::make_shared<moveit::planning_interface::MoveGroupInterface>([01;31m[Kshared_from_this[m[K(), "arm");
      |                                                                                          [01;31m[K^~~~~~~~~~~~~~~~[m[K
[01m[K/home/jashwanth/arduinobot_ws/src/arduinobot_remote/src/task_server.cpp:269:9:[m[K [01;31m[Kerror: [m[Kâ€˜[01m[Kgripper_move_group_[m[Kâ€™ was not declared in this scope
  269 |     if(![01;31m[Kgripper_move_group_[m[K){
      |         [01;31m[K^~~~~~~~~~~~~~~~~~~[m[K
[01m[K/home/jashwanth/arduinobot_ws/src/arduinobot_remote/src/task_server.cpp:270:94:[m[K [01;31m[Kerror: [m[Kâ€˜[01m[Kshared_from_this[m[Kâ€™ was not declared in this scope
  270 |       gripper_move_group_ = std::make_shared<moveit::planning_interface::MoveGroupInterface>([01;31m[Kshared_from_this[m[K(), "gripper");
      |                                                                                              [01;31m[K^~~~~~~~~~~~~~~~[m[K
[01m[K/home/jashwanth/arduinobot_ws/src/arduinobot_remote/src/task_server.cpp:275:5:[m[K [01;31m[Kerror: [m[Kâ€˜[01m[Kgripper_move_group_[m[Kâ€™ was not declared in this scope
  275 |     [01;31m[Kgripper_move_group_[m[K->setStartState(*gripper_move_group_->getCurrentState());
      |     [01;31m[K^~~~~~~~~~~~~~~~~~~[m[K
[01m[K/home/jashwanth/arduinobot_ws/src/arduinobot_remote/src/task_server.cpp:303:21:[m[K [01;31m[Kerror: [m[Kâ€˜[01m[Kget_logger[m[Kâ€™ was not declared in this scope; did you mean â€˜[01m[Krclcpp::get_logger[m[Kâ€™?
  303 |         RCLCPP_INFO([01;31m[Kget_logger[m[K(), "Object detected! Stopping scan and initiating pick sequence");
      |                     [01;31m[K^~~~~~~~~~[m[K
[01m[K/opt/ros/jazzy/include/rclcpp/rclcpp/logger.hpp:107:17:[m[K [01;36m[Knote: [m[Kâ€˜[01m[Krclcpp::get_logger[m[Kâ€™ declared here
  107 |   friend Logger [01;36m[Krclcpp[m[K::get_logger(const std::string & name);
      |                 [01;36m[K^~~~~~[m[K
[01m[K/home/jashwanth/arduinobot_ws/src/arduinobot_remote/src/task_server.cpp:303:9:[m[K [01;31m[Kerror: [m[Ktemplate argument 1 is invalid
  303 |         [01;31m[KRCLCPP_INFO[m[K(get_logger(), "Object detected! Stopping scan and initiating pick sequence");
      |         [01;31m[K^~~~~~~~~~~[m[K
[01m[K/home/jashwanth/arduinobot_ws/src/arduinobot_remote/src/task_server.cpp:304:9:[m[K [01;31m[Kerror: [m[Kâ€˜[01m[KperformPickSequence[m[Kâ€™ was not declared in this scope; did you mean â€˜[01m[KperformScanningSequence[m[Kâ€™?
  304 |         [01;31m[KperformPickSequence[m[K();
      |         [01;31m[K^~~~~~~~~~~~~~~~~~~[m[K
      |         [32m[KperformScanningSequence[m[K
[01m[K/home/jashwanth/arduinobot_ws/src/arduinobot_remote/src/task_server.cpp:308:19:[m[K [01;31m[Kerror: [m[Kâ€˜[01m[Kget_logger[m[Kâ€™ was not declared in this scope; did you mean â€˜[01m[Krclcpp::get_logger[m[Kâ€™?
  308 |       RCLCPP_INFO([01;31m[Kget_logger[m[K(), "Scanning position %zu/%zu", i + 1, scan_positions.size());
      |                   [01;31m[K^~~~~~~~~~[m[K
[01m[K/opt/ros/jazzy/include/rclcpp/rclcpp/logger.hpp:107:17:[m[K [01;36m[Knote: [m[Kâ€˜[01m[Krclcpp::get_logger[m[Kâ€™ declared here
  107 |   friend Logger [01;36m[Krclcpp[m[K::get_logger(const std::string & name);
      |                 [01;36m[K^~~~~~[m[K
[01m[K/home/jashwanth/arduinobot_ws/src/arduinobot_remote/src/task_server.cpp:308:7:[m[K [01;31m[Kerror: [m[Ktemplate argument 1 is invalid
  308 |       [01;31m[KRCLCPP_INFO[m[K(get_logger(), "Scanning position %zu/%zu", i + 1, scan_positions.size());
      |       [01;31m[K^~~~~~~~~~~[m[K
[01m[K/home/jashwanth/arduinobot_ws/src/arduinobot_remote/src/task_server.cpp:311:7:[m[K [01;31m[Kerror: [m[Kâ€˜[01m[Karm_move_group_[m[Kâ€™ was not declared in this scope
  311 |       [01;31m[Karm_move_group_[m[K->setStartState(*arm_move_group_->getCurrentState());
      |       [01;31m[K^~~~~~~~~~~~~~~[m[K
[01m[K/home/jashwanth/arduinobot_ws/src/arduinobot_remote/src/task_server.cpp:316:21:[m[K [01;31m[Kerror: [m[Kâ€˜[01m[Kget_logger[m[Kâ€™ was not declared in this scope; did you mean â€˜[01m[Krclcpp::get_logger[m[Kâ€™?
  316 |         RCLCPP_WARN([01;31m[Kget_logger[m[K(), "Scan position %zu out of bounds, skipping", i + 1);
      |                     [01;31m[K^~~~~~~~~~[m[K
[01m[K/opt/ros/jazzy/include/rclcpp/rclcpp/logger.hpp:107:17:[m[K [01;36m[Knote: [m[Kâ€˜[01m[Krclcpp::get_logger[m[Kâ€™ declared here
  107 |   friend Logger [01;36m[Krclcpp[m[K::get_logger(const std::string & name);
      |                 [01;36m[K^~~~~~[m[K
[01m[K/home/jashwanth/arduinobot_ws/src/arduinobot_remote/src/task_server.cpp:316:9:[m[K [01;31m[Kerror: [m[Ktemplate argument 1 is invalid
  316 |         [01;31m[KRCLCPP_WARN[m[K(get_logger(), "Scan position %zu out of bounds, skipping", i + 1);
      |         [01;31m[K^~~~~~~~~~~[m[K
[01m[K/home/jashwanth/arduinobot_ws/src/arduinobot_remote/src/task_server.cpp:331:23:[m[K [01;31m[Kerror: [m[Kâ€˜[01m[Kget_logger[m[Kâ€™ was not declared in this scope; did you mean â€˜[01m[Krclcpp::get_logger[m[Kâ€™?
  331 |           RCLCPP_INFO([01;31m[Kget_logger[m[K(), "Object detected at position %zu! Initiating pick", i + 1);
      |                       [01;31m[K^~~~~~~~~~[m[K
[01m[K/opt/ros/jazzy/include/rclcpp/rclcpp/logger.hpp:107:17:[m[K [01;36m[Knote: [m[Kâ€˜[01m[Krclcpp::get_logger[m[Kâ€™ declared here
  107 |   friend Logger [01;36m[Krclcpp[m[K::get_logger(const std::string & name);
      |                 [01;36m[K^~~~~~[m[K
[01m[K/home/jashwanth/arduinobot_ws/src/arduinobot_remote/src/task_server.cpp:331:11:[m[K [01;31m[Kerror: [m[Ktemplate argument 1 is invalid
  331 |           [01;31m[KRCLCPP_INFO[m[K(get_logger(), "Object detected at position %zu! Initiating pick", i + 1);
      |           [01;31m[K^~~~~~~~~~~[m[K
[01m[K/home/jashwanth/arduinobot_ws/src/arduinobot_remote/src/task_server.cpp:332:11:[m[K [01;31m[Kerror: [m[Kâ€˜[01m[KperformPickSequence[m[Kâ€™ was not declared in this scope; did you mean â€˜[01m[KperformScanningSequence[m[Kâ€™?
  332 |           [01;31m[KperformPickSequence[m[K();
      |           [01;31m[K^~~~~~~~~~~~~~~~~~~[m[K
      |           [32m[KperformScanningSequence[m[K
[01m[K/home/jashwanth/arduinobot_ws/src/arduinobot_remote/src/task_server.cpp:338:22:[m[K [01;31m[Kerror: [m[Kâ€˜[01m[Kget_logger[m[Kâ€™ was not declared in this scope; did you mean â€˜[01m[Krclcpp::get_logger[m[Kâ€™?
  338 |         RCLCPP_ERROR([01;31m[Kget_logger[m[K(), "Failed to plan to scan position %zu", i + 1);
      |                      [01;31m[K^~~~~~~~~~[m[K
[01m[K/opt/ros/jazzy/include/rclcpp/rclcpp/logger.hpp:107:17:[m[K [01;36m[Knote: [m[Kâ€˜[01m[Krclcpp::get_logger[m[Kâ€™ declared here
  107 |   friend Logger [01;36m[Krclcpp[m[K::get_logger(const std::string & name);
      |                 [01;36m[K^~~~~~[m[K
[01m[K/home/jashwanth/arduinobot_ws/src/arduinobot_remote/src/task_server.cpp:338:9:[m[K [01;31m[Kerror: [m[Ktemplate argument 1 is invalid
  338 |         [01;31m[KRCLCPP_ERROR[m[K(get_logger(), "Failed to plan to scan position %zu", i + 1);
      |         [01;31m[K^~~~~~~~~~~~[m[K
[01m[K/home/jashwanth/arduinobot_ws/src/arduinobot_remote/src/task_server.cpp:342:17:[m[K [01;31m[Kerror: [m[Kâ€˜[01m[Kget_logger[m[Kâ€™ was not declared in this scope; did you mean â€˜[01m[Krclcpp::get_logger[m[Kâ€™?
  342 |     RCLCPP_INFO([01;31m[Kget_logger[m[K(), "360-degree scan completed");
      |                 [01;31m[K^~~~~~~~~~[m[K
[01m[K/opt/ros/jazzy/include/rclcpp/rclcpp/logger.hpp:107:17:[m[K [01;36m[Knote: [m[Kâ€˜[01m[Krclcpp::get_logger[m[Kâ€™ declared here
  107 |   friend Logger [01;36m[Krclcpp[m[K::get_logger(const std::string & name);
      |                 [01;36m[K^~~~~~[m[K
[01m[K/home/jashwanth/arduinobot_ws/src/arduinobot_remote/src/task_server.cpp:342:5:[m[K [01;31m[Kerror: [m[Ktemplate argument 1 is invalid
  342 |     [01;31m[KRCLCPP_INFO[m[K(get_logger(), "360-degree scan completed");
      |     [01;31m[K^~~~~~~~~~~[m[K
[01m[K/home/jashwanth/arduinobot_ws/src/arduinobot_remote/src/task_server.cpp:[m[K In function â€˜[01m[Krclcpp_action::GoalResponse[01;32m[K goalCallback[m[K(const rclcpp_action::GoalUUID&, std::shared_ptr<const arduinobot_msgs::action::ArduinobotTask_Goal_<std::allocator<void> > >)[m[Kâ€™:
[01m[K/home/jashwanth/arduinobot_ws/src/arduinobot_remote/src/task_server.cpp:349:17:[m[K [01;31m[Kerror: [m[Kâ€˜[01m[Kget_logger[m[Kâ€™ was not declared in this scope; did you mean â€˜[01m[Krclcpp::get_logger[m[Kâ€™?
  349 |     RCLCPP_INFO([01;31m[Kget_logger[m[K(), "Received goal request with id %d", goal->task_number);
      |                 [01;31m[K^~~~~~~~~~[m[K
[01m[K/opt/ros/jazzy/include/rclcpp/rclcpp/logger.hpp:107:17:[m[K [01;36m[Knote: [m[Kâ€˜[01m[Krclcpp::get_logger[m[Kâ€™ declared here
  107 |   friend Logger [01;36m[Krclcpp[m[K::get_logger(const std::string & name);
      |                 [01;36m[K^~~~~~[m[K
[01m[K/home/jashwanth/arduinobot_ws/src/arduinobot_remote/src/task_server.cpp:349:5:[m[K [01;31m[Kerror: [m[Ktemplate argument 1 is invalid
  349 |     [01;31m[KRCLCPP_INFO[m[K(get_logger(), "Received goal request with id %d", goal->task_number);
      |     [01;31m[K^~~~~~~~~~~[m[K
[01m[K/home/jashwanth/arduinobot_ws/src/arduinobot_remote/src/task_server.cpp:[m[K In function â€˜[01m[Krclcpp_action::CancelResponse[01;32m[K cancelCallback[m[K(std::shared_ptr<rclcpp_action::ServerGoalHandle<arduinobot_msgs::action::ArduinobotTask> >)[m[Kâ€™:
[01m[K/home/jashwanth/arduinobot_ws/src/arduinobot_remote/src/task_server.cpp:358:17:[m[K [01;31m[Kerror: [m[Kâ€˜[01m[Kget_logger[m[Kâ€™ was not declared in this scope; did you mean â€˜[01m[Krclcpp::get_logger[m[Kâ€™?
  358 |     RCLCPP_INFO([01;31m[Kget_logger[m[K(), "Received request to cancel goal");
      |                 [01;31m[K^~~~~~~~~~[m[K
[01m[K/opt/ros/jazzy/include/rclcpp/rclcpp/logger.hpp:107:17:[m[K [01;36m[Knote: [m[Kâ€˜[01m[Krclcpp::get_logger[m[Kâ€™ declared here
  107 |   friend Logger [01;36m[Krclcpp[m[K::get_logger(const std::string & name);
      |                 [01;36m[K^~~~~~[m[K
[01m[K/home/jashwanth/arduinobot_ws/src/arduinobot_remote/src/task_server.cpp:358:5:[m[K [01;31m[Kerror: [m[Ktemplate argument 1 is invalid
  358 |     [01;31m[KRCLCPP_INFO[m[K(get_logger(), "Received request to cancel goal");
      |     [01;31m[K^~~~~~~~~~~[m[K
[01m[K/home/jashwanth/arduinobot_ws/src/arduinobot_remote/src/task_server.cpp:359:8:[m[K [01;31m[Kerror: [m[Kâ€˜[01m[Karm_move_group_[m[Kâ€™ was not declared in this scope
  359 |     if([01;31m[Karm_move_group_[m[K){
      |        [01;31m[K^~~~~~~~~~~~~~~[m[K
[01m[K/home/jashwanth/arduinobot_ws/src/arduinobot_remote/src/task_server.cpp:362:8:[m[K [01;31m[Kerror: [m[Kâ€˜[01m[Kgripper_move_group_[m[Kâ€™ was not declared in this scope
  362 |     if([01;31m[Kgripper_move_group_[m[K){
      |        [01;31m[K^~~~~~~~~~~~~~~~~~~[m[K
[01m[K/home/jashwanth/arduinobot_ws/src/arduinobot_remote/src/task_server.cpp:[m[K In function â€˜[01m[Kvoid[01;32m[K acceptedCallback[m[K(std::shared_ptr<rclcpp_action::ServerGoalHandle<arduinobot_msgs::action::ArduinobotTask> >)[m[Kâ€™:
[01m[K/home/jashwanth/arduinobot_ws/src/arduinobot_remote/src/task_server.cpp:372:29:[m[K [01;31m[Kerror: [m[Kâ€˜[01m[KTaskServer[m[Kâ€™ was not declared in this scope; did you mean â€˜[01m[Karduinobot_remote::TaskServer[m[Kâ€™?
  372 |     std::thread{ std::bind(&[01;31m[KTaskServer[m[K::execute, this, _1), goal_handle }.detach();
      |                             [01;31m[K^~~~~~~~~~[m[K
      |                             [32m[Karduinobot_remote::TaskServer[m[K
[01m[K/home/jashwanth/arduinobot_ws/src/arduinobot_remote/src/task_server.cpp:19:7:[m[K [01;36m[Knote: [m[Kâ€˜[01m[Karduinobot_remote::TaskServer[m[Kâ€™ declared here
   19 | class [01;36m[KTaskServer[m[K : public rclcpp::Node
      |       [01;36m[K^~~~~~~~~~[m[K
[01m[K/home/jashwanth/arduinobot_ws/src/arduinobot_remote/src/task_server.cpp:372:50:[m[K [01;31m[Kerror: [m[Kinvalid use of â€˜[01m[Kthis[m[Kâ€™ in non-member function
  372 |     std::thread{ std::bind(&TaskServer::execute, [01;31m[Kthis[m[K, _1), goal_handle }.detach();
      |                                                  [01;31m[K^~~~[m[K
[01m[K/home/jashwanth/arduinobot_ws/src/arduinobot_remote/src/task_server.cpp:372:73:[m[K [01;31m[Kerror: [m[Kno matching function for call to â€˜[01m[Kstd::thread::thread(<brace-enclosed initializer list>)[m[Kâ€™
  372 |     std::thread{ std::bind(&TaskServer::execute, this, _1), goal_handle [01;31m[K}[m[K.detach();
      |                                                                         [01;31m[K^[m[K
In file included from [01m[K/usr/include/c++/13/future:51[m[K,
                 from [01m[K/opt/ros/jazzy/include/rclcpp/rclcpp/executors.hpp:18[m[K,
                 from [01m[K/opt/ros/jazzy/include/rclcpp/rclcpp/rclcpp.hpp:172[m[K:
[01m[K/usr/include/c++/13/bits/std_thread.h:154:7:[m[K [01;36m[Knote: [m[Kcandidate: â€˜[01m[Ktemplate<class _Callable, class ... _Args, class> std::thread::[01;32m[Kthread[m[K(_Callable&&, _Args&& ...)[m[Kâ€™
  154 |       [01;36m[Kthread[m[K(_Callable&& __f, _Args&&... __args)
      |       [01;36m[K^~~~~~[m[K
[01m[K/usr/include/c++/13/bits/std_thread.h:154:7:[m[K [01;36m[Knote: [m[K  template argument deduction/substitution failed:
[01m[K/usr/include/c++/13/bits/std_thread.h:178:5:[m[K [01;36m[Knote: [m[Kcandidate: â€˜[01m[Kstd::thread::[01;32m[Kthread[m[K(std::thread&&)[m[Kâ€™
  178 |     [01;36m[Kthread[m[K(thread&& __t) noexcept
      |     [01;36m[K^~~~~~[m[K
[01m[K/usr/include/c++/13/bits/std_thread.h:178:5:[m[K [01;36m[Knote: [m[K  candidate expects 1 argument, 2 provided
[01m[K/usr/include/c++/13/bits/std_thread.h:132:5:[m[K [01;36m[Knote: [m[Kcandidate: â€˜[01m[Kstd::thread::[01;32m[Kthread[m[K()[m[Kâ€™
  132 |     [01;36m[Kthread[m[K() noexcept = default;
      |     [01;36m[K^~~~~~[m[K
[01m[K/usr/include/c++/13/bits/std_thread.h:132:5:[m[K [01;36m[Knote: [m[K  candidate expects 0 arguments, 2 provided
[01m[K/home/jashwanth/arduinobot_ws/src/arduinobot_remote/src/task_server.cpp:[m[K In function â€˜[01m[Kvoid[01;32m[K execute[m[K(std::shared_ptr<rclcpp_action::ServerGoalHandle<arduinobot_msgs::action::ArduinobotTask> >)[m[Kâ€™:
[01m[K/home/jashwanth/arduinobot_ws/src/arduinobot_remote/src/task_server.cpp:377:17:[m[K [01;31m[Kerror: [m[Kâ€˜[01m[Kget_logger[m[Kâ€™ was not declared in this scope; did you mean â€˜[01m[Krclcpp::get_logger[m[Kâ€™?
  377 |     RCLCPP_INFO([01;31m[Kget_logger[m[K(), "Executing goal");
      |                 [01;31m[K^~~~~~~~~~[m[K
[01m[K/opt/ros/jazzy/include/rclcpp/rclcpp/logger.hpp:107:17:[m[K [01;36m[Knote: [m[Kâ€˜[01m[Krclcpp::get_logger[m[Kâ€™ declared here
  107 |   friend Logger [01;36m[Krclcpp[m[K::get_logger(const std::string & name);
      |                 [01;36m[K^~~~~~[m[K
[01m[K/home/jashwanth/arduinobot_ws/src/arduinobot_remote/src/task_server.cpp:377:5:[m[K [01;31m[Kerror: [m[Ktemplate argument 1 is invalid
  377 |     [01;31m[KRCLCPP_INFO[m[K(get_logger(), "Executing goal");
      |     [01;31m[K^~~~~~~~~~~[m[K
[01m[K/home/jashwanth/arduinobot_ws/src/arduinobot_remote/src/task_server.cpp:381:9:[m[K [01;31m[Kerror: [m[Kâ€˜[01m[Karm_move_group_[m[Kâ€™ was not declared in this scope
  381 |     if(![01;31m[Karm_move_group_[m[K){
      |         [01;31m[K^~~~~~~~~~~~~~~[m[K
[01m[K/home/jashwanth/arduinobot_ws/src/arduinobot_remote/src/task_server.cpp:382:90:[m[K [01;31m[Kerror: [m[Kâ€˜[01m[Kshared_from_this[m[Kâ€™ was not declared in this scope
  382 |       arm_move_group_ = std::make_shared<moveit::planning_interface::MoveGroupInterface>([01;31m[Kshared_from_this[m[K(), "arm");
      |                                                                                          [01;31m[K^~~~~~~~~~~~~~~~[m[K
[01m[K/home/jashwanth/arduinobot_ws/src/arduinobot_remote/src/task_server.cpp:384:9:[m[K [01;31m[Kerror: [m[Kâ€˜[01m[Kgripper_move_group_[m[Kâ€™ was not declared in this scope
  384 |     if(![01;31m[Kgripper_move_group_[m[K){
      |         [01;31m[K^~~~~~~~~~~~~~~~~~~[m[K
[01m[K/home/jashwanth/arduinobot_ws/src/arduinobot_remote/src/task_server.cpp:385:94:[m[K [01;31m[Kerror: [m[Kâ€˜[01m[Kshared_from_this[m[Kâ€™ was not declared in this scope
  385 |       gripper_move_group_ = std::make_shared<moveit::planning_interface::MoveGroupInterface>([01;31m[Kshared_from_this[m[K(), "gripper");
      |                                                                                              [01;31m[K^~~~~~~~~~~~~~~~[m[K
[01m[K/home/jashwanth/arduinobot_ws/src/arduinobot_remote/src/task_server.cpp:390:7:[m[K [01;31m[Kerror: [m[Kâ€˜[01m[Karm_joint_goal_[m[Kâ€™ was not declared in this scope
  390 |       [01;31m[Karm_joint_goal_[m[K = {0.0, 0.0, 0.0};
      |       [01;31m[K^~~~~~~~~~~~~~~[m[K
[01m[K/home/jashwanth/arduinobot_ws/src/arduinobot_remote/src/task_server.cpp:391:7:[m[K [01;31m[Kerror: [m[Kâ€˜[01m[Kgripper_joint_goal_[m[Kâ€™ was not declared in this scope
  391 |       [01;31m[Kgripper_joint_goal_[m[K = {-0.7, 0.7};
      |       [01;31m[K^~~~~~~~~~~~~~~~~~~[m[K
[01m[K/home/jashwanth/arduinobot_ws/src/arduinobot_remote/src/task_server.cpp:395:7:[m[K [01;31m[Kerror: [m[Kâ€˜[01m[Karm_joint_goal_[m[Kâ€™ was not declared in this scope
  395 |       [01;31m[Karm_joint_goal_[m[K = {-1.14, -0.6, -0.07};
      |       [01;31m[K^~~~~~~~~~~~~~~[m[K
[01m[K/home/jashwanth/arduinobot_ws/src/arduinobot_remote/src/task_server.cpp:396:7:[m[K [01;31m[Kerror: [m[Kâ€˜[01m[Kgripper_joint_goal_[m[Kâ€™ was not declared in this scope
  396 |       [01;31m[Kgripper_joint_goal_[m[K = {0.0, 0.0};
      |       [01;31m[K^~~~~~~~~~~~~~~~~~~[m[K
[01m[K/home/jashwanth/arduinobot_ws/src/arduinobot_remote/src/task_server.cpp:400:7:[m[K [01;31m[Kerror: [m[Kâ€˜[01m[Karm_joint_goal_[m[Kâ€™ was not declared in this scope
  400 |       [01;31m[Karm_joint_goal_[m[K = {-1.57,0.0,-0.9};
      |       [01;31m[K^~~~~~~~~~~~~~~[m[K
[01m[K/home/jashwanth/arduinobot_ws/src/arduinobot_remote/src/task_server.cpp:401:7:[m[K [01;31m[Kerror: [m[Kâ€˜[01m[Kgripper_joint_goal_[m[Kâ€™ was not declared in this scope
  401 |       [01;31m[Kgripper_joint_goal_[m[K = {0.0, 0.0};
      |       [01;31m[K^~~~~~~~~~~~~~~~~~~[m[K
[01m[K/home/jashwanth/arduinobot_ws/src/arduinobot_remote/src/task_server.cpp:406:19:[m[K [01;31m[Kerror: [m[Kâ€˜[01m[Kget_logger[m[Kâ€™ was not declared in this scope; did you mean â€˜[01m[Krclcpp::get_logger[m[Kâ€™?
  406 |       RCLCPP_INFO([01;31m[Kget_logger[m[K(), "Entering scanning mode - performing 360-degree scan");
      |                   [01;31m[K^~~~~~~~~~[m[K
[01m[K/opt/ros/jazzy/include/rclcpp/rclcpp/logger.hpp:107:17:[m[K [01;36m[Knote: [m[Kâ€˜[01m[Krclcpp::get_logger[m[Kâ€™ declared here
  107 |   friend Logger [01;36m[Krclcpp[m[K::get_logger(const std::string & name);
      |                 [01;36m[K^~~~~~[m[K
[01m[K/home/jashwanth/arduinobot_ws/src/arduinobot_remote/src/task_server.cpp:406:7:[m[K [01;31m[Kerror: [m[Ktemplate argument 1 is invalid
  406 |       [01;31m[KRCLCPP_INFO[m[K(get_logger(), "Entering scanning mode - performing 360-degree scan");
      |       [01;31m[K^~~~~~~~~~~[m[K
[01m[K/home/jashwanth/arduinobot_ws/src/arduinobot_remote/src/task_server.cpp:410:19:[m[K [01;31m[Kerror: [m[Kâ€˜[01m[Kget_logger[m[Kâ€™ was not declared in this scope; did you mean â€˜[01m[Krclcpp::get_logger[m[Kâ€™?
  410 |       RCLCPP_INFO([01;31m[Kget_logger[m[K(), "Scanning completed");
      |                   [01;31m[K^~~~~~~~~~[m[K
[01m[K/opt/ros/jazzy/include/rclcpp/rclcpp/logger.hpp:107:17:[m[K [01;36m[Knote: [m[Kâ€˜[01m[Krclcpp::get_logger[m[Kâ€™ declared here
  107 |   friend Logger [01;36m[Krclcpp[m[K::get_logger(const std::string & name);
      |                 [01;36m[K^~~~~~[m[K
[01m[K/home/jashwanth/arduinobot_ws/src/arduinobot_remote/src/task_server.cpp:410:7:[m[K [01;31m[Kerror: [m[Ktemplate argument 1 is invalid
  410 |       [01;31m[KRCLCPP_INFO[m[K(get_logger(), "Scanning completed");
      |       [01;31m[K^~~~~~~~~~~[m[K
[01m[K/home/jashwanth/arduinobot_ws/src/arduinobot_remote/src/task_server.cpp:416:19:[m[K [01;31m[Kerror: [m[Kâ€˜[01m[Kget_logger[m[Kâ€™ was not declared in this scope; did you mean â€˜[01m[Krclcpp::get_logger[m[Kâ€™?
  416 |       RCLCPP_INFO([01;31m[Kget_logger[m[K(), "Picking detected object");
      |                   [01;31m[K^~~~~~~~~~[m[K
[01m[K/opt/ros/jazzy/include/rclcpp/rclcpp/logger.hpp:107:17:[m[K [01;36m[Knote: [m[Kâ€˜[01m[Krclcpp::get_logger[m[Kâ€™ declared here
  107 |   friend Logger [01;36m[Krclcpp[m[K::get_logger(const std::string & name);
      |                 [01;36m[K^~~~~~[m[K
[01m[K/home/jashwanth/arduinobot_ws/src/arduinobot_remote/src/task_server.cpp:416:7:[m[K [01;31m[Kerror: [m[Ktemplate argument 1 is invalid
  416 |       [01;31m[KRCLCPP_INFO[m[K(get_logger(), "Picking detected object");
      |       [01;31m[K^~~~~~~~~~~[m[K
[01m[K/home/jashwanth/arduinobot_ws/src/arduinobot_remote/src/task_server.cpp:417:7:[m[K [01;31m[Kerror: [m[Kâ€˜[01m[Karm_joint_goal_[m[Kâ€™ was not declared in this scope
  417 |       [01;31m[Karm_joint_goal_[m[K = {-0.8, -0.4, -0.05};  // Less aggressive, higher position
      |       [01;31m[K^~~~~~~~~~~~~~~[m[K
[01m[K/home/jashwanth/arduinobot_ws/src/arduinobot_remote/src/task_server.cpp:418:7:[m[K [01;31m[Kerror: [m[Kâ€˜[01m[Kgripper_joint_goal_[m[Kâ€™ was not declared in this scope
  418 |       [01;31m[Kgripper_joint_goal_[m[K = {0.0, 0.0};
      |       [01;31m[K^~~~~~~~~~~~~~~~~~~[m[K
[01m[K/home/jashwanth/arduinobot_ws/src/arduinobot_remote/src/task_server.cpp:423:19:[m[K [01;31m[Kerror: [m[Kâ€˜[01m[Kget_logger[m[Kâ€™ was not declared in this scope; did you mean â€˜[01m[Krclcpp::get_logger[m[Kâ€™?
  423 |       RCLCPP_INFO([01;31m[Kget_logger[m[K(), "Placing object in drop zone");
      |                   [01;31m[K^~~~~~~~~~[m[K
[01m[K/opt/ros/jazzy/include/rclcpp/rclcpp/logger.hpp:107:17:[m[K [01;36m[Knote: [m[Kâ€˜[01m[Krclcpp::get_logger[m[Kâ€™ declared here
  107 |   friend Logger [01;36m[Krclcpp[m[K::get_logger(const std::string & name);
      |                 [01;36m[K^~~~~~[m[K
[01m[K/home/jashwanth/arduinobot_ws/src/arduinobot_remote/src/task_server.cpp:423:7:[m[K [01;31m[Kerror: [m[Ktemplate argument 1 is invalid
  423 |       [01;31m[KRCLCPP_INFO[m[K(get_logger(), "Placing object in drop zone");
      |       [01;31m[K^~~~~~~~~~~[m[K
[01m[K/home/jashwanth/arduinobot_ws/src/arduinobot_remote/src/task_server.cpp:424:7:[m[K [01;31m[Kerror: [m[Kâ€˜[01m[Karm_joint_goal_[m[Kâ€™ was not declared in this scope
  424 |       [01;31m[Karm_joint_goal_[m[K = {-0.6, -0.3, -0.1};  // More conservative approach
      |       [01;31m[K^~~~~~~~~~~~~~~[m[K
[01m[K/home/jashwanth/arduinobot_ws/src/arduinobot_remote/src/task_server.cpp:425:7:[m[K [01;31m[Kerror: [m[Kâ€˜[01m[Kgripper_joint_goal_[m[Kâ€™ was not declared in this scope
  425 |       [01;31m[Kgripper_joint_goal_[m[K = {-0.7, 0.7};
      |       [01;31m[K^~~~~~~~~~~~~~~~~~~[m[K
[01m[K/home/jashwanth/arduinobot_ws/src/arduinobot_remote/src/task_server.cpp:430:19:[m[K [01;31m[Kerror: [m[Kâ€˜[01m[Kget_logger[m[Kâ€™ was not declared in this scope; did you mean â€˜[01m[Krclcpp::get_logger[m[Kâ€™?
  430 |       RCLCPP_INFO([01;31m[Kget_logger[m[K(), "Test scanning position");
      |                   [01;31m[K^~~~~~~~~~[m[K
[01m[K/opt/ros/jazzy/include/rclcpp/rclcpp/logger.hpp:107:17:[m[K [01;36m[Knote: [m[Kâ€˜[01m[Krclcpp::get_logger[m[Kâ€™ declared here
  107 |   friend Logger [01;36m[Krclcpp[m[K::get_logger(const std::string & name);
      |                 [01;36m[K^~~~~~[m[K
[01m[K/home/jashwanth/arduinobot_ws/src/arduinobot_remote/src/task_server.cpp:430:7:[m[K [01;31m[Kerror: [m[Ktemplate argument 1 is invalid
  430 |       [01;31m[KRCLCPP_INFO[m[K(get_logger(), "Test scanning position");
      |       [01;31m[K^~~~~~~~~~~[m[K
[01m[K/home/jashwanth/arduinobot_ws/src/arduinobot_remote/src/task_server.cpp:431:7:[m[K [01;31m[Kerror: [m[Kâ€˜[01m[Karm_joint_goal_[m[Kâ€™ was not declared in this scope
  431 |       [01;31m[Karm_joint_goal_[m[K = {0.0, 0.5, -1.0};  // Base straight, shoulder back, elbow down
      |       [01;31m[K^~~~~~~~~~~~~~~[m[K
[01m[K/home/jashwanth/arduinobot_ws/src/arduinobot_remote/src/task_server.cpp:432:7:[m[K [01;31m[Kerror: [m[Kâ€˜[01m[Kgripper_joint_goal_[m[Kâ€™ was not declared in this scope
  432 |       [01;31m[Kgripper_joint_goal_[m[K = {-0.7, 0.7};
      |       [01;31m[K^~~~~~~~~~~~~~~~~~~[m[K
[01m[K/home/jashwanth/arduinobot_ws/src/arduinobot_remote/src/task_server.cpp:437:19:[m[K [01;31m[Kerror: [m[Kâ€˜[01m[Kget_logger[m[Kâ€™ was not declared in this scope; did you mean â€˜[01m[Krclcpp::get_logger[m[Kâ€™?
  437 |       RCLCPP_INFO([01;31m[Kget_logger[m[K(), "Scanning for RED objects only");
      |                   [01;31m[K^~~~~~~~~~[m[K
[01m[K/opt/ros/jazzy/include/rclcpp/rclcpp/logger.hpp:107:17:[m[K [01;36m[Knote: [m[Kâ€˜[01m[Krclcpp::get_logger[m[Kâ€™ declared here
  107 |   friend Logger [01;36m[Krclcpp[m[K::get_logger(const std::string & name);
      |                 [01;36m[K^~~~~~[m[K
[01m[K/home/jashwanth/arduinobot_ws/src/arduinobot_remote/src/task_server.cpp:437:7:[m[K [01;31m[Kerror: [m[Ktemplate argument 1 is invalid
  437 |       [01;31m[KRCLCPP_INFO[m[K(get_logger(), "Scanning for RED objects only");
      |       [01;31m[K^~~~~~~~~~~[m[K
[01m[K/home/jashwanth/arduinobot_ws/src/arduinobot_remote/src/task_server.cpp:438:7:[m[K [01;31m[Kerror: [m[Kâ€˜[01m[KsetTargetColor[m[Kâ€™ was not declared in this scope
  438 |       [01;31m[KsetTargetColor[m[K("red");
      |       [01;31m[K^~~~~~~~~~~~~~[m[K
[01m[K/home/jashwanth/arduinobot_ws/src/arduinobot_remote/src/task_server.cpp:442:19:[m[K [01;31m[Kerror: [m[Kâ€˜[01m[Kget_logger[m[Kâ€™ was not declared in this scope; did you mean â€˜[01m[Krclcpp::get_logger[m[Kâ€™?
  442 |       RCLCPP_INFO([01;31m[Kget_logger[m[K(), "RED object scanning completed");
      |                   [01;31m[K^~~~~~~~~~[m[K
[01m[K/opt/ros/jazzy/include/rclcpp/rclcpp/logger.hpp:107:17:[m[K [01;36m[Knote: [m[Kâ€˜[01m[Krclcpp::get_logger[m[Kâ€™ declared here
  107 |   friend Logger [01;36m[Krclcpp[m[K::get_logger(const std::string & name);
      |                 [01;36m[K^~~~~~[m[K
[01m[K/home/jashwanth/arduinobot_ws/src/arduinobot_remote/src/task_server.cpp:442:7:[m[K [01;31m[Kerror: [m[Ktemplate argument 1 is invalid
  442 |       [01;31m[KRCLCPP_INFO[m[K(get_logger(), "RED object scanning completed");
      |       [01;31m[K^~~~~~~~~~~[m[K
[01m[K/home/jashwanth/arduinobot_ws/src/arduinobot_remote/src/task_server.cpp:448:19:[m[K [01;31m[Kerror: [m[Kâ€˜[01m[Kget_logger[m[Kâ€™ was not declared in this scope; did you mean â€˜[01m[Krclcpp::get_logger[m[Kâ€™?
  448 |       RCLCPP_INFO([01;31m[Kget_logger[m[K(), "Scanning for BLUE objects only");
      |                   [01;31m[K^~~~~~~~~~[m[K
[01m[K/opt/ros/jazzy/include/rclcpp/rclcpp/logger.hpp:107:17:[m[K [01;36m[Knote: [m[Kâ€˜[01m[Krclcpp::get_logger[m[Kâ€™ declared here
  107 |   friend Logger [01;36m[Krclcpp[m[K::get_logger(const std::string & name);
      |                 [01;36m[K^~~~~~[m[K
[01m[K/home/jashwanth/arduinobot_ws/src/arduinobot_remote/src/task_server.cpp:448:7:[m[K [01;31m[Kerror: [m[Ktemplate argument 1 is invalid
  448 |       [01;31m[KRCLCPP_INFO[m[K(get_logger(), "Scanning for BLUE objects only");
      |       [01;31m[K^~~~~~~~~~~[m[K
[01m[K/home/jashwanth/arduinobot_ws/src/arduinobot_remote/src/task_server.cpp:449:7:[m[K [01;31m[Kerror: [m[Kâ€˜[01m[KsetTargetColor[m[Kâ€™ was not declared in this scope
  449 |       [01;31m[KsetTargetColor[m[K("blue");
      |       [01;31m[K^~~~~~~~~~~~~~[m[K
[01m[K/home/jashwanth/arduinobot_ws/src/arduinobot_remote/src/task_server.cpp:453:19:[m[K [01;31m[Kerror: [m[Kâ€˜[01m[Kget_logger[m[Kâ€™ was not declared in this scope; did you mean â€˜[01m[Krclcpp::get_logger[m[Kâ€™?
  453 |       RCLCPP_INFO([01;31m[Kget_logger[m[K(), "BLUE object scanning completed");
      |                   [01;31m[K^~~~~~~~~~[m[K
[01m[K/opt/ros/jazzy/include/rclcpp/rclcpp/logger.hpp:107:17:[m[K [01;36m[Knote: [m[Kâ€˜[01m[Krclcpp::get_logger[m[Kâ€™ declared here
  107 |   friend Logger [01;36m[Krclcpp[m[K::get_logger(const std::string & name);
      |                 [01;36m[K^~~~~~[m[K
[01m[K/home/jashwanth/arduinobot_ws/src/arduinobot_remote/src/task_server.cpp:453:7:[m[K [01;31m[Kerror: [m[Ktemplate argument 1 is invalid
  453 |       [01;31m[KRCLCPP_INFO[m[K(get_logger(), "BLUE object scanning completed");
      |       [01;31m[K^~~~~~~~~~~[m[K
[01m[K/home/jashwanth/arduinobot_ws/src/arduinobot_remote/src/task_server.cpp:459:19:[m[K [01;31m[Kerror: [m[Kâ€˜[01m[Kget_logger[m[Kâ€™ was not declared in this scope; did you mean â€˜[01m[Krclcpp::get_logger[m[Kâ€™?
  459 |       RCLCPP_INFO([01;31m[Kget_logger[m[K(), "Scanning for GREEN objects only");
      |                   [01;31m[K^~~~~~~~~~[m[K
[01m[K/opt/ros/jazzy/include/rclcpp/rclcpp/logger.hpp:107:17:[m[K [01;36m[Knote: [m[Kâ€˜[01m[Krclcpp::get_logger[m[Kâ€™ declared here
  107 |   friend Logger [01;36m[Krclcpp[m[K::get_logger(const std::string & name);
      |                 [01;36m[K^~~~~~[m[K
[01m[K/home/jashwanth/arduinobot_ws/src/arduinobot_remote/src/task_server.cpp:459:7:[m[K [01;31m[Kerror: [m[Ktemplate argument 1 is invalid
  459 |       [01;31m[KRCLCPP_INFO[m[K(get_logger(), "Scanning for GREEN objects only");
      |       [01;31m[K^~~~~~~~~~~[m[K
[01m[K/home/jashwanth/arduinobot_ws/src/arduinobot_remote/src/task_server.cpp:460:7:[m[K [01;31m[Kerror: [m[Kâ€˜[01m[KsetTargetColor[m[Kâ€™ was not declared in this scope
  460 |       [01;31m[KsetTargetColor[m[K("green");
      |       [01;31m[K^~~~~~~~~~~~~~[m[K
[01m[K/home/jashwanth/arduinobot_ws/src/arduinobot_remote/src/task_server.cpp:464:19:[m[K [01;31m[Kerror: [m[Kâ€˜[01m[Kget_logger[m[Kâ€™ was not declared in this scope; did you mean â€˜[01m[Krclcpp::get_logger[m[Kâ€™?
  464 |       RCLCPP_INFO([01;31m[Kget_logger[m[K(), "GREEN object scanning completed");
      |                   [01;31m[K^~~~~~~~~~[m[K
[01m[K/opt/ros/jazzy/include/rclcpp/rclcpp/logger.hpp:107:17:[m[K [01;36m[Knote: [m[Kâ€˜[01m[Krclcpp::get_logger[m[Kâ€™ declared here
  107 |   friend Logger [01;36m[Krclcpp[m[K::get_logger(const std::string & name);
      |                 [01;36m[K^~~~~~[m[K
[01m[K/home/jashwanth/arduinobot_ws/src/arduinobot_remote/src/task_server.cpp:464:7:[m[K [01;31m[Kerror: [m[Ktemplate argument 1 is invalid
  464 |       [01;31m[KRCLCPP_INFO[m[K(get_logger(), "GREEN object scanning completed");
      |       [01;31m[K^~~~~~~~~~~[m[K
[01m[K/home/jashwanth/arduinobot_ws/src/arduinobot_remote/src/task_server.cpp:469:20:[m[K [01;31m[Kerror: [m[Kâ€˜[01m[Kget_logger[m[Kâ€™ was not declared in this scope; did you mean â€˜[01m[Krclcpp::get_logger[m[Kâ€™?
  469 |       RCLCPP_ERROR([01;31m[Kget_logger[m[K(), "Invalid Task Number");
      |                    [01;31m[K^~~~~~~~~~[m[K
[01m[K/opt/ros/jazzy/include/rclcpp/rclcpp/logger.hpp:107:17:[m[K [01;36m[Knote: [m[Kâ€˜[01m[Krclcpp::get_logger[m[Kâ€™ declared here
  107 |   friend Logger [01;36m[Krclcpp[m[K::get_logger(const std::string & name);
      |                 [01;36m[K^~~~~~[m[K
[01m[K/home/jashwanth/arduinobot_ws/src/arduinobot_remote/src/task_server.cpp:469:7:[m[K [01;31m[Kerror: [m[Ktemplate argument 1 is invalid
  469 |       [01;31m[KRCLCPP_ERROR[m[K(get_logger(), "Invalid Task Number");
      |       [01;31m[K^~~~~~~~~~~~[m[K
[01m[K/home/jashwanth/arduinobot_ws/src/arduinobot_remote/src/task_server.cpp:473:5:[m[K [01;31m[Kerror: [m[Kâ€˜[01m[Karm_move_group_[m[Kâ€™ was not declared in this scope
  473 |     [01;31m[Karm_move_group_[m[K->setStartState(*arm_move_group_->getCurrentState());
      |     [01;31m[K^~~~~~~~~~~~~~~[m[K
[01m[K/home/jashwanth/arduinobot_ws/src/arduinobot_remote/src/task_server.cpp:474:5:[m[K [01;31m[Kerror: [m[Kâ€˜[01m[Kgripper_move_group_[m[Kâ€™ was not declared in this scope
  474 |     [01;31m[Kgripper_move_group_[m[K->setStartState(*gripper_move_group_->getCurrentState());
      |     [01;31m[K^~~~~~~~~~~~~~~~~~~[m[K
[01m[K/home/jashwanth/arduinobot_ws/src/arduinobot_remote/src/task_server.cpp:476:67:[m[K [01;31m[Kerror: [m[Kâ€˜[01m[Karm_joint_goal_[m[Kâ€™ was not declared in this scope
  476 |     bool arm_within_bounds = arm_move_group_->setJointValueTarget([01;31m[Karm_joint_goal_[m[K);
      |                                                                   [01;31m[K^~~~~~~~~~~~~~~[m[K
[01m[K/home/jashwanth/arduinobot_ws/src/arduinobot_remote/src/task_server.cpp:477:75:[m[K [01;31m[Kerror: [m[Kâ€˜[01m[Kgripper_joint_goal_[m[Kâ€™ was not declared in this scope
  477 |     bool gripper_within_bounds = gripper_move_group_->setJointValueTarget([01;31m[Kgripper_joint_goal_[m[K);
      |                                                                           [01;31m[K^~~~~~~~~~~~~~~~~~~[m[K
[01m[K/home/jashwanth/arduinobot_ws/src/arduinobot_remote/src/task_server.cpp:480:19:[m[K [01;31m[Kerror: [m[Kâ€˜[01m[Kget_logger[m[Kâ€™ was not declared in this scope; did you mean â€˜[01m[Krclcpp::get_logger[m[Kâ€™?
  480 |       RCLCPP_WARN([01;31m[Kget_logger[m[K(),
      |                   [01;31m[K^~~~~~~~~~[m[K
[01m[K/opt/ros/jazzy/include/rclcpp/rclcpp/logger.hpp:107:17:[m[K [01;36m[Knote: [m[Kâ€˜[01m[Krclcpp::get_logger[m[Kâ€™ declared here
  107 |   friend Logger [01;36m[Krclcpp[m[K::get_logger(const std::string & name);
      |                 [01;36m[K^~~~~~[m[K
[01m[K/home/jashwanth/arduinobot_ws/src/arduinobot_remote/src/task_server.cpp:480:7:[m[K [01;31m[Kerror: [m[Ktemplate argument 1 is invalid
  480 |       [01;31m[KRCLCPP_WARN[m[K(get_logger(),
      |       [01;31m[K^~~~~~~~~~~[m[K
[01m[K/home/jashwanth/arduinobot_ws/src/arduinobot_remote/src/task_server.cpp:492:19:[m[K [01;31m[Kerror: [m[Kâ€˜[01m[Kget_logger[m[Kâ€™ was not declared in this scope; did you mean â€˜[01m[Krclcpp::get_logger[m[Kâ€™?
  492 |       RCLCPP_INFO([01;31m[Kget_logger[m[K(), "Planner SUCCEED, moving the arme and the gripper");
      |                   [01;31m[K^~~~~~~~~~[m[K
[01m[K/opt/ros/jazzy/include/rclcpp/rclcpp/logger.hpp:107:17:[m[K [01;36m[Knote: [m[Kâ€˜[01m[Krclcpp::get_logger[m[Kâ€™ declared here
  107 |   friend Logger [01;36m[Krclcpp[m[K::get_logger(const std::string & name);
      |                 [01;36m[K^~~~~~[m[K
[01m[K/home/jashwanth/arduinobot_ws/src/arduinobot_remote/src/task_server.cpp:492:7:[m[K [01;31m[Kerror: [m[Ktemplate argument 1 is invalid
  492 |       [01;31m[KRCLCPP_INFO[m[K(get_logger(), "Planner SUCCEED, moving the arme and the gripper");
      |       [01;31m[K^~~~~~~~~~~[m[K
[01m[K/home/jashwanth/arduinobot_ws/src/arduinobot_remote/src/task_server.cpp:498:20:[m[K [01;31m[Kerror: [m[Kâ€˜[01m[Kget_logger[m[Kâ€™ was not declared in this scope; did you mean â€˜[01m[Krclcpp::get_logger[m[Kâ€™?
  498 |       RCLCPP_ERROR([01;31m[Kget_logger[m[K(), "One or more planners failed!");
      |                    [01;31m[K^~~~~~~~~~[m[K
[01m[K/opt/ros/jazzy/include/rclcpp/rclcpp/logger.hpp:107:17:[m[K [01;36m[Knote: [m[Kâ€˜[01m[Krclcpp::get_logger[m[Kâ€™ declared here
  107 |   friend Logger [01;36m[Krclcpp[m[K::get_logger(const std::string & name);
      |                 [01;36m[K^~~~~~[m[K
[01m[K/home/jashwanth/arduinobot_ws/src/arduinobot_remote/src/task_server.cpp:498:7:[m[K [01;31m[Kerror: [m[Ktemplate argument 1 is invalid
  498 |       [01;31m[KRCLCPP_ERROR[m[K(get_logger(), "One or more planners failed!");
      |       [01;31m[K^~~~~~~~~~~~[m[K
[01m[K/home/jashwanth/arduinobot_ws/src/arduinobot_remote/src/task_server.cpp:504:17:[m[K [01;31m[Kerror: [m[Kâ€˜[01m[Kget_logger[m[Kâ€™ was not declared in this scope; did you mean â€˜[01m[Krclcpp::get_logger[m[Kâ€™?
  504 |     RCLCPP_INFO([01;31m[Kget_logger[m[K(), "Goal succeeded");
      |                 [01;31m[K^~~~~~~~~~[m[K
[01m[K/opt/ros/jazzy/include/rclcpp/rclcpp/logger.hpp:107:17:[m[K [01;36m[Knote: [m[Kâ€˜[01m[Krclcpp::get_logger[m[Kâ€™ declared here
  107 |   friend Logger [01;36m[Krclcpp[m[K::get_logger(const std::string & name);
      |                 [01;36m[K^~~~~~[m[K
[01m[K/home/jashwanth/arduinobot_ws/src/arduinobot_remote/src/task_server.cpp:504:5:[m[K [01;31m[Kerror: [m[Ktemplate argument 1 is invalid
  504 |     [01;31m[KRCLCPP_INFO[m[K(get_logger(), "Goal succeeded");
      |     [01;31m[K^~~~~~~~~~~[m[K
[01m[K/home/jashwanth/arduinobot_ws/src/arduinobot_remote/src/task_server.cpp:[m[K At global scope:
[01m[K/home/jashwanth/arduinobot_ws/src/arduinobot_remote/src/task_server.cpp:506:1:[m[K [01;31m[Kerror: [m[Kexpected declaration before â€˜[01m[K}[m[Kâ€™ token
  506 | [01;31m[K}[m[K;
      | [01;31m[K^[m[K
[01m[K/home/jashwanth/arduinobot_ws/src/arduinobot_remote/src/task_server.cpp:507:1:[m[K [01;31m[Kerror: [m[Kexpected declaration before â€˜[01m[K}[m[Kâ€™ token
  507 | [01;31m[K}[m[K  // namespace arduinobot_remote
      | [01;31m[K^[m[K
gmake[2]: *** [CMakeFiles/task_server.dir/build.make:76: CMakeFiles/task_server.dir/src/task_server.cpp.o] Error 1
gmake[1]: *** [CMakeFiles/Makefile2:142: CMakeFiles/task_server.dir/all] Error 2
gmake: *** [Makefile:146: all] Error 2
