[0.015s] Invoking command in '/home/jashwanth/arduinobot_ws/build/arduinobot_remote': CMAKE_PREFIX_PATH=/home/jashwanth/arduinobot_ws/install/arduinobot_moveit:/home/jashwanth/arduinobot_ws/install/arduinobot_msgs:/home/jashwanth/arduinobot_ws/install/arduinobot_description:/home/jashwanth/arduinobot_ws/install/arduinobot_utils:/home/jashwanth/arduinobot_ws/install/arduinobot_bringup:/home/jashwanth/arduinobot_ws/install/arduinobot_remote:/home/jashwanth/arduinobot_ws/install/arduinobot_cpp_examples:/home/jashwanth/arduinobot_ws/install/arduinobot_controller:/opt/ros/jazzy/opt/gz_launch_vendor:/opt/ros/jazzy/opt/gz_sim_vendor:/opt/ros/jazzy/opt/gz_sensors_vendor:/opt/ros/jazzy/opt/gz_physics_vendor:/opt/ros/jazzy/opt/sdformat_vendor:/opt/ros/jazzy/opt/gz_gui_vendor:/opt/ros/jazzy/opt/gz_transport_vendor:/opt/ros/jazzy/opt/gz_rendering_vendor:/opt/ros/jazzy/opt/gz_plugin_vendor:/opt/ros/jazzy/opt/gz_fuel_tools_vendor:/opt/ros/jazzy/opt/gz_msgs_vendor:/opt/ros/jazzy/opt/gz_common_vendor:/opt/ros/jazzy/opt/gz_math_vendor:/opt/ros/jazzy/opt/gz_utils_vendor:/opt/ros/jazzy/opt/gz_tools_vendor:/opt/ros/jazzy/opt/gz_ogre_next_vendor:/opt/ros/jazzy/opt/gz_dartsim_vendor:/opt/ros/jazzy/opt/gz_cmake_vendor:/home/jashwanth/arduinobot_ws/install/object_detection:/home/jashwanth/arduinobot_ws/install/arduinobot_py_examples:/opt/ros/jazzy DEBUGINFOD_URLS=https://debuginfod.ubuntu.com LD_LIBRARY_PATH=/home/jashwanth/arduinobot_ws/install/arduinobot_msgs/lib:/home/jashwanth/arduinobot_ws/install/arduinobot_remote/lib:/home/jashwanth/arduinobot_ws/install/arduinobot_cpp_examples/lib:/opt/ros/jazzy/opt/gz_launch_vendor/lib:/opt/ros/jazzy/opt/gz_sim_vendor/lib:/opt/ros/jazzy/opt/gz_sensors_vendor/lib:/opt/ros/jazzy/opt/gz_physics_vendor/lib:/opt/ros/jazzy/opt/sdformat_vendor/lib:/opt/ros/jazzy/opt/rviz_ogre_vendor/lib:/opt/ros/jazzy/lib/x86_64-linux-gnu:/opt/ros/jazzy/opt/gz_gui_vendor/lib:/opt/ros/jazzy/opt/gz_transport_vendor/lib:/opt/ros/jazzy/opt/gz_rendering_vendor/lib:/opt/ros/jazzy/opt/gz_plugin_vendor/lib:/opt/ros/jazzy/opt/gz_fuel_tools_vendor/lib:/opt/ros/jazzy/opt/gz_msgs_vendor/lib:/opt/ros/jazzy/opt/gz_common_vendor/lib:/opt/ros/jazzy/opt/gz_math_vendor/lib:/opt/ros/jazzy/opt/gz_utils_vendor/lib:/opt/ros/jazzy/opt/gz_tools_vendor/lib:/opt/ros/jazzy/opt/gz_ogre_next_vendor/lib:/opt/ros/jazzy/opt/gz_dartsim_vendor/lib:/opt/ros/jazzy/opt/gz_cmake_vendor/lib:/opt/ros/jazzy/lib PYTHONPATH=/home/jashwanth/arduinobot_ws/install/arduinobot_msgs/lib/python3.12/site-packages:/home/jashwanth/arduinobot_ws/install/object_detection/lib/python3.12/site-packages:/home/jashwanth/arduinobot_ws/install/arduinobot_utils/lib/python3.12/site-packages:/home/jashwanth/arduinobot_ws/install/arduinobot_remote/lib/python3.12/site-packages:/home/jashwanth/arduinobot_ws/install/arduinobot_py_examples/lib/python3.12/site-packages:/home/jashwanth/arduinobot_ws/install/arduinobot_controller/lib/python3.12/site-packages:/opt/ros/jazzy/lib/python3.12/site-packages /usr/bin/cmake --build /home/jashwanth/arduinobot_ws/build/arduinobot_remote -- -j20 -l20
[0.087s] [ 50%] Built target task_server_node
[0.092s] [ 75%] [32mBuilding CXX object CMakeFiles/task_server.dir/src/task_server.cpp.o[0m
[1.007s] [ 75%] Built target ament_cmake_python_copy_arduinobot_remote
[1.216s] running egg_info
[1.234s] writing arduinobot_remote.egg-info/PKG-INFO
[1.234s] writing dependency_links to arduinobot_remote.egg-info/dependency_links.txt
[1.234s] writing top-level names to arduinobot_remote.egg-info/top_level.txt
[1.282s] reading manifest file 'arduinobot_remote.egg-info/SOURCES.txt'
[1.282s] writing manifest file 'arduinobot_remote.egg-info/SOURCES.txt'
[1.323s] [ 75%] Built target ament_cmake_python_build_arduinobot_remote_egg
[4.339s] [01m[K/home/jashwanth/arduinobot_ws/src/arduinobot_remote/src/task_server.cpp:254:6:[m[K [01;31m[Kerror: [m[Kexpected â€˜[01m[K;[m[Kâ€™ after class definition
[4.339s]   254 |     }
[4.339s]       |      [01;31m[K^[m[K
[4.339s]       |      [32m[K;[m[K
[4.342s] [01m[K/home/jashwanth/arduinobot_ws/src/arduinobot_remote/src/task_server.cpp:[m[K In constructor â€˜[01m[Karduinobot_remote::TaskServer::[01;32m[KTaskServer[m[K(const rclcpp::NodeOptions&)[m[Kâ€™:
[4.342s] [01m[K/home/jashwanth/arduinobot_ws/src/arduinobot_remote/src/task_server.cpp:33:53:[m[K [01;31m[Kerror: [m[Kâ€˜[01m[KgoalCallback[m[Kâ€™ is not a member of â€˜[01m[Karduinobot_remote::TaskServer[m[Kâ€™
[4.342s]    33 |         this, "task_server", std::bind(&TaskServer::[01;31m[KgoalCallback[m[K, this, _1, _2),
[4.342s]       |                                                     [01;31m[K^~~~~~~~~~~~[m[K
[4.342s] [01m[K/home/jashwanth/arduinobot_ws/src/arduinobot_remote/src/task_server.cpp:34:32:[m[K [01;31m[Kerror: [m[Kâ€˜[01m[KcancelCallback[m[Kâ€™ is not a member of â€˜[01m[Karduinobot_remote::TaskServer[m[Kâ€™
[4.342s]    34 |         std::bind(&TaskServer::[01;31m[KcancelCallback[m[K, this, _1),
[4.342s]       |                                [01;31m[K^~~~~~~~~~~~~~[m[K
[4.342s] [01m[K/home/jashwanth/arduinobot_ws/src/arduinobot_remote/src/task_server.cpp:35:32:[m[K [01;31m[Kerror: [m[Kâ€˜[01m[KacceptedCallback[m[Kâ€™ is not a member of â€˜[01m[Karduinobot_remote::TaskServer[m[Kâ€™
[4.342s]    35 |         std::bind(&TaskServer::[01;31m[KacceptedCallback[m[K, this, _1));
[4.342s]       |                                [01;31m[K^~~~~~~~~~~~~~~~[m[K
[4.371s] In file included from [01m[K/opt/ros/jazzy/include/rclcpp/rclcpp/copy_all_parameter_values.hpp:27[m[K,
[4.371s]                  from [01m[K/opt/ros/jazzy/include/rclcpp/rclcpp/rclcpp.hpp:171[m[K,
[4.371s]                  from [01m[K/home/jashwanth/arduinobot_ws/src/arduinobot_remote/src/task_server.cpp:1[m[K:
[4.371s] [01m[K/home/jashwanth/arduinobot_ws/src/arduinobot_remote/src/task_server.cpp:[m[K In function â€˜[01m[Kvoid[01;32m[K performScanningSequence[m[K()[m[Kâ€™:
[4.371s] [01m[K/home/jashwanth/arduinobot_ws/src/arduinobot_remote/src/task_server.cpp:259:17:[m[K [01;31m[Kerror: [m[Kâ€˜[01m[Kget_logger[m[Kâ€™ was not declared in this scope; did you mean â€˜[01m[Krclcpp::get_logger[m[Kâ€™?
[4.371s]   259 |     RCLCPP_INFO([01;31m[Kget_logger[m[K(), "Starting 360-degree scanning sequence");
[4.371s]       |                 [01;31m[K^~~~~~~~~~[m[K
[4.371s] In file included from [01m[K/opt/ros/jazzy/include/rclcpp/rclcpp/copy_all_parameter_values.hpp:26[m[K:
[4.371s] [01m[K/opt/ros/jazzy/include/rclcpp/rclcpp/logger.hpp:107:17:[m[K [01;36m[Knote: [m[Kâ€˜[01m[Krclcpp::get_logger[m[Kâ€™ declared here
[4.371s]   107 |   friend Logger [01;36m[Krclcpp[m[K::get_logger(const std::string & name);
[4.371s]       |                 [01;36m[K^~~~~~[m[K
[4.372s] [01m[K/home/jashwanth/arduinobot_ws/src/arduinobot_remote/src/task_server.cpp:259:5:[m[K [01;31m[Kerror: [m[Ktemplate argument 1 is invalid
[4.372s]   259 |     [01;31m[KRCLCPP_INFO[m[K(get_logger(), "Starting 360-degree scanning sequence");
[4.372s]       |     [01;31m[K^~~~~~~~~~~[m[K
[4.380s] [01m[K/home/jashwanth/arduinobot_ws/src/arduinobot_remote/src/task_server.cpp:262:5:[m[K [01;31m[Kerror: [m[Kâ€˜[01m[Kobject_detected_[m[Kâ€™ was not declared in this scope
[4.380s]   262 |     [01;31m[Kobject_detected_[m[K = false;
[4.380s]       |     [01;31m[K^~~~~~~~~~~~~~~~[m[K
[4.390s] [01m[K/home/jashwanth/arduinobot_ws/src/arduinobot_remote/src/task_server.cpp:263:5:[m[K [01;31m[Kerror: [m[Kâ€˜[01m[Kdetected_object_color_[m[Kâ€™ was not declared in this scope
[4.390s]   263 |     [01;31m[Kdetected_object_color_[m[K = "";
[4.390s]       |     [01;31m[K^~~~~~~~~~~~~~~~~~~~~~[m[K
[4.399s] [01m[K/home/jashwanth/arduinobot_ws/src/arduinobot_remote/src/task_server.cpp:266:9:[m[K [01;31m[Kerror: [m[Kâ€˜[01m[Karm_move_group_[m[Kâ€™ was not declared in this scope
[4.399s]   266 |     if(![01;31m[Karm_move_group_[m[K){
[4.399s]       |         [01;31m[K^~~~~~~~~~~~~~~[m[K
[4.407s] [01m[K/home/jashwanth/arduinobot_ws/src/arduinobot_remote/src/task_server.cpp:267:90:[m[K [01;31m[Kerror: [m[Kâ€˜[01m[Kshared_from_this[m[Kâ€™ was not declared in this scope
[4.407s]   267 |       arm_move_group_ = std::make_shared<moveit::planning_interface::MoveGroupInterface>([01;31m[Kshared_from_this[m[K(), "arm");
[4.407s]       |                                                                                          [01;31m[K^~~~~~~~~~~~~~~~[m[K
[4.416s] [01m[K/home/jashwanth/arduinobot_ws/src/arduinobot_remote/src/task_server.cpp:269:9:[m[K [01;31m[Kerror: [m[Kâ€˜[01m[Kgripper_move_group_[m[Kâ€™ was not declared in this scope
[4.417s]   269 |     if(![01;31m[Kgripper_move_group_[m[K){
[4.417s]       |         [01;31m[K^~~~~~~~~~~~~~~~~~~[m[K
[4.425s] [01m[K/home/jashwanth/arduinobot_ws/src/arduinobot_remote/src/task_server.cpp:270:94:[m[K [01;31m[Kerror: [m[Kâ€˜[01m[Kshared_from_this[m[Kâ€™ was not declared in this scope
[4.425s]   270 |       gripper_move_group_ = std::make_shared<moveit::planning_interface::MoveGroupInterface>([01;31m[Kshared_from_this[m[K(), "gripper");
[4.425s]       |                                                                                              [01;31m[K^~~~~~~~~~~~~~~~[m[K
[4.434s] [01m[K/home/jashwanth/arduinobot_ws/src/arduinobot_remote/src/task_server.cpp:275:5:[m[K [01;31m[Kerror: [m[Kâ€˜[01m[Kgripper_move_group_[m[Kâ€™ was not declared in this scope
[4.434s]   275 |     [01;31m[Kgripper_move_group_[m[K->setStartState(*gripper_move_group_->getCurrentState());
[4.434s]       |     [01;31m[K^~~~~~~~~~~~~~~~~~~[m[K
[4.439s] [01m[K/home/jashwanth/arduinobot_ws/src/arduinobot_remote/src/task_server.cpp:303:21:[m[K [01;31m[Kerror: [m[Kâ€˜[01m[Kget_logger[m[Kâ€™ was not declared in this scope; did you mean â€˜[01m[Krclcpp::get_logger[m[Kâ€™?
[4.439s]   303 |         RCLCPP_INFO([01;31m[Kget_logger[m[K(), "Object detected! Stopping scan and initiating pick sequence");
[4.439s]       |                     [01;31m[K^~~~~~~~~~[m[K
[4.439s] [01m[K/opt/ros/jazzy/include/rclcpp/rclcpp/logger.hpp:107:17:[m[K [01;36m[Knote: [m[Kâ€˜[01m[Krclcpp::get_logger[m[Kâ€™ declared here
[4.439s]   107 |   friend Logger [01;36m[Krclcpp[m[K::get_logger(const std::string & name);
[4.439s]       |                 [01;36m[K^~~~~~[m[K
[4.439s] [01m[K/home/jashwanth/arduinobot_ws/src/arduinobot_remote/src/task_server.cpp:303:9:[m[K [01;31m[Kerror: [m[Ktemplate argument 1 is invalid
[4.439s]   303 |         [01;31m[KRCLCPP_INFO[m[K(get_logger(), "Object detected! Stopping scan and initiating pick sequence");
[4.439s]       |         [01;31m[K^~~~~~~~~~~[m[K
[4.446s] [01m[K/home/jashwanth/arduinobot_ws/src/arduinobot_remote/src/task_server.cpp:304:9:[m[K [01;31m[Kerror: [m[Kâ€˜[01m[KperformPickSequence[m[Kâ€™ was not declared in this scope; did you mean â€˜[01m[KperformScanningSequence[m[Kâ€™?
[4.446s]   304 |         [01;31m[KperformPickSequence[m[K();
[4.446s]       |         [01;31m[K^~~~~~~~~~~~~~~~~~~[m[K
[4.446s]       |         [32m[KperformScanningSequence[m[K
[4.447s] [01m[K/home/jashwanth/arduinobot_ws/src/arduinobot_remote/src/task_server.cpp:308:19:[m[K [01;31m[Kerror: [m[Kâ€˜[01m[Kget_logger[m[Kâ€™ was not declared in this scope; did you mean â€˜[01m[Krclcpp::get_logger[m[Kâ€™?
[4.447s]   308 |       RCLCPP_INFO([01;31m[Kget_logger[m[K(), "Scanning position %zu/%zu", i + 1, scan_positions.size());
[4.447s]       |                   [01;31m[K^~~~~~~~~~[m[K
[4.447s] [01m[K/opt/ros/jazzy/include/rclcpp/rclcpp/logger.hpp:107:17:[m[K [01;36m[Knote: [m[Kâ€˜[01m[Krclcpp::get_logger[m[Kâ€™ declared here
[4.447s]   107 |   friend Logger [01;36m[Krclcpp[m[K::get_logger(const std::string & name);
[4.447s]       |                 [01;36m[K^~~~~~[m[K
[4.447s] [01m[K/home/jashwanth/arduinobot_ws/src/arduinobot_remote/src/task_server.cpp:308:7:[m[K [01;31m[Kerror: [m[Ktemplate argument 1 is invalid
[4.447s]   308 |       [01;31m[KRCLCPP_INFO[m[K(get_logger(), "Scanning position %zu/%zu", i + 1, scan_positions.size());
[4.448s]       |       [01;31m[K^~~~~~~~~~~[m[K
[4.453s] [01m[K/home/jashwanth/arduinobot_ws/src/arduinobot_remote/src/task_server.cpp:311:7:[m[K [01;31m[Kerror: [m[Kâ€˜[01m[Karm_move_group_[m[Kâ€™ was not declared in this scope
[4.454s]   311 |       [01;31m[Karm_move_group_[m[K->setStartState(*arm_move_group_->getCurrentState());
[4.454s]       |       [01;31m[K^~~~~~~~~~~~~~~[m[K
[4.455s] [01m[K/home/jashwanth/arduinobot_ws/src/arduinobot_remote/src/task_server.cpp:316:21:[m[K [01;31m[Kerror: [m[Kâ€˜[01m[Kget_logger[m[Kâ€™ was not declared in this scope; did you mean â€˜[01m[Krclcpp::get_logger[m[Kâ€™?
[4.455s]   316 |         RCLCPP_WARN([01;31m[Kget_logger[m[K(), "Scan position %zu out of bounds, skipping", i + 1);
[4.455s]       |                     [01;31m[K^~~~~~~~~~[m[K
[4.455s] [01m[K/opt/ros/jazzy/include/rclcpp/rclcpp/logger.hpp:107:17:[m[K [01;36m[Knote: [m[Kâ€˜[01m[Krclcpp::get_logger[m[Kâ€™ declared here
[4.455s]   107 |   friend Logger [01;36m[Krclcpp[m[K::get_logger(const std::string & name);
[4.455s]       |                 [01;36m[K^~~~~~[m[K
[4.455s] [01m[K/home/jashwanth/arduinobot_ws/src/arduinobot_remote/src/task_server.cpp:316:9:[m[K [01;31m[Kerror: [m[Ktemplate argument 1 is invalid
[4.455s]   316 |         [01;31m[KRCLCPP_WARN[m[K(get_logger(), "Scan position %zu out of bounds, skipping", i + 1);
[4.455s]       |         [01;31m[K^~~~~~~~~~~[m[K
[4.456s] [01m[K/home/jashwanth/arduinobot_ws/src/arduinobot_remote/src/task_server.cpp:331:23:[m[K [01;31m[Kerror: [m[Kâ€˜[01m[Kget_logger[m[Kâ€™ was not declared in this scope; did you mean â€˜[01m[Krclcpp::get_logger[m[Kâ€™?
[4.456s]   331 |           RCLCPP_INFO([01;31m[Kget_logger[m[K(), "Object detected at position %zu! Initiating pick", i + 1);
[4.457s]       |                       [01;31m[K^~~~~~~~~~[m[K
[4.457s] [01m[K/opt/ros/jazzy/include/rclcpp/rclcpp/logger.hpp:107:17:[m[K [01;36m[Knote: [m[Kâ€˜[01m[Krclcpp::get_logger[m[Kâ€™ declared here
[4.457s]   107 |   friend Logger [01;36m[Krclcpp[m[K::get_logger(const std::string & name);
[4.457s]       |                 [01;36m[K^~~~~~[m[K
[4.457s] [01m[K/home/jashwanth/arduinobot_ws/src/arduinobot_remote/src/task_server.cpp:331:11:[m[K [01;31m[Kerror: [m[Ktemplate argument 1 is invalid
[4.457s]   331 |           [01;31m[KRCLCPP_INFO[m[K(get_logger(), "Object detected at position %zu! Initiating pick", i + 1);
[4.457s]       |           [01;31m[K^~~~~~~~~~~[m[K
[4.463s] [01m[K/home/jashwanth/arduinobot_ws/src/arduinobot_remote/src/task_server.cpp:332:11:[m[K [01;31m[Kerror: [m[Kâ€˜[01m[KperformPickSequence[m[Kâ€™ was not declared in this scope; did you mean â€˜[01m[KperformScanningSequence[m[Kâ€™?
[4.463s]   332 |           [01;31m[KperformPickSequence[m[K();
[4.463s]       |           [01;31m[K^~~~~~~~~~~~~~~~~~~[m[K
[4.463s]       |           [32m[KperformScanningSequence[m[K
[4.464s] [01m[K/home/jashwanth/arduinobot_ws/src/arduinobot_remote/src/task_server.cpp:338:22:[m[K [01;31m[Kerror: [m[Kâ€˜[01m[Kget_logger[m[Kâ€™ was not declared in this scope; did you mean â€˜[01m[Krclcpp::get_logger[m[Kâ€™?
[4.464s]   338 |         RCLCPP_ERROR([01;31m[Kget_logger[m[K(), "Failed to plan to scan position %zu", i + 1);
[4.465s]       |                      [01;31m[K^~~~~~~~~~[m[K
[4.465s] [01m[K/opt/ros/jazzy/include/rclcpp/rclcpp/logger.hpp:107:17:[m[K [01;36m[Knote: [m[Kâ€˜[01m[Krclcpp::get_logger[m[Kâ€™ declared here
[4.465s]   107 |   friend Logger [01;36m[Krclcpp[m[K::get_logger(const std::string & name);
[4.465s]       |                 [01;36m[K^~~~~~[m[K
[4.465s] [01m[K/home/jashwanth/arduinobot_ws/src/arduinobot_remote/src/task_server.cpp:338:9:[m[K [01;31m[Kerror: [m[Ktemplate argument 1 is invalid
[4.465s]   338 |         [01;31m[KRCLCPP_ERROR[m[K(get_logger(), "Failed to plan to scan position %zu", i + 1);
[4.465s]       |         [01;31m[K^~~~~~~~~~~~[m[K
[4.466s] [01m[K/home/jashwanth/arduinobot_ws/src/arduinobot_remote/src/task_server.cpp:342:17:[m[K [01;31m[Kerror: [m[Kâ€˜[01m[Kget_logger[m[Kâ€™ was not declared in this scope; did you mean â€˜[01m[Krclcpp::get_logger[m[Kâ€™?
[4.466s]   342 |     RCLCPP_INFO([01;31m[Kget_logger[m[K(), "360-degree scan completed");
[4.466s]       |                 [01;31m[K^~~~~~~~~~[m[K
[4.466s] [01m[K/opt/ros/jazzy/include/rclcpp/rclcpp/logger.hpp:107:17:[m[K [01;36m[Knote: [m[Kâ€˜[01m[Krclcpp::get_logger[m[Kâ€™ declared here
[4.466s]   107 |   friend Logger [01;36m[Krclcpp[m[K::get_logger(const std::string & name);
[4.466s]       |                 [01;36m[K^~~~~~[m[K
[4.466s] [01m[K/home/jashwanth/arduinobot_ws/src/arduinobot_remote/src/task_server.cpp:342:5:[m[K [01;31m[Kerror: [m[Ktemplate argument 1 is invalid
[4.466s]   342 |     [01;31m[KRCLCPP_INFO[m[K(get_logger(), "360-degree scan completed");
[4.466s]       |     [01;31m[K^~~~~~~~~~~[m[K
[4.469s] [01m[K/home/jashwanth/arduinobot_ws/src/arduinobot_remote/src/task_server.cpp:[m[K In function â€˜[01m[Krclcpp_action::GoalResponse[01;32m[K goalCallback[m[K(const rclcpp_action::GoalUUID&, std::shared_ptr<const arduinobot_msgs::action::ArduinobotTask_Goal_<std::allocator<void> > >)[m[Kâ€™:
[4.469s] [01m[K/home/jashwanth/arduinobot_ws/src/arduinobot_remote/src/task_server.cpp:349:17:[m[K [01;31m[Kerror: [m[Kâ€˜[01m[Kget_logger[m[Kâ€™ was not declared in this scope; did you mean â€˜[01m[Krclcpp::get_logger[m[Kâ€™?
[4.469s]   349 |     RCLCPP_INFO([01;31m[Kget_logger[m[K(), "Received goal request with id %d", goal->task_number);
[4.469s]       |                 [01;31m[K^~~~~~~~~~[m[K
[4.469s] [01m[K/opt/ros/jazzy/include/rclcpp/rclcpp/logger.hpp:107:17:[m[K [01;36m[Knote: [m[Kâ€˜[01m[Krclcpp::get_logger[m[Kâ€™ declared here
[4.469s]   107 |   friend Logger [01;36m[Krclcpp[m[K::get_logger(const std::string & name);
[4.469s]       |                 [01;36m[K^~~~~~[m[K
[4.470s] [01m[K/home/jashwanth/arduinobot_ws/src/arduinobot_remote/src/task_server.cpp:349:5:[m[K [01;31m[Kerror: [m[Ktemplate argument 1 is invalid
[4.470s]   349 |     [01;31m[KRCLCPP_INFO[m[K(get_logger(), "Received goal request with id %d", goal->task_number);
[4.470s]       |     [01;31m[K^~~~~~~~~~~[m[K
[4.472s] [01m[K/home/jashwanth/arduinobot_ws/src/arduinobot_remote/src/task_server.cpp:[m[K In function â€˜[01m[Krclcpp_action::CancelResponse[01;32m[K cancelCallback[m[K(std::shared_ptr<rclcpp_action::ServerGoalHandle<arduinobot_msgs::action::ArduinobotTask> >)[m[Kâ€™:
[4.472s] [01m[K/home/jashwanth/arduinobot_ws/src/arduinobot_remote/src/task_server.cpp:358:17:[m[K [01;31m[Kerror: [m[Kâ€˜[01m[Kget_logger[m[Kâ€™ was not declared in this scope; did you mean â€˜[01m[Krclcpp::get_logger[m[Kâ€™?
[4.472s]   358 |     RCLCPP_INFO([01;31m[Kget_logger[m[K(), "Received request to cancel goal");
[4.472s]       |                 [01;31m[K^~~~~~~~~~[m[K
[4.472s] [01m[K/opt/ros/jazzy/include/rclcpp/rclcpp/logger.hpp:107:17:[m[K [01;36m[Knote: [m[Kâ€˜[01m[Krclcpp::get_logger[m[Kâ€™ declared here
[4.472s]   107 |   friend Logger [01;36m[Krclcpp[m[K::get_logger(const std::string & name);
[4.472s]       |                 [01;36m[K^~~~~~[m[K
[4.472s] [01m[K/home/jashwanth/arduinobot_ws/src/arduinobot_remote/src/task_server.cpp:358:5:[m[K [01;31m[Kerror: [m[Ktemplate argument 1 is invalid
[4.472s]   358 |     [01;31m[KRCLCPP_INFO[m[K(get_logger(), "Received request to cancel goal");
[4.472s]       |     [01;31m[K^~~~~~~~~~~[m[K
[4.479s] [01m[K/home/jashwanth/arduinobot_ws/src/arduinobot_remote/src/task_server.cpp:359:8:[m[K [01;31m[Kerror: [m[Kâ€˜[01m[Karm_move_group_[m[Kâ€™ was not declared in this scope
[4.479s]   359 |     if([01;31m[Karm_move_group_[m[K){
[4.479s]       |        [01;31m[K^~~~~~~~~~~~~~~[m[K
[4.487s] [01m[K/home/jashwanth/arduinobot_ws/src/arduinobot_remote/src/task_server.cpp:362:8:[m[K [01;31m[Kerror: [m[Kâ€˜[01m[Kgripper_move_group_[m[Kâ€™ was not declared in this scope
[4.487s]   362 |     if([01;31m[Kgripper_move_group_[m[K){
[4.487s]       |        [01;31m[K^~~~~~~~~~~~~~~~~~~[m[K
[4.488s] [01m[K/home/jashwanth/arduinobot_ws/src/arduinobot_remote/src/task_server.cpp:[m[K In function â€˜[01m[Kvoid[01;32m[K acceptedCallback[m[K(std::shared_ptr<rclcpp_action::ServerGoalHandle<arduinobot_msgs::action::ArduinobotTask> >)[m[Kâ€™:
[4.488s] [01m[K/home/jashwanth/arduinobot_ws/src/arduinobot_remote/src/task_server.cpp:372:29:[m[K [01;31m[Kerror: [m[Kâ€˜[01m[KTaskServer[m[Kâ€™ was not declared in this scope; did you mean â€˜[01m[Karduinobot_remote::TaskServer[m[Kâ€™?
[4.488s]   372 |     std::thread{ std::bind(&[01;31m[KTaskServer[m[K::execute, this, _1), goal_handle }.detach();
[4.488s]       |                             [01;31m[K^~~~~~~~~~[m[K
[4.488s]       |                             [32m[Karduinobot_remote::TaskServer[m[K
[4.488s] [01m[K/home/jashwanth/arduinobot_ws/src/arduinobot_remote/src/task_server.cpp:19:7:[m[K [01;36m[Knote: [m[Kâ€˜[01m[Karduinobot_remote::TaskServer[m[Kâ€™ declared here
[4.488s]    19 | class [01;36m[KTaskServer[m[K : public rclcpp::Node
[4.488s]       |       [01;36m[K^~~~~~~~~~[m[K
[4.491s] [01m[K/home/jashwanth/arduinobot_ws/src/arduinobot_remote/src/task_server.cpp:372:50:[m[K [01;31m[Kerror: [m[Kinvalid use of â€˜[01m[Kthis[m[Kâ€™ in non-member function
[4.491s]   372 |     std::thread{ std::bind(&TaskServer::execute, [01;31m[Kthis[m[K, _1), goal_handle }.detach();
[4.491s]       |                                                  [01;31m[K^~~~[m[K
[4.491s] [01m[K/home/jashwanth/arduinobot_ws/src/arduinobot_remote/src/task_server.cpp:372:73:[m[K [01;31m[Kerror: [m[Kno matching function for call to â€˜[01m[Kstd::thread::thread(<brace-enclosed initializer list>)[m[Kâ€™
[4.491s]   372 |     std::thread{ std::bind(&TaskServer::execute, this, _1), goal_handle [01;31m[K}[m[K.detach();
[4.491s]       |                                                                         [01;31m[K^[m[K
[4.491s] In file included from [01m[K/usr/include/c++/13/future:51[m[K,
[4.491s]                  from [01m[K/opt/ros/jazzy/include/rclcpp/rclcpp/executors.hpp:18[m[K,
[4.491s]                  from [01m[K/opt/ros/jazzy/include/rclcpp/rclcpp/rclcpp.hpp:172[m[K:
[4.491s] [01m[K/usr/include/c++/13/bits/std_thread.h:154:7:[m[K [01;36m[Knote: [m[Kcandidate: â€˜[01m[Ktemplate<class _Callable, class ... _Args, class> std::thread::[01;32m[Kthread[m[K(_Callable&&, _Args&& ...)[m[Kâ€™
[4.491s]   154 |       [01;36m[Kthread[m[K(_Callable&& __f, _Args&&... __args)
[4.491s]       |       [01;36m[K^~~~~~[m[K
[4.492s] [01m[K/usr/include/c++/13/bits/std_thread.h:154:7:[m[K [01;36m[Knote: [m[K  template argument deduction/substitution failed:
[4.492s] [01m[K/usr/include/c++/13/bits/std_thread.h:178:5:[m[K [01;36m[Knote: [m[Kcandidate: â€˜[01m[Kstd::thread::[01;32m[Kthread[m[K(std::thread&&)[m[Kâ€™
[4.492s]   178 |     [01;36m[Kthread[m[K(thread&& __t) noexcept
[4.492s]       |     [01;36m[K^~~~~~[m[K
[4.492s] [01m[K/usr/include/c++/13/bits/std_thread.h:178:5:[m[K [01;36m[Knote: [m[K  candidate expects 1 argument, 2 provided
[4.492s] [01m[K/usr/include/c++/13/bits/std_thread.h:132:5:[m[K [01;36m[Knote: [m[Kcandidate: â€˜[01m[Kstd::thread::[01;32m[Kthread[m[K()[m[Kâ€™
[4.492s]   132 |     [01;36m[Kthread[m[K() noexcept = default;
[4.492s]       |     [01;36m[K^~~~~~[m[K
[4.492s] [01m[K/usr/include/c++/13/bits/std_thread.h:132:5:[m[K [01;36m[Knote: [m[K  candidate expects 0 arguments, 2 provided
[4.493s] [01m[K/home/jashwanth/arduinobot_ws/src/arduinobot_remote/src/task_server.cpp:[m[K In function â€˜[01m[Kvoid[01;32m[K execute[m[K(std::shared_ptr<rclcpp_action::ServerGoalHandle<arduinobot_msgs::action::ArduinobotTask> >)[m[Kâ€™:
[4.493s] [01m[K/home/jashwanth/arduinobot_ws/src/arduinobot_remote/src/task_server.cpp:377:17:[m[K [01;31m[Kerror: [m[Kâ€˜[01m[Kget_logger[m[Kâ€™ was not declared in this scope; did you mean â€˜[01m[Krclcpp::get_logger[m[Kâ€™?
[4.493s]   377 |     RCLCPP_INFO([01;31m[Kget_logger[m[K(), "Executing goal");
[4.493s]       |                 [01;31m[K^~~~~~~~~~[m[K
[4.493s] [01m[K/opt/ros/jazzy/include/rclcpp/rclcpp/logger.hpp:107:17:[m[K [01;36m[Knote: [m[Kâ€˜[01m[Krclcpp::get_logger[m[Kâ€™ declared here
[4.493s]   107 |   friend Logger [01;36m[Krclcpp[m[K::get_logger(const std::string & name);
[4.493s]       |                 [01;36m[K^~~~~~[m[K
[4.494s] [01m[K/home/jashwanth/arduinobot_ws/src/arduinobot_remote/src/task_server.cpp:377:5:[m[K [01;31m[Kerror: [m[Ktemplate argument 1 is invalid
[4.494s]   377 |     [01;31m[KRCLCPP_INFO[m[K(get_logger(), "Executing goal");
[4.494s]       |     [01;31m[K^~~~~~~~~~~[m[K
[4.501s] [01m[K/home/jashwanth/arduinobot_ws/src/arduinobot_remote/src/task_server.cpp:381:9:[m[K [01;31m[Kerror: [m[Kâ€˜[01m[Karm_move_group_[m[Kâ€™ was not declared in this scope
[4.501s]   381 |     if(![01;31m[Karm_move_group_[m[K){
[4.501s]       |         [01;31m[K^~~~~~~~~~~~~~~[m[K
[4.508s] [01m[K/home/jashwanth/arduinobot_ws/src/arduinobot_remote/src/task_server.cpp:382:90:[m[K [01;31m[Kerror: [m[Kâ€˜[01m[Kshared_from_this[m[Kâ€™ was not declared in this scope
[4.508s]   382 |       arm_move_group_ = std::make_shared<moveit::planning_interface::MoveGroupInterface>([01;31m[Kshared_from_this[m[K(), "arm");
[4.508s]       |                                                                                          [01;31m[K^~~~~~~~~~~~~~~~[m[K
[4.516s] [01m[K/home/jashwanth/arduinobot_ws/src/arduinobot_remote/src/task_server.cpp:384:9:[m[K [01;31m[Kerror: [m[Kâ€˜[01m[Kgripper_move_group_[m[Kâ€™ was not declared in this scope
[4.516s]   384 |     if(![01;31m[Kgripper_move_group_[m[K){
[4.516s]       |         [01;31m[K^~~~~~~~~~~~~~~~~~~[m[K
[4.524s] [01m[K/home/jashwanth/arduinobot_ws/src/arduinobot_remote/src/task_server.cpp:385:94:[m[K [01;31m[Kerror: [m[Kâ€˜[01m[Kshared_from_this[m[Kâ€™ was not declared in this scope
[4.524s]   385 |       gripper_move_group_ = std::make_shared<moveit::planning_interface::MoveGroupInterface>([01;31m[Kshared_from_this[m[K(), "gripper");
[4.524s]       |                                                                                              [01;31m[K^~~~~~~~~~~~~~~~[m[K
[4.538s] [01m[K/home/jashwanth/arduinobot_ws/src/arduinobot_remote/src/task_server.cpp:390:7:[m[K [01;31m[Kerror: [m[Kâ€˜[01m[Karm_joint_goal_[m[Kâ€™ was not declared in this scope
[4.538s]   390 |       [01;31m[Karm_joint_goal_[m[K = {0.0, 0.0, 0.0};
[4.538s]       |       [01;31m[K^~~~~~~~~~~~~~~[m[K
[4.548s] [01m[K/home/jashwanth/arduinobot_ws/src/arduinobot_remote/src/task_server.cpp:391:7:[m[K [01;31m[Kerror: [m[Kâ€˜[01m[Kgripper_joint_goal_[m[Kâ€™ was not declared in this scope
[4.548s]   391 |       [01;31m[Kgripper_joint_goal_[m[K = {-0.7, 0.7};
[4.548s]       |       [01;31m[K^~~~~~~~~~~~~~~~~~~[m[K
[4.557s] [01m[K/home/jashwanth/arduinobot_ws/src/arduinobot_remote/src/task_server.cpp:395:7:[m[K [01;31m[Kerror: [m[Kâ€˜[01m[Karm_joint_goal_[m[Kâ€™ was not declared in this scope
[4.557s]   395 |       [01;31m[Karm_joint_goal_[m[K = {-1.14, -0.6, -0.07};
[4.557s]       |       [01;31m[K^~~~~~~~~~~~~~~[m[K
[4.565s] [01m[K/home/jashwanth/arduinobot_ws/src/arduinobot_remote/src/task_server.cpp:396:7:[m[K [01;31m[Kerror: [m[Kâ€˜[01m[Kgripper_joint_goal_[m[Kâ€™ was not declared in this scope
[4.565s]   396 |       [01;31m[Kgripper_joint_goal_[m[K = {0.0, 0.0};
[4.565s]       |       [01;31m[K^~~~~~~~~~~~~~~~~~~[m[K
[4.573s] [01m[K/home/jashwanth/arduinobot_ws/src/arduinobot_remote/src/task_server.cpp:400:7:[m[K [01;31m[Kerror: [m[Kâ€˜[01m[Karm_joint_goal_[m[Kâ€™ was not declared in this scope
[4.573s]   400 |       [01;31m[Karm_joint_goal_[m[K = {-1.57,0.0,-0.9};
[4.573s]       |       [01;31m[K^~~~~~~~~~~~~~~[m[K
[4.580s] [01m[K/home/jashwanth/arduinobot_ws/src/arduinobot_remote/src/task_server.cpp:401:7:[m[K [01;31m[Kerror: [m[Kâ€˜[01m[Kgripper_joint_goal_[m[Kâ€™ was not declared in this scope
[4.580s]   401 |       [01;31m[Kgripper_joint_goal_[m[K = {0.0, 0.0};
[4.580s]       |       [01;31m[K^~~~~~~~~~~~~~~~~~~[m[K
[4.581s] [01m[K/home/jashwanth/arduinobot_ws/src/arduinobot_remote/src/task_server.cpp:406:19:[m[K [01;31m[Kerror: [m[Kâ€˜[01m[Kget_logger[m[Kâ€™ was not declared in this scope; did you mean â€˜[01m[Krclcpp::get_logger[m[Kâ€™?
[4.581s]   406 |       RCLCPP_INFO([01;31m[Kget_logger[m[K(), "Entering scanning mode - performing 360-degree scan");
[4.581s]       |                   [01;31m[K^~~~~~~~~~[m[K
[4.581s] [01m[K/opt/ros/jazzy/include/rclcpp/rclcpp/logger.hpp:107:17:[m[K [01;36m[Knote: [m[Kâ€˜[01m[Krclcpp::get_logger[m[Kâ€™ declared here
[4.581s]   107 |   friend Logger [01;36m[Krclcpp[m[K::get_logger(const std::string & name);
[4.581s]       |                 [01;36m[K^~~~~~[m[K
[4.581s] [01m[K/home/jashwanth/arduinobot_ws/src/arduinobot_remote/src/task_server.cpp:406:7:[m[K [01;31m[Kerror: [m[Ktemplate argument 1 is invalid
[4.581s]   406 |       [01;31m[KRCLCPP_INFO[m[K(get_logger(), "Entering scanning mode - performing 360-degree scan");
[4.581s]       |       [01;31m[K^~~~~~~~~~~[m[K
[4.583s] [01m[K/home/jashwanth/arduinobot_ws/src/arduinobot_remote/src/task_server.cpp:410:19:[m[K [01;31m[Kerror: [m[Kâ€˜[01m[Kget_logger[m[Kâ€™ was not declared in this scope; did you mean â€˜[01m[Krclcpp::get_logger[m[Kâ€™?
[4.583s]   410 |       RCLCPP_INFO([01;31m[Kget_logger[m[K(), "Scanning completed");
[4.583s]       |                   [01;31m[K^~~~~~~~~~[m[K
[4.583s] [01m[K/opt/ros/jazzy/include/rclcpp/rclcpp/logger.hpp:107:17:[m[K [01;36m[Knote: [m[Kâ€˜[01m[Krclcpp::get_logger[m[Kâ€™ declared here
[4.583s]   107 |   friend Logger [01;36m[Krclcpp[m[K::get_logger(const std::string & name);
[4.583s]       |                 [01;36m[K^~~~~~[m[K
[4.583s] [01m[K/home/jashwanth/arduinobot_ws/src/arduinobot_remote/src/task_server.cpp:410:7:[m[K [01;31m[Kerror: [m[Ktemplate argument 1 is invalid
[4.584s]   410 |       [01;31m[KRCLCPP_INFO[m[K(get_logger(), "Scanning completed");
[4.584s]       |       [01;31m[K^~~~~~~~~~~[m[K
[4.585s] [01m[K/home/jashwanth/arduinobot_ws/src/arduinobot_remote/src/task_server.cpp:416:19:[m[K [01;31m[Kerror: [m[Kâ€˜[01m[Kget_logger[m[Kâ€™ was not declared in this scope; did you mean â€˜[01m[Krclcpp::get_logger[m[Kâ€™?
[4.585s]   416 |       RCLCPP_INFO([01;31m[Kget_logger[m[K(), "Picking detected object");
[4.585s]       |                   [01;31m[K^~~~~~~~~~[m[K
[4.585s] [01m[K/opt/ros/jazzy/include/rclcpp/rclcpp/logger.hpp:107:17:[m[K [01;36m[Knote: [m[Kâ€˜[01m[Krclcpp::get_logger[m[Kâ€™ declared here
[4.585s]   107 |   friend Logger [01;36m[Krclcpp[m[K::get_logger(const std::string & name);
[4.585s]       |                 [01;36m[K^~~~~~[m[K
[4.585s] [01m[K/home/jashwanth/arduinobot_ws/src/arduinobot_remote/src/task_server.cpp:416:7:[m[K [01;31m[Kerror: [m[Ktemplate argument 1 is invalid
[4.585s]   416 |       [01;31m[KRCLCPP_INFO[m[K(get_logger(), "Picking detected object");
[4.585s]       |       [01;31m[K^~~~~~~~~~~[m[K
[4.591s] [01m[K/home/jashwanth/arduinobot_ws/src/arduinobot_remote/src/task_server.cpp:417:7:[m[K [01;31m[Kerror: [m[Kâ€˜[01m[Karm_joint_goal_[m[Kâ€™ was not declared in this scope
[4.591s]   417 |       [01;31m[Karm_joint_goal_[m[K = {-0.8, -0.4, -0.05};  // Less aggressive, higher position
[4.591s]       |       [01;31m[K^~~~~~~~~~~~~~~[m[K
[4.599s] [01m[K/home/jashwanth/arduinobot_ws/src/arduinobot_remote/src/task_server.cpp:418:7:[m[K [01;31m[Kerror: [m[Kâ€˜[01m[Kgripper_joint_goal_[m[Kâ€™ was not declared in this scope
[4.599s]   418 |       [01;31m[Kgripper_joint_goal_[m[K = {0.0, 0.0};
[4.599s]       |       [01;31m[K^~~~~~~~~~~~~~~~~~~[m[K
[4.600s] [01m[K/home/jashwanth/arduinobot_ws/src/arduinobot_remote/src/task_server.cpp:423:19:[m[K [01;31m[Kerror: [m[Kâ€˜[01m[Kget_logger[m[Kâ€™ was not declared in this scope; did you mean â€˜[01m[Krclcpp::get_logger[m[Kâ€™?
[4.600s]   423 |       RCLCPP_INFO([01;31m[Kget_logger[m[K(), "Placing object in drop zone");
[4.600s]       |                   [01;31m[K^~~~~~~~~~[m[K
[4.600s] [01m[K/opt/ros/jazzy/include/rclcpp/rclcpp/logger.hpp:107:17:[m[K [01;36m[Knote: [m[Kâ€˜[01m[Krclcpp::get_logger[m[Kâ€™ declared here
[4.600s]   107 |   friend Logger [01;36m[Krclcpp[m[K::get_logger(const std::string & name);
[4.600s]       |                 [01;36m[K^~~~~~[m[K
[4.600s] [01m[K/home/jashwanth/arduinobot_ws/src/arduinobot_remote/src/task_server.cpp:423:7:[m[K [01;31m[Kerror: [m[Ktemplate argument 1 is invalid
[4.600s]   423 |       [01;31m[KRCLCPP_INFO[m[K(get_logger(), "Placing object in drop zone");
[4.600s]       |       [01;31m[K^~~~~~~~~~~[m[K
[4.608s] [01m[K/home/jashwanth/arduinobot_ws/src/arduinobot_remote/src/task_server.cpp:424:7:[m[K [01;31m[Kerror: [m[Kâ€˜[01m[Karm_joint_goal_[m[Kâ€™ was not declared in this scope
[4.608s]   424 |       [01;31m[Karm_joint_goal_[m[K = {-0.6, -0.3, -0.1};  // More conservative approach
[4.608s]       |       [01;31m[K^~~~~~~~~~~~~~~[m[K
[4.618s] [01m[K/home/jashwanth/arduinobot_ws/src/arduinobot_remote/src/task_server.cpp:425:7:[m[K [01;31m[Kerror: [m[Kâ€˜[01m[Kgripper_joint_goal_[m[Kâ€™ was not declared in this scope
[4.618s]   425 |       [01;31m[Kgripper_joint_goal_[m[K = {-0.7, 0.7};
[4.618s]       |       [01;31m[K^~~~~~~~~~~~~~~~~~~[m[K
[4.620s] [01m[K/home/jashwanth/arduinobot_ws/src/arduinobot_remote/src/task_server.cpp:430:19:[m[K [01;31m[Kerror: [m[Kâ€˜[01m[Kget_logger[m[Kâ€™ was not declared in this scope; did you mean â€˜[01m[Krclcpp::get_logger[m[Kâ€™?
[4.620s]   430 |       RCLCPP_INFO([01;31m[Kget_logger[m[K(), "Test scanning position");
[4.620s]       |                   [01;31m[K^~~~~~~~~~[m[K
[4.620s] [01m[K/opt/ros/jazzy/include/rclcpp/rclcpp/logger.hpp:107:17:[m[K [01;36m[Knote: [m[Kâ€˜[01m[Krclcpp::get_logger[m[Kâ€™ declared here
[4.620s]   107 |   friend Logger [01;36m[Krclcpp[m[K::get_logger(const std::string & name);
[4.620s]       |                 [01;36m[K^~~~~~[m[K
[4.621s] [01m[K/home/jashwanth/arduinobot_ws/src/arduinobot_remote/src/task_server.cpp:430:7:[m[K [01;31m[Kerror: [m[Ktemplate argument 1 is invalid
[4.621s]   430 |       [01;31m[KRCLCPP_INFO[m[K(get_logger(), "Test scanning position");
[4.621s]       |       [01;31m[K^~~~~~~~~~~[m[K
[4.632s] [01m[K/home/jashwanth/arduinobot_ws/src/arduinobot_remote/src/task_server.cpp:431:7:[m[K [01;31m[Kerror: [m[Kâ€˜[01m[Karm_joint_goal_[m[Kâ€™ was not declared in this scope
[4.632s]   431 |       [01;31m[Karm_joint_goal_[m[K = {0.0, 0.5, -1.0};  // Base straight, shoulder back, elbow down
[4.632s]       |       [01;31m[K^~~~~~~~~~~~~~~[m[K
[4.643s] [01m[K/home/jashwanth/arduinobot_ws/src/arduinobot_remote/src/task_server.cpp:432:7:[m[K [01;31m[Kerror: [m[Kâ€˜[01m[Kgripper_joint_goal_[m[Kâ€™ was not declared in this scope
[4.643s]   432 |       [01;31m[Kgripper_joint_goal_[m[K = {-0.7, 0.7};
[4.643s]       |       [01;31m[K^~~~~~~~~~~~~~~~~~~[m[K
[4.644s] [01m[K/home/jashwanth/arduinobot_ws/src/arduinobot_remote/src/task_server.cpp:437:19:[m[K [01;31m[Kerror: [m[Kâ€˜[01m[Kget_logger[m[Kâ€™ was not declared in this scope; did you mean â€˜[01m[Krclcpp::get_logger[m[Kâ€™?
[4.645s]   437 |       RCLCPP_INFO([01;31m[Kget_logger[m[K(), "Scanning for RED objects only");
[4.645s]       |                   [01;31m[K^~~~~~~~~~[m[K
[4.645s] [01m[K/opt/ros/jazzy/include/rclcpp/rclcpp/logger.hpp:107:17:[m[K [01;36m[Knote: [m[Kâ€˜[01m[Krclcpp::get_logger[m[Kâ€™ declared here
[4.645s]   107 |   friend Logger [01;36m[Krclcpp[m[K::get_logger(const std::string & name);
[4.645s]       |                 [01;36m[K^~~~~~[m[K
[4.645s] [01m[K/home/jashwanth/arduinobot_ws/src/arduinobot_remote/src/task_server.cpp:437:7:[m[K [01;31m[Kerror: [m[Ktemplate argument 1 is invalid
[4.645s]   437 |       [01;31m[KRCLCPP_INFO[m[K(get_logger(), "Scanning for RED objects only");
[4.645s]       |       [01;31m[K^~~~~~~~~~~[m[K
[4.651s] [01m[K/home/jashwanth/arduinobot_ws/src/arduinobot_remote/src/task_server.cpp:438:7:[m[K [01;31m[Kerror: [m[Kâ€˜[01m[KsetTargetColor[m[Kâ€™ was not declared in this scope
[4.651s]   438 |       [01;31m[KsetTargetColor[m[K("red");
[4.651s]       |       [01;31m[K^~~~~~~~~~~~~~[m[K
[4.653s] [01m[K/home/jashwanth/arduinobot_ws/src/arduinobot_remote/src/task_server.cpp:442:19:[m[K [01;31m[Kerror: [m[Kâ€˜[01m[Kget_logger[m[Kâ€™ was not declared in this scope; did you mean â€˜[01m[Krclcpp::get_logger[m[Kâ€™?
[4.653s]   442 |       RCLCPP_INFO([01;31m[Kget_logger[m[K(), "RED object scanning completed");
[4.653s]       |                   [01;31m[K^~~~~~~~~~[m[K
[4.653s] [01m[K/opt/ros/jazzy/include/rclcpp/rclcpp/logger.hpp:107:17:[m[K [01;36m[Knote: [m[Kâ€˜[01m[Krclcpp::get_logger[m[Kâ€™ declared here
[4.653s]   107 |   friend Logger [01;36m[Krclcpp[m[K::get_logger(const std::string & name);
[4.653s]       |                 [01;36m[K^~~~~~[m[K
[4.653s] [01m[K/home/jashwanth/arduinobot_ws/src/arduinobot_remote/src/task_server.cpp:442:7:[m[K [01;31m[Kerror: [m[Ktemplate argument 1 is invalid
[4.653s]   442 |       [01;31m[KRCLCPP_INFO[m[K(get_logger(), "RED object scanning completed");
[4.653s]       |       [01;31m[K^~~~~~~~~~~[m[K
[4.655s] [01m[K/home/jashwanth/arduinobot_ws/src/arduinobot_remote/src/task_server.cpp:448:19:[m[K [01;31m[Kerror: [m[Kâ€˜[01m[Kget_logger[m[Kâ€™ was not declared in this scope; did you mean â€˜[01m[Krclcpp::get_logger[m[Kâ€™?
[4.655s]   448 |       RCLCPP_INFO([01;31m[Kget_logger[m[K(), "Scanning for BLUE objects only");
[4.655s]       |                   [01;31m[K^~~~~~~~~~[m[K
[4.655s] [01m[K/opt/ros/jazzy/include/rclcpp/rclcpp/logger.hpp:107:17:[m[K [01;36m[Knote: [m[Kâ€˜[01m[Krclcpp::get_logger[m[Kâ€™ declared here
[4.655s]   107 |   friend Logger [01;36m[Krclcpp[m[K::get_logger(const std::string & name);
[4.655s]       |                 [01;36m[K^~~~~~[m[K
[4.655s] [01m[K/home/jashwanth/arduinobot_ws/src/arduinobot_remote/src/task_server.cpp:448:7:[m[K [01;31m[Kerror: [m[Ktemplate argument 1 is invalid
[4.655s]   448 |       [01;31m[KRCLCPP_INFO[m[K(get_logger(), "Scanning for BLUE objects only");
[4.655s]       |       [01;31m[K^~~~~~~~~~~[m[K
[4.662s] [01m[K/home/jashwanth/arduinobot_ws/src/arduinobot_remote/src/task_server.cpp:449:7:[m[K [01;31m[Kerror: [m[Kâ€˜[01m[KsetTargetColor[m[Kâ€™ was not declared in this scope
[4.662s]   449 |       [01;31m[KsetTargetColor[m[K("blue");
[4.662s]       |       [01;31m[K^~~~~~~~~~~~~~[m[K
[4.664s] [01m[K/home/jashwanth/arduinobot_ws/src/arduinobot_remote/src/task_server.cpp:453:19:[m[K [01;31m[Kerror: [m[Kâ€˜[01m[Kget_logger[m[Kâ€™ was not declared in this scope; did you mean â€˜[01m[Krclcpp::get_logger[m[Kâ€™?
[4.664s]   453 |       RCLCPP_INFO([01;31m[Kget_logger[m[K(), "BLUE object scanning completed");
[4.664s]       |                   [01;31m[K^~~~~~~~~~[m[K
[4.664s] [01m[K/opt/ros/jazzy/include/rclcpp/rclcpp/logger.hpp:107:17:[m[K [01;36m[Knote: [m[Kâ€˜[01m[Krclcpp::get_logger[m[Kâ€™ declared here
[4.664s]   107 |   friend Logger [01;36m[Krclcpp[m[K::get_logger(const std::string & name);
[4.664s]       |                 [01;36m[K^~~~~~[m[K
[4.664s] [01m[K/home/jashwanth/arduinobot_ws/src/arduinobot_remote/src/task_server.cpp:453:7:[m[K [01;31m[Kerror: [m[Ktemplate argument 1 is invalid
[4.664s]   453 |       [01;31m[KRCLCPP_INFO[m[K(get_logger(), "BLUE object scanning completed");
[4.665s]       |       [01;31m[K^~~~~~~~~~~[m[K
[4.666s] [01m[K/home/jashwanth/arduinobot_ws/src/arduinobot_remote/src/task_server.cpp:459:19:[m[K [01;31m[Kerror: [m[Kâ€˜[01m[Kget_logger[m[Kâ€™ was not declared in this scope; did you mean â€˜[01m[Krclcpp::get_logger[m[Kâ€™?
[4.666s]   459 |       RCLCPP_INFO([01;31m[Kget_logger[m[K(), "Scanning for GREEN objects only");
[4.667s]       |                   [01;31m[K^~~~~~~~~~[m[K
[4.667s] [01m[K/opt/ros/jazzy/include/rclcpp/rclcpp/logger.hpp:107:17:[m[K [01;36m[Knote: [m[Kâ€˜[01m[Krclcpp::get_logger[m[Kâ€™ declared here
[4.667s]   107 |   friend Logger [01;36m[Krclcpp[m[K::get_logger(const std::string & name);
[4.667s]       |                 [01;36m[K^~~~~~[m[K
[4.667s] [01m[K/home/jashwanth/arduinobot_ws/src/arduinobot_remote/src/task_server.cpp:459:7:[m[K [01;31m[Kerror: [m[Ktemplate argument 1 is invalid
[4.667s]   459 |       [01;31m[KRCLCPP_INFO[m[K(get_logger(), "Scanning for GREEN objects only");
[4.667s]       |       [01;31m[K^~~~~~~~~~~[m[K
[4.674s] [01m[K/home/jashwanth/arduinobot_ws/src/arduinobot_remote/src/task_server.cpp:460:7:[m[K [01;31m[Kerror: [m[Kâ€˜[01m[KsetTargetColor[m[Kâ€™ was not declared in this scope
[4.674s]   460 |       [01;31m[KsetTargetColor[m[K("green");
[4.674s]       |       [01;31m[K^~~~~~~~~~~~~~[m[K
[4.675s] [01m[K/home/jashwanth/arduinobot_ws/src/arduinobot_remote/src/task_server.cpp:464:19:[m[K [01;31m[Kerror: [m[Kâ€˜[01m[Kget_logger[m[Kâ€™ was not declared in this scope; did you mean â€˜[01m[Krclcpp::get_logger[m[Kâ€™?
[4.676s]   464 |       RCLCPP_INFO([01;31m[Kget_logger[m[K(), "GREEN object scanning completed");
[4.676s]       |                   [01;31m[K^~~~~~~~~~[m[K
[4.676s] [01m[K/opt/ros/jazzy/include/rclcpp/rclcpp/logger.hpp:107:17:[m[K [01;36m[Knote: [m[Kâ€˜[01m[Krclcpp::get_logger[m[Kâ€™ declared here
[4.676s]   107 |   friend Logger [01;36m[Krclcpp[m[K::get_logger(const std::string & name);
[4.676s]       |                 [01;36m[K^~~~~~[m[K
[4.676s] [01m[K/home/jashwanth/arduinobot_ws/src/arduinobot_remote/src/task_server.cpp:464:7:[m[K [01;31m[Kerror: [m[Ktemplate argument 1 is invalid
[4.676s]   464 |       [01;31m[KRCLCPP_INFO[m[K(get_logger(), "GREEN object scanning completed");
[4.676s]       |       [01;31m[K^~~~~~~~~~~[m[K
[4.677s] [01m[K/home/jashwanth/arduinobot_ws/src/arduinobot_remote/src/task_server.cpp:469:20:[m[K [01;31m[Kerror: [m[Kâ€˜[01m[Kget_logger[m[Kâ€™ was not declared in this scope; did you mean â€˜[01m[Krclcpp::get_logger[m[Kâ€™?
[4.677s]   469 |       RCLCPP_ERROR([01;31m[Kget_logger[m[K(), "Invalid Task Number");
[4.677s]       |                    [01;31m[K^~~~~~~~~~[m[K
[4.677s] [01m[K/opt/ros/jazzy/include/rclcpp/rclcpp/logger.hpp:107:17:[m[K [01;36m[Knote: [m[Kâ€˜[01m[Krclcpp::get_logger[m[Kâ€™ declared here
[4.677s]   107 |   friend Logger [01;36m[Krclcpp[m[K::get_logger(const std::string & name);
[4.677s]       |                 [01;36m[K^~~~~~[m[K
[4.677s] [01m[K/home/jashwanth/arduinobot_ws/src/arduinobot_remote/src/task_server.cpp:469:7:[m[K [01;31m[Kerror: [m[Ktemplate argument 1 is invalid
[4.677s]   469 |       [01;31m[KRCLCPP_ERROR[m[K(get_logger(), "Invalid Task Number");
[4.677s]       |       [01;31m[K^~~~~~~~~~~~[m[K
[4.683s] [01m[K/home/jashwanth/arduinobot_ws/src/arduinobot_remote/src/task_server.cpp:473:5:[m[K [01;31m[Kerror: [m[Kâ€˜[01m[Karm_move_group_[m[Kâ€™ was not declared in this scope
[4.683s]   473 |     [01;31m[Karm_move_group_[m[K->setStartState(*arm_move_group_->getCurrentState());
[4.683s]       |     [01;31m[K^~~~~~~~~~~~~~~[m[K
[4.693s] [01m[K/home/jashwanth/arduinobot_ws/src/arduinobot_remote/src/task_server.cpp:474:5:[m[K [01;31m[Kerror: [m[Kâ€˜[01m[Kgripper_move_group_[m[Kâ€™ was not declared in this scope
[4.693s]   474 |     [01;31m[Kgripper_move_group_[m[K->setStartState(*gripper_move_group_->getCurrentState());
[4.693s]       |     [01;31m[K^~~~~~~~~~~~~~~~~~~[m[K
[4.701s] [01m[K/home/jashwanth/arduinobot_ws/src/arduinobot_remote/src/task_server.cpp:476:67:[m[K [01;31m[Kerror: [m[Kâ€˜[01m[Karm_joint_goal_[m[Kâ€™ was not declared in this scope
[4.701s]   476 |     bool arm_within_bounds = arm_move_group_->setJointValueTarget([01;31m[Karm_joint_goal_[m[K);
[4.701s]       |                                                                   [01;31m[K^~~~~~~~~~~~~~~[m[K
[4.709s] [01m[K/home/jashwanth/arduinobot_ws/src/arduinobot_remote/src/task_server.cpp:477:75:[m[K [01;31m[Kerror: [m[Kâ€˜[01m[Kgripper_joint_goal_[m[Kâ€™ was not declared in this scope
[4.709s]   477 |     bool gripper_within_bounds = gripper_move_group_->setJointValueTarget([01;31m[Kgripper_joint_goal_[m[K);
[4.709s]       |                                                                           [01;31m[K^~~~~~~~~~~~~~~~~~~[m[K
[4.710s] [01m[K/home/jashwanth/arduinobot_ws/src/arduinobot_remote/src/task_server.cpp:480:19:[m[K [01;31m[Kerror: [m[Kâ€˜[01m[Kget_logger[m[Kâ€™ was not declared in this scope; did you mean â€˜[01m[Krclcpp::get_logger[m[Kâ€™?
[4.710s]   480 |       RCLCPP_WARN([01;31m[Kget_logger[m[K(),
[4.710s]       |                   [01;31m[K^~~~~~~~~~[m[K
[4.710s] [01m[K/opt/ros/jazzy/include/rclcpp/rclcpp/logger.hpp:107:17:[m[K [01;36m[Knote: [m[Kâ€˜[01m[Krclcpp::get_logger[m[Kâ€™ declared here
[4.710s]   107 |   friend Logger [01;36m[Krclcpp[m[K::get_logger(const std::string & name);
[4.710s]       |                 [01;36m[K^~~~~~[m[K
[4.710s] [01m[K/home/jashwanth/arduinobot_ws/src/arduinobot_remote/src/task_server.cpp:480:7:[m[K [01;31m[Kerror: [m[Ktemplate argument 1 is invalid
[4.710s]   480 |       [01;31m[KRCLCPP_WARN[m[K(get_logger(),
[4.710s]       |       [01;31m[K^~~~~~~~~~~[m[K
[4.712s] [01m[K/home/jashwanth/arduinobot_ws/src/arduinobot_remote/src/task_server.cpp:492:19:[m[K [01;31m[Kerror: [m[Kâ€˜[01m[Kget_logger[m[Kâ€™ was not declared in this scope; did you mean â€˜[01m[Krclcpp::get_logger[m[Kâ€™?
[4.712s]   492 |       RCLCPP_INFO([01;31m[Kget_logger[m[K(), "Planner SUCCEED, moving the arme and the gripper");
[4.712s]       |                   [01;31m[K^~~~~~~~~~[m[K
[4.712s] [01m[K/opt/ros/jazzy/include/rclcpp/rclcpp/logger.hpp:107:17:[m[K [01;36m[Knote: [m[Kâ€˜[01m[Krclcpp::get_logger[m[Kâ€™ declared here
[4.712s]   107 |   friend Logger [01;36m[Krclcpp[m[K::get_logger(const std::string & name);
[4.712s]       |                 [01;36m[K^~~~~~[m[K
[4.712s] [01m[K/home/jashwanth/arduinobot_ws/src/arduinobot_remote/src/task_server.cpp:492:7:[m[K [01;31m[Kerror: [m[Ktemplate argument 1 is invalid
[4.712s]   492 |       [01;31m[KRCLCPP_INFO[m[K(get_logger(), "Planner SUCCEED, moving the arme and the gripper");
[4.712s]       |       [01;31m[K^~~~~~~~~~~[m[K
[4.713s] [01m[K/home/jashwanth/arduinobot_ws/src/arduinobot_remote/src/task_server.cpp:498:20:[m[K [01;31m[Kerror: [m[Kâ€˜[01m[Kget_logger[m[Kâ€™ was not declared in this scope; did you mean â€˜[01m[Krclcpp::get_logger[m[Kâ€™?
[4.713s]   498 |       RCLCPP_ERROR([01;31m[Kget_logger[m[K(), "One or more planners failed!");
[4.713s]       |                    [01;31m[K^~~~~~~~~~[m[K
[4.713s] [01m[K/opt/ros/jazzy/include/rclcpp/rclcpp/logger.hpp:107:17:[m[K [01;36m[Knote: [m[Kâ€˜[01m[Krclcpp::get_logger[m[Kâ€™ declared here
[4.713s]   107 |   friend Logger [01;36m[Krclcpp[m[K::get_logger(const std::string & name);
[4.713s]       |                 [01;36m[K^~~~~~[m[K
[4.713s] [01m[K/home/jashwanth/arduinobot_ws/src/arduinobot_remote/src/task_server.cpp:498:7:[m[K [01;31m[Kerror: [m[Ktemplate argument 1 is invalid
[4.713s]   498 |       [01;31m[KRCLCPP_ERROR[m[K(get_logger(), "One or more planners failed!");
[4.713s]       |       [01;31m[K^~~~~~~~~~~~[m[K
[4.714s] [01m[K/home/jashwanth/arduinobot_ws/src/arduinobot_remote/src/task_server.cpp:504:17:[m[K [01;31m[Kerror: [m[Kâ€˜[01m[Kget_logger[m[Kâ€™ was not declared in this scope; did you mean â€˜[01m[Krclcpp::get_logger[m[Kâ€™?
[4.714s]   504 |     RCLCPP_INFO([01;31m[Kget_logger[m[K(), "Goal succeeded");
[4.714s]       |                 [01;31m[K^~~~~~~~~~[m[K
[4.714s] [01m[K/opt/ros/jazzy/include/rclcpp/rclcpp/logger.hpp:107:17:[m[K [01;36m[Knote: [m[Kâ€˜[01m[Krclcpp::get_logger[m[Kâ€™ declared here
[4.714s]   107 |   friend Logger [01;36m[Krclcpp[m[K::get_logger(const std::string & name);
[4.714s]       |                 [01;36m[K^~~~~~[m[K
[4.714s] [01m[K/home/jashwanth/arduinobot_ws/src/arduinobot_remote/src/task_server.cpp:504:5:[m[K [01;31m[Kerror: [m[Ktemplate argument 1 is invalid
[4.714s]   504 |     [01;31m[KRCLCPP_INFO[m[K(get_logger(), "Goal succeeded");
[4.714s]       |     [01;31m[K^~~~~~~~~~~[m[K
[4.714s] [01m[K/home/jashwanth/arduinobot_ws/src/arduinobot_remote/src/task_server.cpp:[m[K At global scope:
[4.715s] [01m[K/home/jashwanth/arduinobot_ws/src/arduinobot_remote/src/task_server.cpp:506:1:[m[K [01;31m[Kerror: [m[Kexpected declaration before â€˜[01m[K}[m[Kâ€™ token
[4.715s]   506 | [01;31m[K}[m[K;
[4.715s]       | [01;31m[K^[m[K
[4.715s] [01m[K/home/jashwanth/arduinobot_ws/src/arduinobot_remote/src/task_server.cpp:507:1:[m[K [01;31m[Kerror: [m[Kexpected declaration before â€˜[01m[K}[m[Kâ€™ token
[4.715s]   507 | [01;31m[K}[m[K  // namespace arduinobot_remote
[4.715s]       | [01;31m[K^[m[K
[7.884s] gmake[2]: *** [CMakeFiles/task_server.dir/build.make:76: CMakeFiles/task_server.dir/src/task_server.cpp.o] Error 1
[7.885s] gmake[1]: *** [CMakeFiles/Makefile2:142: CMakeFiles/task_server.dir/all] Error 2
[7.885s] gmake: *** [Makefile:146: all] Error 2
[7.887s] Invoked command in '/home/jashwanth/arduinobot_ws/build/arduinobot_remote' returned '2': CMAKE_PREFIX_PATH=/home/jashwanth/arduinobot_ws/install/arduinobot_moveit:/home/jashwanth/arduinobot_ws/install/arduinobot_msgs:/home/jashwanth/arduinobot_ws/install/arduinobot_description:/home/jashwanth/arduinobot_ws/install/arduinobot_utils:/home/jashwanth/arduinobot_ws/install/arduinobot_bringup:/home/jashwanth/arduinobot_ws/install/arduinobot_remote:/home/jashwanth/arduinobot_ws/install/arduinobot_cpp_examples:/home/jashwanth/arduinobot_ws/install/arduinobot_controller:/opt/ros/jazzy/opt/gz_launch_vendor:/opt/ros/jazzy/opt/gz_sim_vendor:/opt/ros/jazzy/opt/gz_sensors_vendor:/opt/ros/jazzy/opt/gz_physics_vendor:/opt/ros/jazzy/opt/sdformat_vendor:/opt/ros/jazzy/opt/gz_gui_vendor:/opt/ros/jazzy/opt/gz_transport_vendor:/opt/ros/jazzy/opt/gz_rendering_vendor:/opt/ros/jazzy/opt/gz_plugin_vendor:/opt/ros/jazzy/opt/gz_fuel_tools_vendor:/opt/ros/jazzy/opt/gz_msgs_vendor:/opt/ros/jazzy/opt/gz_common_vendor:/opt/ros/jazzy/opt/gz_math_vendor:/opt/ros/jazzy/opt/gz_utils_vendor:/opt/ros/jazzy/opt/gz_tools_vendor:/opt/ros/jazzy/opt/gz_ogre_next_vendor:/opt/ros/jazzy/opt/gz_dartsim_vendor:/opt/ros/jazzy/opt/gz_cmake_vendor:/home/jashwanth/arduinobot_ws/install/object_detection:/home/jashwanth/arduinobot_ws/install/arduinobot_py_examples:/opt/ros/jazzy DEBUGINFOD_URLS=https://debuginfod.ubuntu.com LD_LIBRARY_PATH=/home/jashwanth/arduinobot_ws/install/arduinobot_msgs/lib:/home/jashwanth/arduinobot_ws/install/arduinobot_remote/lib:/home/jashwanth/arduinobot_ws/install/arduinobot_cpp_examples/lib:/opt/ros/jazzy/opt/gz_launch_vendor/lib:/opt/ros/jazzy/opt/gz_sim_vendor/lib:/opt/ros/jazzy/opt/gz_sensors_vendor/lib:/opt/ros/jazzy/opt/gz_physics_vendor/lib:/opt/ros/jazzy/opt/sdformat_vendor/lib:/opt/ros/jazzy/opt/rviz_ogre_vendor/lib:/opt/ros/jazzy/lib/x86_64-linux-gnu:/opt/ros/jazzy/opt/gz_gui_vendor/lib:/opt/ros/jazzy/opt/gz_transport_vendor/lib:/opt/ros/jazzy/opt/gz_rendering_vendor/lib:/opt/ros/jazzy/opt/gz_plugin_vendor/lib:/opt/ros/jazzy/opt/gz_fuel_tools_vendor/lib:/opt/ros/jazzy/opt/gz_msgs_vendor/lib:/opt/ros/jazzy/opt/gz_common_vendor/lib:/opt/ros/jazzy/opt/gz_math_vendor/lib:/opt/ros/jazzy/opt/gz_utils_vendor/lib:/opt/ros/jazzy/opt/gz_tools_vendor/lib:/opt/ros/jazzy/opt/gz_ogre_next_vendor/lib:/opt/ros/jazzy/opt/gz_dartsim_vendor/lib:/opt/ros/jazzy/opt/gz_cmake_vendor/lib:/opt/ros/jazzy/lib PYTHONPATH=/home/jashwanth/arduinobot_ws/install/arduinobot_msgs/lib/python3.12/site-packages:/home/jashwanth/arduinobot_ws/install/object_detection/lib/python3.12/site-packages:/home/jashwanth/arduinobot_ws/install/arduinobot_utils/lib/python3.12/site-packages:/home/jashwanth/arduinobot_ws/install/arduinobot_remote/lib/python3.12/site-packages:/home/jashwanth/arduinobot_ws/install/arduinobot_py_examples/lib/python3.12/site-packages:/home/jashwanth/arduinobot_ws/install/arduinobot_controller/lib/python3.12/site-packages:/opt/ros/jazzy/lib/python3.12/site-packages /usr/bin/cmake --build /home/jashwanth/arduinobot_ws/build/arduinobot_remote -- -j20 -l20
