[0.015s] Invoking command in '/home/jashwanth/arduinobot_ws/build/arduinobot_remote': AMENT_PREFIX_PATH=/home/jashwanth/arduinobot_ws/install/arduinobot_moveit:/home/jashwanth/arduinobot_ws/install/arduinobot_msgs:/home/jashwanth/arduinobot_ws/install/arduinobot_description:${AMENT_PREFIX_PATH} CMAKE_PREFIX_PATH=/home/jashwanth/arduinobot_ws/install/arduinobot_moveit:/home/jashwanth/arduinobot_ws/install/arduinobot_msgs:/home/jashwanth/arduinobot_ws/install/arduinobot_description:/opt/ros/jazzy/opt/gz_launch_vendor:/opt/ros/jazzy/opt/gz_sim_vendor:/opt/ros/jazzy/opt/gz_sensors_vendor:/opt/ros/jazzy/opt/gz_physics_vendor:/opt/ros/jazzy/opt/sdformat_vendor:/opt/ros/jazzy/opt/gz_gui_vendor:/opt/ros/jazzy/opt/gz_transport_vendor:/opt/ros/jazzy/opt/gz_rendering_vendor:/opt/ros/jazzy/opt/gz_plugin_vendor:/opt/ros/jazzy/opt/gz_fuel_tools_vendor:/opt/ros/jazzy/opt/gz_msgs_vendor:/opt/ros/jazzy/opt/gz_common_vendor:/opt/ros/jazzy/opt/gz_math_vendor:/opt/ros/jazzy/opt/gz_utils_vendor:/opt/ros/jazzy/opt/gz_tools_vendor:/opt/ros/jazzy/opt/gz_ogre_next_vendor:/opt/ros/jazzy/opt/gz_dartsim_vendor:/opt/ros/jazzy/opt/gz_cmake_vendor:/opt/ros/jazzy DEBUGINFOD_URLS=https://debuginfod.ubuntu.com LD_LIBRARY_PATH=/home/jashwanth/arduinobot_ws/install/arduinobot_msgs/lib:${LD_LIBRARY_PATH} PYTHONPATH=/home/jashwanth/arduinobot_ws/install/arduinobot_msgs/lib/python3.12/site-packages:${PYTHONPATH} /usr/bin/cmake --build /home/jashwanth/arduinobot_ws/build/arduinobot_remote -- -j20 -l20
[0.169s] [ 50%] Built target task_server_node
[0.169s] [ 75%] [32mBuilding CXX object CMakeFiles/task_server.dir/src/task_server.cpp.o[0m
[0.582s] [ 75%] Built target ament_cmake_python_copy_arduinobot_remote
[0.772s] running egg_info
[0.785s] writing arduinobot_remote.egg-info/PKG-INFO
[0.785s] writing dependency_links to arduinobot_remote.egg-info/dependency_links.txt
[0.786s] writing top-level names to arduinobot_remote.egg-info/top_level.txt
[0.822s] reading manifest file 'arduinobot_remote.egg-info/SOURCES.txt'
[0.823s] writing manifest file 'arduinobot_remote.egg-info/SOURCES.txt'
[0.845s] [ 75%] Built target ament_cmake_python_build_arduinobot_remote_egg
[2.898s] [01m[K/home/jashwanth/arduinobot_ws/src/arduinobot_remote/src/task_server.cpp:254:6:[m[K [01;31m[Kerror: [m[Kexpected â€˜[01m[K;[m[Kâ€™ after class definition
[2.898s]   254 |     }
[2.898s]       |      [01;31m[K^[m[K
[2.898s]       |      [32m[K;[m[K
[2.899s] [01m[K/home/jashwanth/arduinobot_ws/src/arduinobot_remote/src/task_server.cpp:[m[K In constructor â€˜[01m[Karduinobot_remote::TaskServer::[01;32m[KTaskServer[m[K(const rclcpp::NodeOptions&)[m[Kâ€™:
[2.899s] [01m[K/home/jashwanth/arduinobot_ws/src/arduinobot_remote/src/task_server.cpp:33:53:[m[K [01;31m[Kerror: [m[Kâ€˜[01m[KgoalCallback[m[Kâ€™ is not a member of â€˜[01m[Karduinobot_remote::TaskServer[m[Kâ€™
[2.899s]    33 |         this, "task_server", std::bind(&TaskServer::[01;31m[KgoalCallback[m[K, this, _1, _2),
[2.899s]       |                                                     [01;31m[K^~~~~~~~~~~~[m[K
[2.900s] [01m[K/home/jashwanth/arduinobot_ws/src/arduinobot_remote/src/task_server.cpp:34:32:[m[K [01;31m[Kerror: [m[Kâ€˜[01m[KcancelCallback[m[Kâ€™ is not a member of â€˜[01m[Karduinobot_remote::TaskServer[m[Kâ€™
[2.900s]    34 |         std::bind(&TaskServer::[01;31m[KcancelCallback[m[K, this, _1),
[2.900s]       |                                [01;31m[K^~~~~~~~~~~~~~[m[K
[2.900s] [01m[K/home/jashwanth/arduinobot_ws/src/arduinobot_remote/src/task_server.cpp:35:32:[m[K [01;31m[Kerror: [m[Kâ€˜[01m[KacceptedCallback[m[Kâ€™ is not a member of â€˜[01m[Karduinobot_remote::TaskServer[m[Kâ€™
[2.900s]    35 |         std::bind(&TaskServer::[01;31m[KacceptedCallback[m[K, this, _1));
[2.900s]       |                                [01;31m[K^~~~~~~~~~~~~~~~[m[K
[2.913s] In file included from [01m[K/opt/ros/jazzy/include/rclcpp/rclcpp/copy_all_parameter_values.hpp:27[m[K,
[2.914s]                  from [01m[K/opt/ros/jazzy/include/rclcpp/rclcpp/rclcpp.hpp:171[m[K,
[2.914s]                  from [01m[K/home/jashwanth/arduinobot_ws/src/arduinobot_remote/src/task_server.cpp:1[m[K:
[2.914s] [01m[K/home/jashwanth/arduinobot_ws/src/arduinobot_remote/src/task_server.cpp:[m[K In function â€˜[01m[Kvoid[01;32m[K performScanningSequence[m[K()[m[Kâ€™:
[2.914s] [01m[K/home/jashwanth/arduinobot_ws/src/arduinobot_remote/src/task_server.cpp:259:17:[m[K [01;31m[Kerror: [m[Kâ€˜[01m[Kget_logger[m[Kâ€™ was not declared in this scope; did you mean â€˜[01m[Krclcpp::get_logger[m[Kâ€™?
[2.914s]   259 |     RCLCPP_INFO([01;31m[Kget_logger[m[K(), "Starting 360-degree scanning sequence");
[2.914s]       |                 [01;31m[K^~~~~~~~~~[m[K
[2.914s] In file included from [01m[K/opt/ros/jazzy/include/rclcpp/rclcpp/copy_all_parameter_values.hpp:26[m[K:
[2.914s] [01m[K/opt/ros/jazzy/include/rclcpp/rclcpp/logger.hpp:107:17:[m[K [01;36m[Knote: [m[Kâ€˜[01m[Krclcpp::get_logger[m[Kâ€™ declared here
[2.914s]   107 |   friend Logger [01;36m[Krclcpp[m[K::get_logger(const std::string & name);
[2.914s]       |                 [01;36m[K^~~~~~[m[K
[2.914s] [01m[K/home/jashwanth/arduinobot_ws/src/arduinobot_remote/src/task_server.cpp:259:5:[m[K [01;31m[Kerror: [m[Ktemplate argument 1 is invalid
[2.914s]   259 |     [01;31m[KRCLCPP_INFO[m[K(get_logger(), "Starting 360-degree scanning sequence");
[2.914s]       |     [01;31m[K^~~~~~~~~~~[m[K
[2.919s] [01m[K/home/jashwanth/arduinobot_ws/src/arduinobot_remote/src/task_server.cpp:262:5:[m[K [01;31m[Kerror: [m[Kâ€˜[01m[Kobject_detected_[m[Kâ€™ was not declared in this scope
[2.919s]   262 |     [01;31m[Kobject_detected_[m[K = false;
[2.919s]       |     [01;31m[K^~~~~~~~~~~~~~~~[m[K
[2.925s] [01m[K/home/jashwanth/arduinobot_ws/src/arduinobot_remote/src/task_server.cpp:263:5:[m[K [01;31m[Kerror: [m[Kâ€˜[01m[Kdetected_object_color_[m[Kâ€™ was not declared in this scope
[2.925s]   263 |     [01;31m[Kdetected_object_color_[m[K = "";
[2.925s]       |     [01;31m[K^~~~~~~~~~~~~~~~~~~~~~[m[K
[2.930s] [01m[K/home/jashwanth/arduinobot_ws/src/arduinobot_remote/src/task_server.cpp:266:9:[m[K [01;31m[Kerror: [m[Kâ€˜[01m[Karm_move_group_[m[Kâ€™ was not declared in this scope
[2.930s]   266 |     if(![01;31m[Karm_move_group_[m[K){
[2.930s]       |         [01;31m[K^~~~~~~~~~~~~~~[m[K
[2.934s] [01m[K/home/jashwanth/arduinobot_ws/src/arduinobot_remote/src/task_server.cpp:267:90:[m[K [01;31m[Kerror: [m[Kâ€˜[01m[Kshared_from_this[m[Kâ€™ was not declared in this scope
[2.934s]   267 |       arm_move_group_ = std::make_shared<moveit::planning_interface::MoveGroupInterface>([01;31m[Kshared_from_this[m[K(), "arm");
[2.934s]       |                                                                                          [01;31m[K^~~~~~~~~~~~~~~~[m[K
[2.939s] [01m[K/home/jashwanth/arduinobot_ws/src/arduinobot_remote/src/task_server.cpp:269:9:[m[K [01;31m[Kerror: [m[Kâ€˜[01m[Kgripper_move_group_[m[Kâ€™ was not declared in this scope
[2.939s]   269 |     if(![01;31m[Kgripper_move_group_[m[K){
[2.940s]       |         [01;31m[K^~~~~~~~~~~~~~~~~~~[m[K
[2.944s] [01m[K/home/jashwanth/arduinobot_ws/src/arduinobot_remote/src/task_server.cpp:270:94:[m[K [01;31m[Kerror: [m[Kâ€˜[01m[Kshared_from_this[m[Kâ€™ was not declared in this scope
[2.944s]   270 |       gripper_move_group_ = std::make_shared<moveit::planning_interface::MoveGroupInterface>([01;31m[Kshared_from_this[m[K(), "gripper");
[2.944s]       |                                                                                              [01;31m[K^~~~~~~~~~~~~~~~[m[K
[2.949s] [01m[K/home/jashwanth/arduinobot_ws/src/arduinobot_remote/src/task_server.cpp:275:5:[m[K [01;31m[Kerror: [m[Kâ€˜[01m[Kgripper_move_group_[m[Kâ€™ was not declared in this scope
[2.949s]   275 |     [01;31m[Kgripper_move_group_[m[K->setStartState(*gripper_move_group_->getCurrentState());
[2.949s]       |     [01;31m[K^~~~~~~~~~~~~~~~~~~[m[K
[2.952s] [01m[K/home/jashwanth/arduinobot_ws/src/arduinobot_remote/src/task_server.cpp:303:21:[m[K [01;31m[Kerror: [m[Kâ€˜[01m[Kget_logger[m[Kâ€™ was not declared in this scope; did you mean â€˜[01m[Krclcpp::get_logger[m[Kâ€™?
[2.952s]   303 |         RCLCPP_INFO([01;31m[Kget_logger[m[K(), "Object detected! Stopping scan and initiating pick sequence");
[2.952s]       |                     [01;31m[K^~~~~~~~~~[m[K
[2.952s] [01m[K/opt/ros/jazzy/include/rclcpp/rclcpp/logger.hpp:107:17:[m[K [01;36m[Knote: [m[Kâ€˜[01m[Krclcpp::get_logger[m[Kâ€™ declared here
[2.952s]   107 |   friend Logger [01;36m[Krclcpp[m[K::get_logger(const std::string & name);
[2.952s]       |                 [01;36m[K^~~~~~[m[K
[2.952s] [01m[K/home/jashwanth/arduinobot_ws/src/arduinobot_remote/src/task_server.cpp:303:9:[m[K [01;31m[Kerror: [m[Ktemplate argument 1 is invalid
[2.952s]   303 |         [01;31m[KRCLCPP_INFO[m[K(get_logger(), "Object detected! Stopping scan and initiating pick sequence");
[2.952s]       |         [01;31m[K^~~~~~~~~~~[m[K
[2.957s] [01m[K/home/jashwanth/arduinobot_ws/src/arduinobot_remote/src/task_server.cpp:304:9:[m[K [01;31m[Kerror: [m[Kâ€˜[01m[KperformPickSequence[m[Kâ€™ was not declared in this scope; did you mean â€˜[01m[KperformScanningSequence[m[Kâ€™?
[2.957s]   304 |         [01;31m[KperformPickSequence[m[K();
[2.957s]       |         [01;31m[K^~~~~~~~~~~~~~~~~~~[m[K
[2.957s]       |         [32m[KperformScanningSequence[m[K
[2.957s] [01m[K/home/jashwanth/arduinobot_ws/src/arduinobot_remote/src/task_server.cpp:308:19:[m[K [01;31m[Kerror: [m[Kâ€˜[01m[Kget_logger[m[Kâ€™ was not declared in this scope; did you mean â€˜[01m[Krclcpp::get_logger[m[Kâ€™?
[2.958s]   308 |       RCLCPP_INFO([01;31m[Kget_logger[m[K(), "Scanning position %zu/%zu", i + 1, scan_positions.size());
[2.958s]       |                   [01;31m[K^~~~~~~~~~[m[K
[2.958s] [01m[K/opt/ros/jazzy/include/rclcpp/rclcpp/logger.hpp:107:17:[m[K [01;36m[Knote: [m[Kâ€˜[01m[Krclcpp::get_logger[m[Kâ€™ declared here
[2.958s]   107 |   friend Logger [01;36m[Krclcpp[m[K::get_logger(const std::string & name);
[2.958s]       |                 [01;36m[K^~~~~~[m[K
[2.958s] [01m[K/home/jashwanth/arduinobot_ws/src/arduinobot_remote/src/task_server.cpp:308:7:[m[K [01;31m[Kerror: [m[Ktemplate argument 1 is invalid
[2.958s]   308 |       [01;31m[KRCLCPP_INFO[m[K(get_logger(), "Scanning position %zu/%zu", i + 1, scan_positions.size());
[2.958s]       |       [01;31m[K^~~~~~~~~~~[m[K
[2.962s] [01m[K/home/jashwanth/arduinobot_ws/src/arduinobot_remote/src/task_server.cpp:311:7:[m[K [01;31m[Kerror: [m[Kâ€˜[01m[Karm_move_group_[m[Kâ€™ was not declared in this scope
[2.962s]   311 |       [01;31m[Karm_move_group_[m[K->setStartState(*arm_move_group_->getCurrentState());
[2.962s]       |       [01;31m[K^~~~~~~~~~~~~~~[m[K
[2.962s] [01m[K/home/jashwanth/arduinobot_ws/src/arduinobot_remote/src/task_server.cpp:316:21:[m[K [01;31m[Kerror: [m[Kâ€˜[01m[Kget_logger[m[Kâ€™ was not declared in this scope; did you mean â€˜[01m[Krclcpp::get_logger[m[Kâ€™?
[2.962s]   316 |         RCLCPP_WARN([01;31m[Kget_logger[m[K(), "Scan position %zu out of bounds, skipping", i + 1);
[2.962s]       |                     [01;31m[K^~~~~~~~~~[m[K
[2.962s] [01m[K/opt/ros/jazzy/include/rclcpp/rclcpp/logger.hpp:107:17:[m[K [01;36m[Knote: [m[Kâ€˜[01m[Krclcpp::get_logger[m[Kâ€™ declared here
[2.962s]   107 |   friend Logger [01;36m[Krclcpp[m[K::get_logger(const std::string & name);
[2.962s]       |                 [01;36m[K^~~~~~[m[K
[2.963s] [01m[K/home/jashwanth/arduinobot_ws/src/arduinobot_remote/src/task_server.cpp:316:9:[m[K [01;31m[Kerror: [m[Ktemplate argument 1 is invalid
[2.963s]   316 |         [01;31m[KRCLCPP_WARN[m[K(get_logger(), "Scan position %zu out of bounds, skipping", i + 1);
[2.963s]       |         [01;31m[K^~~~~~~~~~~[m[K
[2.963s] [01m[K/home/jashwanth/arduinobot_ws/src/arduinobot_remote/src/task_server.cpp:331:23:[m[K [01;31m[Kerror: [m[Kâ€˜[01m[Kget_logger[m[Kâ€™ was not declared in this scope; did you mean â€˜[01m[Krclcpp::get_logger[m[Kâ€™?
[2.963s]   331 |           RCLCPP_INFO([01;31m[Kget_logger[m[K(), "Object detected at position %zu! Initiating pick", i + 1);
[2.963s]       |                       [01;31m[K^~~~~~~~~~[m[K
[2.963s] [01m[K/opt/ros/jazzy/include/rclcpp/rclcpp/logger.hpp:107:17:[m[K [01;36m[Knote: [m[Kâ€˜[01m[Krclcpp::get_logger[m[Kâ€™ declared here
[2.963s]   107 |   friend Logger [01;36m[Krclcpp[m[K::get_logger(const std::string & name);
[2.963s]       |                 [01;36m[K^~~~~~[m[K
[2.963s] [01m[K/home/jashwanth/arduinobot_ws/src/arduinobot_remote/src/task_server.cpp:331:11:[m[K [01;31m[Kerror: [m[Ktemplate argument 1 is invalid
[2.963s]   331 |           [01;31m[KRCLCPP_INFO[m[K(get_logger(), "Object detected at position %zu! Initiating pick", i + 1);
[2.963s]       |           [01;31m[K^~~~~~~~~~~[m[K
[2.968s] [01m[K/home/jashwanth/arduinobot_ws/src/arduinobot_remote/src/task_server.cpp:332:11:[m[K [01;31m[Kerror: [m[Kâ€˜[01m[KperformPickSequence[m[Kâ€™ was not declared in this scope; did you mean â€˜[01m[KperformScanningSequence[m[Kâ€™?
[2.968s]   332 |           [01;31m[KperformPickSequence[m[K();
[2.968s]       |           [01;31m[K^~~~~~~~~~~~~~~~~~~[m[K
[2.968s]       |           [32m[KperformScanningSequence[m[K
[2.968s] [01m[K/home/jashwanth/arduinobot_ws/src/arduinobot_remote/src/task_server.cpp:338:22:[m[K [01;31m[Kerror: [m[Kâ€˜[01m[Kget_logger[m[Kâ€™ was not declared in this scope; did you mean â€˜[01m[Krclcpp::get_logger[m[Kâ€™?
[2.968s]   338 |         RCLCPP_ERROR([01;31m[Kget_logger[m[K(), "Failed to plan to scan position %zu", i + 1);
[2.968s]       |                      [01;31m[K^~~~~~~~~~[m[K
[2.968s] [01m[K/opt/ros/jazzy/include/rclcpp/rclcpp/logger.hpp:107:17:[m[K [01;36m[Knote: [m[Kâ€˜[01m[Krclcpp::get_logger[m[Kâ€™ declared here
[2.968s]   107 |   friend Logger [01;36m[Krclcpp[m[K::get_logger(const std::string & name);
[2.968s]       |                 [01;36m[K^~~~~~[m[K
[2.968s] [01m[K/home/jashwanth/arduinobot_ws/src/arduinobot_remote/src/task_server.cpp:338:9:[m[K [01;31m[Kerror: [m[Ktemplate argument 1 is invalid
[2.969s]   338 |         [01;31m[KRCLCPP_ERROR[m[K(get_logger(), "Failed to plan to scan position %zu", i + 1);
[2.969s]       |         [01;31m[K^~~~~~~~~~~~[m[K
[2.969s] [01m[K/home/jashwanth/arduinobot_ws/src/arduinobot_remote/src/task_server.cpp:342:17:[m[K [01;31m[Kerror: [m[Kâ€˜[01m[Kget_logger[m[Kâ€™ was not declared in this scope; did you mean â€˜[01m[Krclcpp::get_logger[m[Kâ€™?
[2.969s]   342 |     RCLCPP_INFO([01;31m[Kget_logger[m[K(), "360-degree scan completed");
[2.969s]       |                 [01;31m[K^~~~~~~~~~[m[K
[2.969s] [01m[K/opt/ros/jazzy/include/rclcpp/rclcpp/logger.hpp:107:17:[m[K [01;36m[Knote: [m[Kâ€˜[01m[Krclcpp::get_logger[m[Kâ€™ declared here
[2.969s]   107 |   friend Logger [01;36m[Krclcpp[m[K::get_logger(const std::string & name);
[2.969s]       |                 [01;36m[K^~~~~~[m[K
[2.969s] [01m[K/home/jashwanth/arduinobot_ws/src/arduinobot_remote/src/task_server.cpp:342:5:[m[K [01;31m[Kerror: [m[Ktemplate argument 1 is invalid
[2.969s]   342 |     [01;31m[KRCLCPP_INFO[m[K(get_logger(), "360-degree scan completed");
[2.969s]       |     [01;31m[K^~~~~~~~~~~[m[K
[2.970s] [01m[K/home/jashwanth/arduinobot_ws/src/arduinobot_remote/src/task_server.cpp:[m[K In function â€˜[01m[Krclcpp_action::GoalResponse[01;32m[K goalCallback[m[K(const rclcpp_action::GoalUUID&, std::shared_ptr<const arduinobot_msgs::action::ArduinobotTask_Goal_<std::allocator<void> > >)[m[Kâ€™:
[2.970s] [01m[K/home/jashwanth/arduinobot_ws/src/arduinobot_remote/src/task_server.cpp:349:17:[m[K [01;31m[Kerror: [m[Kâ€˜[01m[Kget_logger[m[Kâ€™ was not declared in this scope; did you mean â€˜[01m[Krclcpp::get_logger[m[Kâ€™?
[2.970s]   349 |     RCLCPP_INFO([01;31m[Kget_logger[m[K(), "Received goal request with id %d", goal->task_number);
[2.970s]       |                 [01;31m[K^~~~~~~~~~[m[K
[2.971s] [01m[K/opt/ros/jazzy/include/rclcpp/rclcpp/logger.hpp:107:17:[m[K [01;36m[Knote: [m[Kâ€˜[01m[Krclcpp::get_logger[m[Kâ€™ declared here
[2.971s]   107 |   friend Logger [01;36m[Krclcpp[m[K::get_logger(const std::string & name);
[2.971s]       |                 [01;36m[K^~~~~~[m[K
[2.971s] [01m[K/home/jashwanth/arduinobot_ws/src/arduinobot_remote/src/task_server.cpp:349:5:[m[K [01;31m[Kerror: [m[Ktemplate argument 1 is invalid
[2.971s]   349 |     [01;31m[KRCLCPP_INFO[m[K(get_logger(), "Received goal request with id %d", goal->task_number);
[2.971s]       |     [01;31m[K^~~~~~~~~~~[m[K
[2.971s] [01m[K/home/jashwanth/arduinobot_ws/src/arduinobot_remote/src/task_server.cpp:[m[K In function â€˜[01m[Krclcpp_action::CancelResponse[01;32m[K cancelCallback[m[K(std::shared_ptr<rclcpp_action::ServerGoalHandle<arduinobot_msgs::action::ArduinobotTask> >)[m[Kâ€™:
[2.971s] [01m[K/home/jashwanth/arduinobot_ws/src/arduinobot_remote/src/task_server.cpp:358:17:[m[K [01;31m[Kerror: [m[Kâ€˜[01m[Kget_logger[m[Kâ€™ was not declared in this scope; did you mean â€˜[01m[Krclcpp::get_logger[m[Kâ€™?
[2.971s]   358 |     RCLCPP_INFO([01;31m[Kget_logger[m[K(), "Received request to cancel goal");
[2.971s]       |                 [01;31m[K^~~~~~~~~~[m[K
[2.971s] [01m[K/opt/ros/jazzy/include/rclcpp/rclcpp/logger.hpp:107:17:[m[K [01;36m[Knote: [m[Kâ€˜[01m[Krclcpp::get_logger[m[Kâ€™ declared here
[2.972s]   107 |   friend Logger [01;36m[Krclcpp[m[K::get_logger(const std::string & name);
[2.972s]       |                 [01;36m[K^~~~~~[m[K
[2.972s] [01m[K/home/jashwanth/arduinobot_ws/src/arduinobot_remote/src/task_server.cpp:358:5:[m[K [01;31m[Kerror: [m[Ktemplate argument 1 is invalid
[2.972s]   358 |     [01;31m[KRCLCPP_INFO[m[K(get_logger(), "Received request to cancel goal");
[2.972s]       |     [01;31m[K^~~~~~~~~~~[m[K
[2.976s] [01m[K/home/jashwanth/arduinobot_ws/src/arduinobot_remote/src/task_server.cpp:359:8:[m[K [01;31m[Kerror: [m[Kâ€˜[01m[Karm_move_group_[m[Kâ€™ was not declared in this scope
[2.976s]   359 |     if([01;31m[Karm_move_group_[m[K){
[2.976s]       |        [01;31m[K^~~~~~~~~~~~~~~[m[K
[2.981s] [01m[K/home/jashwanth/arduinobot_ws/src/arduinobot_remote/src/task_server.cpp:362:8:[m[K [01;31m[Kerror: [m[Kâ€˜[01m[Kgripper_move_group_[m[Kâ€™ was not declared in this scope
[2.981s]   362 |     if([01;31m[Kgripper_move_group_[m[K){
[2.981s]       |        [01;31m[K^~~~~~~~~~~~~~~~~~~[m[K
[2.982s] [01m[K/home/jashwanth/arduinobot_ws/src/arduinobot_remote/src/task_server.cpp:[m[K In function â€˜[01m[Kvoid[01;32m[K acceptedCallback[m[K(std::shared_ptr<rclcpp_action::ServerGoalHandle<arduinobot_msgs::action::ArduinobotTask> >)[m[Kâ€™:
[2.982s] [01m[K/home/jashwanth/arduinobot_ws/src/arduinobot_remote/src/task_server.cpp:372:29:[m[K [01;31m[Kerror: [m[Kâ€˜[01m[KTaskServer[m[Kâ€™ was not declared in this scope; did you mean â€˜[01m[Karduinobot_remote::TaskServer[m[Kâ€™?
[2.982s]   372 |     std::thread{ std::bind(&[01;31m[KTaskServer[m[K::execute, this, _1), goal_handle }.detach();
[2.982s]       |                             [01;31m[K^~~~~~~~~~[m[K
[2.982s]       |                             [32m[Karduinobot_remote::TaskServer[m[K
[2.982s] [01m[K/home/jashwanth/arduinobot_ws/src/arduinobot_remote/src/task_server.cpp:19:7:[m[K [01;36m[Knote: [m[Kâ€˜[01m[Karduinobot_remote::TaskServer[m[Kâ€™ declared here
[2.982s]    19 | class [01;36m[KTaskServer[m[K : public rclcpp::Node
[2.982s]       |       [01;36m[K^~~~~~~~~~[m[K
[2.982s] [01m[K/home/jashwanth/arduinobot_ws/src/arduinobot_remote/src/task_server.cpp:372:50:[m[K [01;31m[Kerror: [m[Kinvalid use of â€˜[01m[Kthis[m[Kâ€™ in non-member function
[2.982s]   372 |     std::thread{ std::bind(&TaskServer::execute, [01;31m[Kthis[m[K, _1), goal_handle }.detach();
[2.982s]       |                                                  [01;31m[K^~~~[m[K
[2.982s] [01m[K/home/jashwanth/arduinobot_ws/src/arduinobot_remote/src/task_server.cpp:372:73:[m[K [01;31m[Kerror: [m[Kno matching function for call to â€˜[01m[Kstd::thread::thread(<brace-enclosed initializer list>)[m[Kâ€™
[2.982s]   372 |     std::thread{ std::bind(&TaskServer::execute, this, _1), goal_handle [01;31m[K}[m[K.detach();
[2.982s]       |                                                                         [01;31m[K^[m[K
[2.982s] In file included from [01m[K/usr/include/c++/13/future:51[m[K,
[2.982s]                  from [01m[K/opt/ros/jazzy/include/rclcpp/rclcpp/executors.hpp:18[m[K,
[2.982s]                  from [01m[K/opt/ros/jazzy/include/rclcpp/rclcpp/rclcpp.hpp:172[m[K:
[2.982s] [01m[K/usr/include/c++/13/bits/std_thread.h:154:7:[m[K [01;36m[Knote: [m[Kcandidate: â€˜[01m[Ktemplate<class _Callable, class ... _Args, class> std::thread::[01;32m[Kthread[m[K(_Callable&&, _Args&& ...)[m[Kâ€™
[2.983s]   154 |       [01;36m[Kthread[m[K(_Callable&& __f, _Args&&... __args)
[2.983s]       |       [01;36m[K^~~~~~[m[K
[2.983s] [01m[K/usr/include/c++/13/bits/std_thread.h:154:7:[m[K [01;36m[Knote: [m[K  template argument deduction/substitution failed:
[2.983s] [01m[K/usr/include/c++/13/bits/std_thread.h:178:5:[m[K [01;36m[Knote: [m[Kcandidate: â€˜[01m[Kstd::thread::[01;32m[Kthread[m[K(std::thread&&)[m[Kâ€™
[2.983s]   178 |     [01;36m[Kthread[m[K(thread&& __t) noexcept
[2.983s]       |     [01;36m[K^~~~~~[m[K
[2.983s] [01m[K/usr/include/c++/13/bits/std_thread.h:178:5:[m[K [01;36m[Knote: [m[K  candidate expects 1 argument, 2 provided
[2.983s] [01m[K/usr/include/c++/13/bits/std_thread.h:132:5:[m[K [01;36m[Knote: [m[Kcandidate: â€˜[01m[Kstd::thread::[01;32m[Kthread[m[K()[m[Kâ€™
[2.983s]   132 |     [01;36m[Kthread[m[K() noexcept = default;
[2.983s]       |     [01;36m[K^~~~~~[m[K
[2.983s] [01m[K/usr/include/c++/13/bits/std_thread.h:132:5:[m[K [01;36m[Knote: [m[K  candidate expects 0 arguments, 2 provided
[2.983s] [01m[K/home/jashwanth/arduinobot_ws/src/arduinobot_remote/src/task_server.cpp:[m[K In function â€˜[01m[Kvoid[01;32m[K execute[m[K(std::shared_ptr<rclcpp_action::ServerGoalHandle<arduinobot_msgs::action::ArduinobotTask> >)[m[Kâ€™:
[2.983s] [01m[K/home/jashwanth/arduinobot_ws/src/arduinobot_remote/src/task_server.cpp:377:17:[m[K [01;31m[Kerror: [m[Kâ€˜[01m[Kget_logger[m[Kâ€™ was not declared in this scope; did you mean â€˜[01m[Krclcpp::get_logger[m[Kâ€™?
[2.983s]   377 |     RCLCPP_INFO([01;31m[Kget_logger[m[K(), "Executing goal");
[2.983s]       |                 [01;31m[K^~~~~~~~~~[m[K
[2.983s] [01m[K/opt/ros/jazzy/include/rclcpp/rclcpp/logger.hpp:107:17:[m[K [01;36m[Knote: [m[Kâ€˜[01m[Krclcpp::get_logger[m[Kâ€™ declared here
[2.983s]   107 |   friend Logger [01;36m[Krclcpp[m[K::get_logger(const std::string & name);
[2.983s]       |                 [01;36m[K^~~~~~[m[K
[2.983s] [01m[K/home/jashwanth/arduinobot_ws/src/arduinobot_remote/src/task_server.cpp:377:5:[m[K [01;31m[Kerror: [m[Ktemplate argument 1 is invalid
[2.983s]   377 |     [01;31m[KRCLCPP_INFO[m[K(get_logger(), "Executing goal");
[2.983s]       |     [01;31m[K^~~~~~~~~~~[m[K
[2.988s] [01m[K/home/jashwanth/arduinobot_ws/src/arduinobot_remote/src/task_server.cpp:381:9:[m[K [01;31m[Kerror: [m[Kâ€˜[01m[Karm_move_group_[m[Kâ€™ was not declared in this scope
[2.988s]   381 |     if(![01;31m[Karm_move_group_[m[K){
[2.988s]       |         [01;31m[K^~~~~~~~~~~~~~~[m[K
[2.993s] [01m[K/home/jashwanth/arduinobot_ws/src/arduinobot_remote/src/task_server.cpp:382:90:[m[K [01;31m[Kerror: [m[Kâ€˜[01m[Kshared_from_this[m[Kâ€™ was not declared in this scope
[2.993s]   382 |       arm_move_group_ = std::make_shared<moveit::planning_interface::MoveGroupInterface>([01;31m[Kshared_from_this[m[K(), "arm");
[2.993s]       |                                                                                          [01;31m[K^~~~~~~~~~~~~~~~[m[K
[2.998s] [01m[K/home/jashwanth/arduinobot_ws/src/arduinobot_remote/src/task_server.cpp:384:9:[m[K [01;31m[Kerror: [m[Kâ€˜[01m[Kgripper_move_group_[m[Kâ€™ was not declared in this scope
[2.998s]   384 |     if(![01;31m[Kgripper_move_group_[m[K){
[2.998s]       |         [01;31m[K^~~~~~~~~~~~~~~~~~~[m[K
[3.002s] [01m[K/home/jashwanth/arduinobot_ws/src/arduinobot_remote/src/task_server.cpp:385:94:[m[K [01;31m[Kerror: [m[Kâ€˜[01m[Kshared_from_this[m[Kâ€™ was not declared in this scope
[3.002s]   385 |       gripper_move_group_ = std::make_shared<moveit::planning_interface::MoveGroupInterface>([01;31m[Kshared_from_this[m[K(), "gripper");
[3.002s]       |                                                                                              [01;31m[K^~~~~~~~~~~~~~~~[m[K
[3.008s] [01m[K/home/jashwanth/arduinobot_ws/src/arduinobot_remote/src/task_server.cpp:390:7:[m[K [01;31m[Kerror: [m[Kâ€˜[01m[Karm_joint_goal_[m[Kâ€™ was not declared in this scope
[3.008s]   390 |       [01;31m[Karm_joint_goal_[m[K = {0.0, 0.0, 0.0};
[3.008s]       |       [01;31m[K^~~~~~~~~~~~~~~[m[K
[3.013s] [01m[K/home/jashwanth/arduinobot_ws/src/arduinobot_remote/src/task_server.cpp:391:7:[m[K [01;31m[Kerror: [m[Kâ€˜[01m[Kgripper_joint_goal_[m[Kâ€™ was not declared in this scope
[3.013s]   391 |       [01;31m[Kgripper_joint_goal_[m[K = {-0.7, 0.7};
[3.013s]       |       [01;31m[K^~~~~~~~~~~~~~~~~~~[m[K
[3.018s] [01m[K/home/jashwanth/arduinobot_ws/src/arduinobot_remote/src/task_server.cpp:395:7:[m[K [01;31m[Kerror: [m[Kâ€˜[01m[Karm_joint_goal_[m[Kâ€™ was not declared in this scope
[3.018s]   395 |       [01;31m[Karm_joint_goal_[m[K = {-1.14, -0.6, -0.07};
[3.018s]       |       [01;31m[K^~~~~~~~~~~~~~~[m[K
[3.023s] [01m[K/home/jashwanth/arduinobot_ws/src/arduinobot_remote/src/task_server.cpp:396:7:[m[K [01;31m[Kerror: [m[Kâ€˜[01m[Kgripper_joint_goal_[m[Kâ€™ was not declared in this scope
[3.023s]   396 |       [01;31m[Kgripper_joint_goal_[m[K = {0.0, 0.0};
[3.023s]       |       [01;31m[K^~~~~~~~~~~~~~~~~~~[m[K
[3.028s] [01m[K/home/jashwanth/arduinobot_ws/src/arduinobot_remote/src/task_server.cpp:400:7:[m[K [01;31m[Kerror: [m[Kâ€˜[01m[Karm_joint_goal_[m[Kâ€™ was not declared in this scope
[3.028s]   400 |       [01;31m[Karm_joint_goal_[m[K = {-1.57,0.0,-0.9};
[3.028s]       |       [01;31m[K^~~~~~~~~~~~~~~[m[K
[3.033s] [01m[K/home/jashwanth/arduinobot_ws/src/arduinobot_remote/src/task_server.cpp:401:7:[m[K [01;31m[Kerror: [m[Kâ€˜[01m[Kgripper_joint_goal_[m[Kâ€™ was not declared in this scope
[3.033s]   401 |       [01;31m[Kgripper_joint_goal_[m[K = {0.0, 0.0};
[3.033s]       |       [01;31m[K^~~~~~~~~~~~~~~~~~~[m[K
[3.033s] [01m[K/home/jashwanth/arduinobot_ws/src/arduinobot_remote/src/task_server.cpp:406:19:[m[K [01;31m[Kerror: [m[Kâ€˜[01m[Kget_logger[m[Kâ€™ was not declared in this scope; did you mean â€˜[01m[Krclcpp::get_logger[m[Kâ€™?
[3.034s]   406 |       RCLCPP_INFO([01;31m[Kget_logger[m[K(), "Entering scanning mode - performing 360-degree scan");
[3.034s]       |                   [01;31m[K^~~~~~~~~~[m[K
[3.034s] [01m[K/opt/ros/jazzy/include/rclcpp/rclcpp/logger.hpp:107:17:[m[K [01;36m[Knote: [m[Kâ€˜[01m[Krclcpp::get_logger[m[Kâ€™ declared here
[3.034s]   107 |   friend Logger [01;36m[Krclcpp[m[K::get_logger(const std::string & name);
[3.034s]       |                 [01;36m[K^~~~~~[m[K
[3.034s] [01m[K/home/jashwanth/arduinobot_ws/src/arduinobot_remote/src/task_server.cpp:406:7:[m[K [01;31m[Kerror: [m[Ktemplate argument 1 is invalid
[3.034s]   406 |       [01;31m[KRCLCPP_INFO[m[K(get_logger(), "Entering scanning mode - performing 360-degree scan");
[3.034s]       |       [01;31m[K^~~~~~~~~~~[m[K
[3.035s] [01m[K/home/jashwanth/arduinobot_ws/src/arduinobot_remote/src/task_server.cpp:410:19:[m[K [01;31m[Kerror: [m[Kâ€˜[01m[Kget_logger[m[Kâ€™ was not declared in this scope; did you mean â€˜[01m[Krclcpp::get_logger[m[Kâ€™?
[3.035s]   410 |       RCLCPP_INFO([01;31m[Kget_logger[m[K(), "Scanning completed");
[3.035s]       |                   [01;31m[K^~~~~~~~~~[m[K
[3.035s] [01m[K/opt/ros/jazzy/include/rclcpp/rclcpp/logger.hpp:107:17:[m[K [01;36m[Knote: [m[Kâ€˜[01m[Krclcpp::get_logger[m[Kâ€™ declared here
[3.035s]   107 |   friend Logger [01;36m[Krclcpp[m[K::get_logger(const std::string & name);
[3.035s]       |                 [01;36m[K^~~~~~[m[K
[3.035s] [01m[K/home/jashwanth/arduinobot_ws/src/arduinobot_remote/src/task_server.cpp:410:7:[m[K [01;31m[Kerror: [m[Ktemplate argument 1 is invalid
[3.035s]   410 |       [01;31m[KRCLCPP_INFO[m[K(get_logger(), "Scanning completed");
[3.035s]       |       [01;31m[K^~~~~~~~~~~[m[K
[3.035s] [01m[K/home/jashwanth/arduinobot_ws/src/arduinobot_remote/src/task_server.cpp:416:19:[m[K [01;31m[Kerror: [m[Kâ€˜[01m[Kget_logger[m[Kâ€™ was not declared in this scope; did you mean â€˜[01m[Krclcpp::get_logger[m[Kâ€™?
[3.035s]   416 |       RCLCPP_INFO([01;31m[Kget_logger[m[K(), "Picking detected object");
[3.035s]       |                   [01;31m[K^~~~~~~~~~[m[K
[3.035s] [01m[K/opt/ros/jazzy/include/rclcpp/rclcpp/logger.hpp:107:17:[m[K [01;36m[Knote: [m[Kâ€˜[01m[Krclcpp::get_logger[m[Kâ€™ declared here
[3.035s]   107 |   friend Logger [01;36m[Krclcpp[m[K::get_logger(const std::string & name);
[3.035s]       |                 [01;36m[K^~~~~~[m[K
[3.035s] [01m[K/home/jashwanth/arduinobot_ws/src/arduinobot_remote/src/task_server.cpp:416:7:[m[K [01;31m[Kerror: [m[Ktemplate argument 1 is invalid
[3.035s]   416 |       [01;31m[KRCLCPP_INFO[m[K(get_logger(), "Picking detected object");
[3.035s]       |       [01;31m[K^~~~~~~~~~~[m[K
[3.040s] [01m[K/home/jashwanth/arduinobot_ws/src/arduinobot_remote/src/task_server.cpp:417:7:[m[K [01;31m[Kerror: [m[Kâ€˜[01m[Karm_joint_goal_[m[Kâ€™ was not declared in this scope
[3.040s]   417 |       [01;31m[Karm_joint_goal_[m[K = {-0.8, -0.4, -0.05};  // Less aggressive, higher position
[3.040s]       |       [01;31m[K^~~~~~~~~~~~~~~[m[K
[3.045s] [01m[K/home/jashwanth/arduinobot_ws/src/arduinobot_remote/src/task_server.cpp:418:7:[m[K [01;31m[Kerror: [m[Kâ€˜[01m[Kgripper_joint_goal_[m[Kâ€™ was not declared in this scope
[3.045s]   418 |       [01;31m[Kgripper_joint_goal_[m[K = {0.0, 0.0};
[3.045s]       |       [01;31m[K^~~~~~~~~~~~~~~~~~~[m[K
[3.046s] [01m[K/home/jashwanth/arduinobot_ws/src/arduinobot_remote/src/task_server.cpp:423:19:[m[K [01;31m[Kerror: [m[Kâ€˜[01m[Kget_logger[m[Kâ€™ was not declared in this scope; did you mean â€˜[01m[Krclcpp::get_logger[m[Kâ€™?
[3.046s]   423 |       RCLCPP_INFO([01;31m[Kget_logger[m[K(), "Placing object in drop zone");
[3.046s]       |                   [01;31m[K^~~~~~~~~~[m[K
[3.046s] [01m[K/opt/ros/jazzy/include/rclcpp/rclcpp/logger.hpp:107:17:[m[K [01;36m[Knote: [m[Kâ€˜[01m[Krclcpp::get_logger[m[Kâ€™ declared here
[3.046s]   107 |   friend Logger [01;36m[Krclcpp[m[K::get_logger(const std::string & name);
[3.046s]       |                 [01;36m[K^~~~~~[m[K
[3.046s] [01m[K/home/jashwanth/arduinobot_ws/src/arduinobot_remote/src/task_server.cpp:423:7:[m[K [01;31m[Kerror: [m[Ktemplate argument 1 is invalid
[3.046s]   423 |       [01;31m[KRCLCPP_INFO[m[K(get_logger(), "Placing object in drop zone");
[3.046s]       |       [01;31m[K^~~~~~~~~~~[m[K
[3.051s] [01m[K/home/jashwanth/arduinobot_ws/src/arduinobot_remote/src/task_server.cpp:424:7:[m[K [01;31m[Kerror: [m[Kâ€˜[01m[Karm_joint_goal_[m[Kâ€™ was not declared in this scope
[3.051s]   424 |       [01;31m[Karm_joint_goal_[m[K = {-0.6, -0.3, -0.1};  // More conservative approach
[3.051s]       |       [01;31m[K^~~~~~~~~~~~~~~[m[K
[3.056s] [01m[K/home/jashwanth/arduinobot_ws/src/arduinobot_remote/src/task_server.cpp:425:7:[m[K [01;31m[Kerror: [m[Kâ€˜[01m[Kgripper_joint_goal_[m[Kâ€™ was not declared in this scope
[3.056s]   425 |       [01;31m[Kgripper_joint_goal_[m[K = {-0.7, 0.7};
[3.056s]       |       [01;31m[K^~~~~~~~~~~~~~~~~~~[m[K
[3.057s] [01m[K/home/jashwanth/arduinobot_ws/src/arduinobot_remote/src/task_server.cpp:430:19:[m[K [01;31m[Kerror: [m[Kâ€˜[01m[Kget_logger[m[Kâ€™ was not declared in this scope; did you mean â€˜[01m[Krclcpp::get_logger[m[Kâ€™?
[3.057s]   430 |       RCLCPP_INFO([01;31m[Kget_logger[m[K(), "Test scanning position");
[3.057s]       |                   [01;31m[K^~~~~~~~~~[m[K
[3.057s] [01m[K/opt/ros/jazzy/include/rclcpp/rclcpp/logger.hpp:107:17:[m[K [01;36m[Knote: [m[Kâ€˜[01m[Krclcpp::get_logger[m[Kâ€™ declared here
[3.057s]   107 |   friend Logger [01;36m[Krclcpp[m[K::get_logger(const std::string & name);
[3.057s]       |                 [01;36m[K^~~~~~[m[K
[3.057s] [01m[K/home/jashwanth/arduinobot_ws/src/arduinobot_remote/src/task_server.cpp:430:7:[m[K [01;31m[Kerror: [m[Ktemplate argument 1 is invalid
[3.057s]   430 |       [01;31m[KRCLCPP_INFO[m[K(get_logger(), "Test scanning position");
[3.057s]       |       [01;31m[K^~~~~~~~~~~[m[K
[3.061s] [01m[K/home/jashwanth/arduinobot_ws/src/arduinobot_remote/src/task_server.cpp:431:7:[m[K [01;31m[Kerror: [m[Kâ€˜[01m[Karm_joint_goal_[m[Kâ€™ was not declared in this scope
[3.061s]   431 |       [01;31m[Karm_joint_goal_[m[K = {0.0, 0.5, -1.0};  // Base straight, shoulder back, elbow down
[3.061s]       |       [01;31m[K^~~~~~~~~~~~~~~[m[K
[3.067s] [01m[K/home/jashwanth/arduinobot_ws/src/arduinobot_remote/src/task_server.cpp:432:7:[m[K [01;31m[Kerror: [m[Kâ€˜[01m[Kgripper_joint_goal_[m[Kâ€™ was not declared in this scope
[3.067s]   432 |       [01;31m[Kgripper_joint_goal_[m[K = {-0.7, 0.7};
[3.067s]       |       [01;31m[K^~~~~~~~~~~~~~~~~~~[m[K
[3.067s] [01m[K/home/jashwanth/arduinobot_ws/src/arduinobot_remote/src/task_server.cpp:437:19:[m[K [01;31m[Kerror: [m[Kâ€˜[01m[Kget_logger[m[Kâ€™ was not declared in this scope; did you mean â€˜[01m[Krclcpp::get_logger[m[Kâ€™?
[3.067s]   437 |       RCLCPP_INFO([01;31m[Kget_logger[m[K(), "Scanning for RED objects only");
[3.067s]       |                   [01;31m[K^~~~~~~~~~[m[K
[3.067s] [01m[K/opt/ros/jazzy/include/rclcpp/rclcpp/logger.hpp:107:17:[m[K [01;36m[Knote: [m[Kâ€˜[01m[Krclcpp::get_logger[m[Kâ€™ declared here
[3.067s]   107 |   friend Logger [01;36m[Krclcpp[m[K::get_logger(const std::string & name);
[3.067s]       |                 [01;36m[K^~~~~~[m[K
[3.067s] [01m[K/home/jashwanth/arduinobot_ws/src/arduinobot_remote/src/task_server.cpp:437:7:[m[K [01;31m[Kerror: [m[Ktemplate argument 1 is invalid
[3.067s]   437 |       [01;31m[KRCLCPP_INFO[m[K(get_logger(), "Scanning for RED objects only");
[3.067s]       |       [01;31m[K^~~~~~~~~~~[m[K
[3.071s] [01m[K/home/jashwanth/arduinobot_ws/src/arduinobot_remote/src/task_server.cpp:438:7:[m[K [01;31m[Kerror: [m[Kâ€˜[01m[KsetTargetColor[m[Kâ€™ was not declared in this scope
[3.071s]   438 |       [01;31m[KsetTargetColor[m[K("red");
[3.071s]       |       [01;31m[K^~~~~~~~~~~~~~[m[K
[3.072s] [01m[K/home/jashwanth/arduinobot_ws/src/arduinobot_remote/src/task_server.cpp:442:19:[m[K [01;31m[Kerror: [m[Kâ€˜[01m[Kget_logger[m[Kâ€™ was not declared in this scope; did you mean â€˜[01m[Krclcpp::get_logger[m[Kâ€™?
[3.072s]   442 |       RCLCPP_INFO([01;31m[Kget_logger[m[K(), "RED object scanning completed");
[3.072s]       |                   [01;31m[K^~~~~~~~~~[m[K
[3.072s] [01m[K/opt/ros/jazzy/include/rclcpp/rclcpp/logger.hpp:107:17:[m[K [01;36m[Knote: [m[Kâ€˜[01m[Krclcpp::get_logger[m[Kâ€™ declared here
[3.072s]   107 |   friend Logger [01;36m[Krclcpp[m[K::get_logger(const std::string & name);
[3.072s]       |                 [01;36m[K^~~~~~[m[K
[3.072s] [01m[K/home/jashwanth/arduinobot_ws/src/arduinobot_remote/src/task_server.cpp:442:7:[m[K [01;31m[Kerror: [m[Ktemplate argument 1 is invalid
[3.072s]   442 |       [01;31m[KRCLCPP_INFO[m[K(get_logger(), "RED object scanning completed");
[3.072s]       |       [01;31m[K^~~~~~~~~~~[m[K
[3.072s] [01m[K/home/jashwanth/arduinobot_ws/src/arduinobot_remote/src/task_server.cpp:448:19:[m[K [01;31m[Kerror: [m[Kâ€˜[01m[Kget_logger[m[Kâ€™ was not declared in this scope; did you mean â€˜[01m[Krclcpp::get_logger[m[Kâ€™?
[3.072s]   448 |       RCLCPP_INFO([01;31m[Kget_logger[m[K(), "Scanning for BLUE objects only");
[3.072s]       |                   [01;31m[K^~~~~~~~~~[m[K
[3.072s] [01m[K/opt/ros/jazzy/include/rclcpp/rclcpp/logger.hpp:107:17:[m[K [01;36m[Knote: [m[Kâ€˜[01m[Krclcpp::get_logger[m[Kâ€™ declared here
[3.072s]   107 |   friend Logger [01;36m[Krclcpp[m[K::get_logger(const std::string & name);
[3.072s]       |                 [01;36m[K^~~~~~[m[K
[3.072s] [01m[K/home/jashwanth/arduinobot_ws/src/arduinobot_remote/src/task_server.cpp:448:7:[m[K [01;31m[Kerror: [m[Ktemplate argument 1 is invalid
[3.072s]   448 |       [01;31m[KRCLCPP_INFO[m[K(get_logger(), "Scanning for BLUE objects only");
[3.072s]       |       [01;31m[K^~~~~~~~~~~[m[K
[3.076s] [01m[K/home/jashwanth/arduinobot_ws/src/arduinobot_remote/src/task_server.cpp:449:7:[m[K [01;31m[Kerror: [m[Kâ€˜[01m[KsetTargetColor[m[Kâ€™ was not declared in this scope
[3.076s]   449 |       [01;31m[KsetTargetColor[m[K("blue");
[3.076s]       |       [01;31m[K^~~~~~~~~~~~~~[m[K
[3.077s] [01m[K/home/jashwanth/arduinobot_ws/src/arduinobot_remote/src/task_server.cpp:453:19:[m[K [01;31m[Kerror: [m[Kâ€˜[01m[Kget_logger[m[Kâ€™ was not declared in this scope; did you mean â€˜[01m[Krclcpp::get_logger[m[Kâ€™?
[3.077s]   453 |       RCLCPP_INFO([01;31m[Kget_logger[m[K(), "BLUE object scanning completed");
[3.077s]       |                   [01;31m[K^~~~~~~~~~[m[K
[3.077s] [01m[K/opt/ros/jazzy/include/rclcpp/rclcpp/logger.hpp:107:17:[m[K [01;36m[Knote: [m[Kâ€˜[01m[Krclcpp::get_logger[m[Kâ€™ declared here
[3.077s]   107 |   friend Logger [01;36m[Krclcpp[m[K::get_logger(const std::string & name);
[3.077s]       |                 [01;36m[K^~~~~~[m[K
[3.077s] [01m[K/home/jashwanth/arduinobot_ws/src/arduinobot_remote/src/task_server.cpp:453:7:[m[K [01;31m[Kerror: [m[Ktemplate argument 1 is invalid
[3.077s]   453 |       [01;31m[KRCLCPP_INFO[m[K(get_logger(), "BLUE object scanning completed");
[3.077s]       |       [01;31m[K^~~~~~~~~~~[m[K
[3.077s] [01m[K/home/jashwanth/arduinobot_ws/src/arduinobot_remote/src/task_server.cpp:459:19:[m[K [01;31m[Kerror: [m[Kâ€˜[01m[Kget_logger[m[Kâ€™ was not declared in this scope; did you mean â€˜[01m[Krclcpp::get_logger[m[Kâ€™?
[3.077s]   459 |       RCLCPP_INFO([01;31m[Kget_logger[m[K(), "Scanning for GREEN objects only");
[3.077s]       |                   [01;31m[K^~~~~~~~~~[m[K
[3.077s] [01m[K/opt/ros/jazzy/include/rclcpp/rclcpp/logger.hpp:107:17:[m[K [01;36m[Knote: [m[Kâ€˜[01m[Krclcpp::get_logger[m[Kâ€™ declared here
[3.077s]   107 |   friend Logger [01;36m[Krclcpp[m[K::get_logger(const std::string & name);
[3.077s]       |                 [01;36m[K^~~~~~[m[K
[3.077s] [01m[K/home/jashwanth/arduinobot_ws/src/arduinobot_remote/src/task_server.cpp:459:7:[m[K [01;31m[Kerror: [m[Ktemplate argument 1 is invalid
[3.077s]   459 |       [01;31m[KRCLCPP_INFO[m[K(get_logger(), "Scanning for GREEN objects only");
[3.077s]       |       [01;31m[K^~~~~~~~~~~[m[K
[3.081s] [01m[K/home/jashwanth/arduinobot_ws/src/arduinobot_remote/src/task_server.cpp:460:7:[m[K [01;31m[Kerror: [m[Kâ€˜[01m[KsetTargetColor[m[Kâ€™ was not declared in this scope
[3.081s]   460 |       [01;31m[KsetTargetColor[m[K("green");
[3.081s]       |       [01;31m[K^~~~~~~~~~~~~~[m[K
[3.082s] [01m[K/home/jashwanth/arduinobot_ws/src/arduinobot_remote/src/task_server.cpp:464:19:[m[K [01;31m[Kerror: [m[Kâ€˜[01m[Kget_logger[m[Kâ€™ was not declared in this scope; did you mean â€˜[01m[Krclcpp::get_logger[m[Kâ€™?
[3.082s]   464 |       RCLCPP_INFO([01;31m[Kget_logger[m[K(), "GREEN object scanning completed");
[3.082s]       |                   [01;31m[K^~~~~~~~~~[m[K
[3.082s] [01m[K/opt/ros/jazzy/include/rclcpp/rclcpp/logger.hpp:107:17:[m[K [01;36m[Knote: [m[Kâ€˜[01m[Krclcpp::get_logger[m[Kâ€™ declared here
[3.082s]   107 |   friend Logger [01;36m[Krclcpp[m[K::get_logger(const std::string & name);
[3.082s]       |                 [01;36m[K^~~~~~[m[K
[3.082s] [01m[K/home/jashwanth/arduinobot_ws/src/arduinobot_remote/src/task_server.cpp:464:7:[m[K [01;31m[Kerror: [m[Ktemplate argument 1 is invalid
[3.082s]   464 |       [01;31m[KRCLCPP_INFO[m[K(get_logger(), "GREEN object scanning completed");
[3.082s]       |       [01;31m[K^~~~~~~~~~~[m[K
[3.082s] [01m[K/home/jashwanth/arduinobot_ws/src/arduinobot_remote/src/task_server.cpp:469:20:[m[K [01;31m[Kerror: [m[Kâ€˜[01m[Kget_logger[m[Kâ€™ was not declared in this scope; did you mean â€˜[01m[Krclcpp::get_logger[m[Kâ€™?
[3.082s]   469 |       RCLCPP_ERROR([01;31m[Kget_logger[m[K(), "Invalid Task Number");
[3.082s]       |                    [01;31m[K^~~~~~~~~~[m[K
[3.082s] [01m[K/opt/ros/jazzy/include/rclcpp/rclcpp/logger.hpp:107:17:[m[K [01;36m[Knote: [m[Kâ€˜[01m[Krclcpp::get_logger[m[Kâ€™ declared here
[3.082s]   107 |   friend Logger [01;36m[Krclcpp[m[K::get_logger(const std::string & name);
[3.082s]       |                 [01;36m[K^~~~~~[m[K
[3.082s] [01m[K/home/jashwanth/arduinobot_ws/src/arduinobot_remote/src/task_server.cpp:469:7:[m[K [01;31m[Kerror: [m[Ktemplate argument 1 is invalid
[3.082s]   469 |       [01;31m[KRCLCPP_ERROR[m[K(get_logger(), "Invalid Task Number");
[3.082s]       |       [01;31m[K^~~~~~~~~~~~[m[K
[3.086s] [01m[K/home/jashwanth/arduinobot_ws/src/arduinobot_remote/src/task_server.cpp:473:5:[m[K [01;31m[Kerror: [m[Kâ€˜[01m[Karm_move_group_[m[Kâ€™ was not declared in this scope
[3.086s]   473 |     [01;31m[Karm_move_group_[m[K->setStartState(*arm_move_group_->getCurrentState());
[3.086s]       |     [01;31m[K^~~~~~~~~~~~~~~[m[K
[3.092s] [01m[K/home/jashwanth/arduinobot_ws/src/arduinobot_remote/src/task_server.cpp:474:5:[m[K [01;31m[Kerror: [m[Kâ€˜[01m[Kgripper_move_group_[m[Kâ€™ was not declared in this scope
[3.092s]   474 |     [01;31m[Kgripper_move_group_[m[K->setStartState(*gripper_move_group_->getCurrentState());
[3.092s]       |     [01;31m[K^~~~~~~~~~~~~~~~~~~[m[K
[3.096s] [01m[K/home/jashwanth/arduinobot_ws/src/arduinobot_remote/src/task_server.cpp:476:67:[m[K [01;31m[Kerror: [m[Kâ€˜[01m[Karm_joint_goal_[m[Kâ€™ was not declared in this scope
[3.096s]   476 |     bool arm_within_bounds = arm_move_group_->setJointValueTarget([01;31m[Karm_joint_goal_[m[K);
[3.096s]       |                                                                   [01;31m[K^~~~~~~~~~~~~~~[m[K
[3.101s] [01m[K/home/jashwanth/arduinobot_ws/src/arduinobot_remote/src/task_server.cpp:477:75:[m[K [01;31m[Kerror: [m[Kâ€˜[01m[Kgripper_joint_goal_[m[Kâ€™ was not declared in this scope
[3.101s]   477 |     bool gripper_within_bounds = gripper_move_group_->setJointValueTarget([01;31m[Kgripper_joint_goal_[m[K);
[3.101s]       |                                                                           [01;31m[K^~~~~~~~~~~~~~~~~~~[m[K
[3.102s] [01m[K/home/jashwanth/arduinobot_ws/src/arduinobot_remote/src/task_server.cpp:480:19:[m[K [01;31m[Kerror: [m[Kâ€˜[01m[Kget_logger[m[Kâ€™ was not declared in this scope; did you mean â€˜[01m[Krclcpp::get_logger[m[Kâ€™?
[3.102s]   480 |       RCLCPP_WARN([01;31m[Kget_logger[m[K(),
[3.102s]       |                   [01;31m[K^~~~~~~~~~[m[K
[3.102s] [01m[K/opt/ros/jazzy/include/rclcpp/rclcpp/logger.hpp:107:17:[m[K [01;36m[Knote: [m[Kâ€˜[01m[Krclcpp::get_logger[m[Kâ€™ declared here
[3.102s]   107 |   friend Logger [01;36m[Krclcpp[m[K::get_logger(const std::string & name);
[3.102s]       |                 [01;36m[K^~~~~~[m[K
[3.102s] [01m[K/home/jashwanth/arduinobot_ws/src/arduinobot_remote/src/task_server.cpp:480:7:[m[K [01;31m[Kerror: [m[Ktemplate argument 1 is invalid
[3.102s]   480 |       [01;31m[KRCLCPP_WARN[m[K(get_logger(),
[3.102s]       |       [01;31m[K^~~~~~~~~~~[m[K
[3.102s] [01m[K/home/jashwanth/arduinobot_ws/src/arduinobot_remote/src/task_server.cpp:492:19:[m[K [01;31m[Kerror: [m[Kâ€˜[01m[Kget_logger[m[Kâ€™ was not declared in this scope; did you mean â€˜[01m[Krclcpp::get_logger[m[Kâ€™?
[3.102s]   492 |       RCLCPP_INFO([01;31m[Kget_logger[m[K(), "Planner SUCCEED, moving the arme and the gripper");
[3.102s]       |                   [01;31m[K^~~~~~~~~~[m[K
[3.102s] [01m[K/opt/ros/jazzy/include/rclcpp/rclcpp/logger.hpp:107:17:[m[K [01;36m[Knote: [m[Kâ€˜[01m[Krclcpp::get_logger[m[Kâ€™ declared here
[3.102s]   107 |   friend Logger [01;36m[Krclcpp[m[K::get_logger(const std::string & name);
[3.102s]       |                 [01;36m[K^~~~~~[m[K
[3.102s] [01m[K/home/jashwanth/arduinobot_ws/src/arduinobot_remote/src/task_server.cpp:492:7:[m[K [01;31m[Kerror: [m[Ktemplate argument 1 is invalid
[3.103s]   492 |       [01;31m[KRCLCPP_INFO[m[K(get_logger(), "Planner SUCCEED, moving the arme and the gripper");
[3.103s]       |       [01;31m[K^~~~~~~~~~~[m[K
[3.103s] [01m[K/home/jashwanth/arduinobot_ws/src/arduinobot_remote/src/task_server.cpp:498:20:[m[K [01;31m[Kerror: [m[Kâ€˜[01m[Kget_logger[m[Kâ€™ was not declared in this scope; did you mean â€˜[01m[Krclcpp::get_logger[m[Kâ€™?
[3.103s]   498 |       RCLCPP_ERROR([01;31m[Kget_logger[m[K(), "One or more planners failed!");
[3.103s]       |                    [01;31m[K^~~~~~~~~~[m[K
[3.103s] [01m[K/opt/ros/jazzy/include/rclcpp/rclcpp/logger.hpp:107:17:[m[K [01;36m[Knote: [m[Kâ€˜[01m[Krclcpp::get_logger[m[Kâ€™ declared here
[3.103s]   107 |   friend Logger [01;36m[Krclcpp[m[K::get_logger(const std::string & name);
[3.103s]       |                 [01;36m[K^~~~~~[m[K
[3.103s] [01m[K/home/jashwanth/arduinobot_ws/src/arduinobot_remote/src/task_server.cpp:498:7:[m[K [01;31m[Kerror: [m[Ktemplate argument 1 is invalid
[3.103s]   498 |       [01;31m[KRCLCPP_ERROR[m[K(get_logger(), "One or more planners failed!");
[3.103s]       |       [01;31m[K^~~~~~~~~~~~[m[K
[3.103s] [01m[K/home/jashwanth/arduinobot_ws/src/arduinobot_remote/src/task_server.cpp:504:17:[m[K [01;31m[Kerror: [m[Kâ€˜[01m[Kget_logger[m[Kâ€™ was not declared in this scope; did you mean â€˜[01m[Krclcpp::get_logger[m[Kâ€™?
[3.103s]   504 |     RCLCPP_INFO([01;31m[Kget_logger[m[K(), "Goal succeeded");
[3.103s]       |                 [01;31m[K^~~~~~~~~~[m[K
[3.103s] [01m[K/opt/ros/jazzy/include/rclcpp/rclcpp/logger.hpp:107:17:[m[K [01;36m[Knote: [m[Kâ€˜[01m[Krclcpp::get_logger[m[Kâ€™ declared here
[3.103s]   107 |   friend Logger [01;36m[Krclcpp[m[K::get_logger(const std::string & name);
[3.103s]       |                 [01;36m[K^~~~~~[m[K
[3.103s] [01m[K/home/jashwanth/arduinobot_ws/src/arduinobot_remote/src/task_server.cpp:504:5:[m[K [01;31m[Kerror: [m[Ktemplate argument 1 is invalid
[3.103s]   504 |     [01;31m[KRCLCPP_INFO[m[K(get_logger(), "Goal succeeded");
[3.103s]       |     [01;31m[K^~~~~~~~~~~[m[K
[3.104s] [01m[K/home/jashwanth/arduinobot_ws/src/arduinobot_remote/src/task_server.cpp:[m[K At global scope:
[3.104s] [01m[K/home/jashwanth/arduinobot_ws/src/arduinobot_remote/src/task_server.cpp:506:1:[m[K [01;31m[Kerror: [m[Kexpected declaration before â€˜[01m[K}[m[Kâ€™ token
[3.104s]   506 | [01;31m[K}[m[K;
[3.104s]       | [01;31m[K^[m[K
[3.104s] [01m[K/home/jashwanth/arduinobot_ws/src/arduinobot_remote/src/task_server.cpp:507:1:[m[K [01;31m[Kerror: [m[Kexpected declaration before â€˜[01m[K}[m[Kâ€™ token
[3.104s]   507 | [01;31m[K}[m[K  // namespace arduinobot_remote
[3.104s]       | [01;31m[K^[m[K
[5.613s] gmake[2]: *** [CMakeFiles/task_server.dir/build.make:76: CMakeFiles/task_server.dir/src/task_server.cpp.o] Error 1
[5.613s] gmake[1]: *** [CMakeFiles/Makefile2:142: CMakeFiles/task_server.dir/all] Error 2
[5.613s] gmake: *** [Makefile:146: all] Error 2
[5.615s] Invoked command in '/home/jashwanth/arduinobot_ws/build/arduinobot_remote' returned '2': AMENT_PREFIX_PATH=/home/jashwanth/arduinobot_ws/install/arduinobot_moveit:/home/jashwanth/arduinobot_ws/install/arduinobot_msgs:/home/jashwanth/arduinobot_ws/install/arduinobot_description:${AMENT_PREFIX_PATH} CMAKE_PREFIX_PATH=/home/jashwanth/arduinobot_ws/install/arduinobot_moveit:/home/jashwanth/arduinobot_ws/install/arduinobot_msgs:/home/jashwanth/arduinobot_ws/install/arduinobot_description:/opt/ros/jazzy/opt/gz_launch_vendor:/opt/ros/jazzy/opt/gz_sim_vendor:/opt/ros/jazzy/opt/gz_sensors_vendor:/opt/ros/jazzy/opt/gz_physics_vendor:/opt/ros/jazzy/opt/sdformat_vendor:/opt/ros/jazzy/opt/gz_gui_vendor:/opt/ros/jazzy/opt/gz_transport_vendor:/opt/ros/jazzy/opt/gz_rendering_vendor:/opt/ros/jazzy/opt/gz_plugin_vendor:/opt/ros/jazzy/opt/gz_fuel_tools_vendor:/opt/ros/jazzy/opt/gz_msgs_vendor:/opt/ros/jazzy/opt/gz_common_vendor:/opt/ros/jazzy/opt/gz_math_vendor:/opt/ros/jazzy/opt/gz_utils_vendor:/opt/ros/jazzy/opt/gz_tools_vendor:/opt/ros/jazzy/opt/gz_ogre_next_vendor:/opt/ros/jazzy/opt/gz_dartsim_vendor:/opt/ros/jazzy/opt/gz_cmake_vendor:/opt/ros/jazzy DEBUGINFOD_URLS=https://debuginfod.ubuntu.com LD_LIBRARY_PATH=/home/jashwanth/arduinobot_ws/install/arduinobot_msgs/lib:${LD_LIBRARY_PATH} PYTHONPATH=/home/jashwanth/arduinobot_ws/install/arduinobot_msgs/lib/python3.12/site-packages:${PYTHONPATH} /usr/bin/cmake --build /home/jashwanth/arduinobot_ws/build/arduinobot_remote -- -j20 -l20
